<?xml version="1.0" encoding="UTF-8"?>
<!-- Generated by org.testng.reporters.JUnitReportReporter -->
<testsuite hostname="Desktop-22" failures="0" tests="1" name="Dashboard.Login_Logout_Test_Cases.TC_04_Verify_error_message_is_displayed_for_incorrect_password" time="6.751" errors="0" timestamp="2025-06-03T12:12:47 IST" skipped="0">
  <testcase classname="Dashboard.Login_Logout_Test_Cases.TC_04_Verify_error_message_is_displayed_for_incorrect_password" name="Verify_error_message_is_displayed_for_incorrect_password_SOFT_682_F3" time="6.751"/>
  <system-out/>
</testsuite> <!-- Dashboard.Login_Logout_Test_Cases.TC_04_Verify_error_message_is_displayed_for_incorrect_password -->
