<?xml version="1.0" encoding="UTF-8"?>
<!-- Generated by org.testng.reporters.JUnitReportReporter -->
<testsuite hostname="Desktop-307" failures="0" tests="1" name="Tims.Test_Cases.Verify_Barcode_Format" time="15.266" errors="0" timestamp="2025-03-03T19:07:02 IST" skipped="0">
  <testcase classname="Tims.Test_Cases.Verify_Barcode_Format" name="Verify_Barcode_format_SOFT_262_V2_Smoke" time="15.266"/>
  <system-out/>
</testsuite> <!-- Tims.Test_Cases.Verify_Barcode_Format -->
