<?xml version="1.0" encoding="UTF-8"?>
<!-- Generated by org.testng.reporters.JUnitReportReporter -->
<testsuite hostname="Desktop-307" failures="0" tests="1" name="Hcp.Test_Cases.Verify_Health_Professional_Login" time="8.965" errors="0" timestamp="2025-02-27T17:49:40 IST" skipped="0">
  <testcase classname="Hcp.Test_Cases.Verify_Health_Professional_Login" name="Hcp_Login" time="8.965"/>
  <system-out/>
</testsuite> <!-- Hcp.Test_Cases.Verify_Health_Professional_Login -->
