<?xml version="1.0" encoding="UTF-8"?>
<!-- Generated by org.testng.reporters.JUnitReportReporter -->
<testsuite hostname="DESKTOP-GCGD1P4" failures="0" tests="1" name="Dashboard.Customer_Landing_Test_Cases.TC_46_Verify_Pictorial_Scale_For_Biomarker_Report" time="180.066" errors="0" timestamp="2025-09-12T14:35:30 IST" skipped="0">
  <testcase classname="Dashboard.Customer_Landing_Test_Cases.TC_46_Verify_Pictorial_Scale_For_Biomarker_Report" name="TC_46_Verify_pictorial_scale_for_biomarker_report" time="180.066"/>
  <system-out/>
</testsuite> <!-- Dashboard.Customer_Landing_Test_Cases.TC_46_Verify_Pictorial_Scale_For_Biomarker_Report -->
