<?xml version="1.0" encoding="UTF-8"?>
<!-- Generated by org.testng.reporters.JUnitReportReporter -->
<testsuite hostname="Desktop-22" failures="0" tests="2" name="Dashboard.Health_Assessment_Test_Cases.TC_16_Verify_That_Selecting_Other_Check_Box_For_Medical_Conditions_Prompts_The_Customer_To_Add_Custom_Details" time="34.443" errors="0" timestamp="2025-06-09T15:59:43 IST" skipped="0">
  <testcase classname="Dashboard.Health_Assessment_Test_Cases.TC_16_Verify_That_Selecting_Other_Check_Box_For_Medical_Conditions_Prompts_The_Customer_To_Add_Custom_Details" name="TC_16_Verify_that_selecting_other_check_box_for_medical_conditions_prompts_the_customer_to_add_custom_details" time="31.404"/>
  <system-out/>
  <testcase classname="Dashboard.Health_Assessment_Test_Cases.TC_16_Verify_That_Selecting_Other_Check_Box_For_Medical_Conditions_Prompts_The_Customer_To_Add_Custom_Details" name="TC_16_Verify_that_selecting_other_check_box_for_medication_prompts_the_customer_to_add_custom_details" time="3.039"/>
  <system-out/>
</testsuite> <!-- Dashboard.Health_Assessment_Test_Cases.TC_16_Verify_That_Selecting_Other_Check_Box_For_Medical_Conditions_Prompts_The_Customer_To_Add_Custom_Details -->
