<?xml version="1.0" encoding="UTF-8"?>
<!-- Generated by org.testng.reporters.JUnitReportReporter -->
<testsuite hostname="Desktop-22" failures="0" tests="1" name="Dashboard.Health_Assessment_Test_Cases.TC_21_Verify_Submitting_Health_Assessment_Without_Filling_Any_Data_On_Every_Page" time="20.094" errors="0" timestamp="2025-06-11T17:48:17 IST" skipped="0">
  <testcase classname="Dashboard.Health_Assessment_Test_Cases.TC_21_Verify_Submitting_Health_Assessment_Without_Filling_Any_Data_On_Every_Page" name="TC_21_Verify_submitting_health_assessment_without_filling_any_data_on_every_page" time="20.094"/>
  <system-out/>
</testsuite> <!-- Dashboard.Health_Assessment_Test_Cases.TC_21_Verify_Submitting_Health_Assessment_Without_Filling_Any_Data_On_Every_Page -->
