<?xml version="1.0" encoding="UTF-8"?>
<!-- Generated by org.testng.reporters.JUnitReportReporter -->
<testsuite hostname="Desktop-307" failures="0" tests="1" name="Tims.Test_Cases.Verify_invalid_Inputs_for_Phleb_Account_Creation" time="18.483" errors="0" timestamp="2025-04-09T14:51:41 IST" skipped="0">
  <testcase classname="Tims.Test_Cases.Verify_invalid_Inputs_for_Phleb_Account_Creation" name="Verify_Error_Message_Display_for_Invalid_Inputs_SOFT_538_UI6" time="18.483"/>
  <system-out/>
</testsuite> <!-- Tims.Test_Cases.Verify_invalid_Inputs_for_Phleb_Account_Creation -->
