<?xml version="1.0" encoding="UTF-8"?>
<!-- Generated by org.testng.reporters.JUnitReportReporter -->
<testsuite hostname="DESKTOP-GCGD1P4" failures="0" tests="1" name="Tims.Partial_Report_SOFT_1405_Test_Cases.TC_15_Verify_Partial_Test_Report_Weight_Management_Test_For_FOL_Untestable_Clotted_Post_Analytical" time="82.815" errors="0" timestamp="2025-10-14T16:29:06 IST" skipped="0">
  <testcase classname="Tims.Partial_Report_SOFT_1405_Test_Cases.TC_15_Verify_Partial_Test_Report_Weight_Management_Test_For_FOL_Untestable_Clotted_Post_Analytical" name="TC_15_Verify_partial_test_report_weight_management_test_for_FOL_untestable_clotted_post_analytical" time="82.815"/>
  <system-out/>
</testsuite> <!-- Tims.Partial_Report_SOFT_1405_Test_Cases.TC_15_Verify_Partial_Test_Report_Weight_Management_Test_For_FOL_Untestable_Clotted_Post_Analytical -->
