<?xml version="1.0" encoding="UTF-8"?>
<!-- Generated by org.testng.reporters.JUnitReportReporter -->
<testsuite hostname="DESKTOP-GCGD1P4" failures="0" tests="1" name="Dashboard.Customer_Landing_Test_Cases.TC_26_Verify_That_The_Fill_Or_Edit_Assessment_Functionality_After_Result_Upload" time="110.918" errors="0" timestamp="2025-09-12T14:35:30 IST" skipped="0">
  <testcase classname="Dashboard.Customer_Landing_Test_Cases.TC_26_Verify_That_The_Fill_Or_Edit_Assessment_Functionality_After_Result_Upload" name="TC_26_Verify_that_the_fill_or_edit_assessment_functionality_after_result_upload" time="110.918"/>
  <system-out/>
</testsuite> <!-- Dashboard.Customer_Landing_Test_Cases.TC_26_Verify_That_The_Fill_Or_Edit_Assessment_Functionality_After_Result_Upload -->
