<?xml version="1.0" encoding="UTF-8"?>
<!-- Generated by org.testng.reporters.JUnitReportReporter -->
<testsuite hostname="DESKTOP-GCGD1P4" failures="0" tests="1" name="Dashboard.Reset_Password_Test_Cases.TC_09_Verify_Password_Reset_Functionality_With_Invalid_Email_Address" time="4.469" errors="0" timestamp="2025-09-12T14:35:30 IST" skipped="0">
  <testcase classname="Dashboard.Reset_Password_Test_Cases.TC_09_Verify_Password_Reset_Functionality_With_Invalid_Email_Address" name="TC_09_Verify_password_reset_functionality_with_invalid_Email_address" time="4.469"/>
  <system-out/>
</testsuite> <!-- Dashboard.Reset_Password_Test_Cases.TC_09_Verify_Password_Reset_Functionality_With_Invalid_Email_Address -->
