<?xml version="1.0" encoding="UTF-8"?>
<!-- Generated by org.testng.reporters.JUnitReportReporter -->
<testsuite hostname="DESKTOP-GCGD1P4" failures="0" tests="6" name="Dashboard.Health_Assessment_Test_Cases.TC_18_to_TC_23_Verify_Selecting_Yes_For_Smoking_And_Alcohol_Prompts_Additional_Options" time="32.075" errors="0" timestamp="2025-09-12T14:35:30 IST" skipped="0">
  <testcase classname="Dashboard.Health_Assessment_Test_Cases.TC_18_to_TC_23_Verify_Selecting_Yes_For_Smoking_And_Alcohol_Prompts_Additional_Options" name="TC_20_Verify_validation_on_conditional_fields" time="0.222"/>
  <system-out/>
  <testcase classname="Dashboard.Health_Assessment_Test_Cases.TC_18_to_TC_23_Verify_Selecting_Yes_For_Smoking_And_Alcohol_Prompts_Additional_Options" name="TC_22_Verify_that_selecting_Yes_for_medical_conditions_prompts_additional_options" time="2.634"/>
  <system-out/>
  <testcase classname="Dashboard.Health_Assessment_Test_Cases.TC_18_to_TC_23_Verify_Selecting_Yes_For_Smoking_And_Alcohol_Prompts_Additional_Options" name="TC_21_Verify_selecting_Yes_for_exercise_details_prompts_additional_options" time="1.095"/>
  <system-out/>
  <testcase classname="Dashboard.Health_Assessment_Test_Cases.TC_18_to_TC_23_Verify_Selecting_Yes_For_Smoking_And_Alcohol_Prompts_Additional_Options" name="TC_23_Verify_that_selecting_Yes_for_medications_prompts_the_customer_to_select_additional_options" time="1.809"/>
  <system-out/>
  <testcase classname="Dashboard.Health_Assessment_Test_Cases.TC_18_to_TC_23_Verify_Selecting_Yes_For_Smoking_And_Alcohol_Prompts_Additional_Options" name="TC_18_Verify_selecting_Yes_for_smoking_habits_prompts_additional_options" time="25.901"/>
  <system-out/>
  <testcase classname="Dashboard.Health_Assessment_Test_Cases.TC_18_to_TC_23_Verify_Selecting_Yes_For_Smoking_And_Alcohol_Prompts_Additional_Options" name="TC_19_Verify_selecting_Yes_for_alcohol_prompts_additional_options" time="0.414"/>
  <system-out/>
</testsuite> <!-- Dashboard.Health_Assessment_Test_Cases.TC_18_to_TC_23_Verify_Selecting_Yes_For_Smoking_And_Alcohol_Prompts_Additional_Options -->
