<?xml version="1.0" encoding="UTF-8"?>
<!-- Generated by org.testng.reporters.JUnitReportReporter -->
<testsuite hostname="DESKTOP-GCGD1P4" failures="0" tests="1" name="Dashboard.Health_Assessment_Test_Cases.TC_40_Verify_All_Elements_Are_Visible_And_Aligned_Correctly" time="30.412" errors="0" timestamp="2025-09-12T14:35:30 IST" skipped="0">
  <testcase classname="Dashboard.Health_Assessment_Test_Cases.TC_40_Verify_All_Elements_Are_Visible_And_Aligned_Correctly" name="TC_40_Verify_all_elements_are_visible_and_aligned_correctly" time="30.412"/>
  <system-out/>
</testsuite> <!-- Dashboard.Health_Assessment_Test_Cases.TC_40_Verify_All_Elements_Are_Visible_And_Aligned_Correctly -->
