<?xml version="1.0" encoding="UTF-8"?>
<!-- Generated by org.testng.reporters.JUnitReportReporter -->
<testsuite hostname="DESKTOP-GCGD1P4" failures="0" tests="4" name="Dashboard.Customer_Landing_Test_Cases.TC_45_TC_43_TC_48_TC_52_Verify_Calendar_UI_for_SH_Consultation" time="189.137" errors="0" timestamp="2025-09-12T14:35:30 IST" skipped="0">
  <testcase classname="Dashboard.Customer_Landing_Test_Cases.TC_45_TC_43_TC_48_TC_52_Verify_Calendar_UI_for_SH_Consultation" name="TC_52_Verify_proper_wrapping_of_long_text" time="0.212"/>
  <system-out/>
  <testcase classname="Dashboard.Customer_Landing_Test_Cases.TC_45_TC_43_TC_48_TC_52_Verify_Calendar_UI_for_SH_Consultation" name="TC_43_Verify_font_consistency" time="0.260"/>
  <system-out/>
  <testcase classname="Dashboard.Customer_Landing_Test_Cases.TC_45_TC_43_TC_48_TC_52_Verify_Calendar_UI_for_SH_Consultation" name="TC_48_Verify_scroll_behavior_for_long_test_summaries" time="5.305"/>
  <system-out/>
  <testcase classname="Dashboard.Customer_Landing_Test_Cases.TC_45_TC_43_TC_48_TC_52_Verify_Calendar_UI_for_SH_Consultation" name="TC_45_Verify_calendar_ui_for_sh_consultation" time="183.360"/>
  <system-out/>
</testsuite> <!-- Dashboard.Customer_Landing_Test_Cases.TC_45_TC_43_TC_48_TC_52_Verify_Calendar_UI_for_SH_Consultation -->
