<?xml version="1.0" encoding="UTF-8"?>
<!-- Generated by org.testng.reporters.JUnitReportReporter -->
<testsuite hostname="DESKTOP-GCGD1P4" failures="0" tests="3" name="Tims.Barcode_Batches_Test_Cases.TC_14_TC_11_TC_12_Verify_The_Form_Title_Is_Create_Blood_Batch" time="20.128" errors="0" timestamp="2025-09-12T14:35:30 IST" skipped="0">
  <testcase classname="Tims.Barcode_Batches_Test_Cases.TC_14_TC_11_TC_12_Verify_The_Form_Title_Is_Create_Blood_Batch" name="TC_14_Verify_the_form_title_is_create_blood_batch" time="15.508"/>
  <system-out/>
  <testcase classname="Tims.Barcode_Batches_Test_Cases.TC_14_TC_11_TC_12_Verify_The_Form_Title_Is_Create_Blood_Batch" name="TC_11_Verify_successful_submission_of_blood_batch" time="4.375"/>
  <system-out/>
  <testcase classname="Tims.Barcode_Batches_Test_Cases.TC_14_TC_11_TC_12_Verify_The_Form_Title_Is_Create_Blood_Batch" name="TC_12_Verify_the_toaster_after_successful_submission" time="0.245"/>
  <system-out/>
</testsuite> <!-- Tims.Barcode_Batches_Test_Cases.TC_14_TC_11_TC_12_Verify_The_Form_Title_Is_Create_Blood_Batch -->
