<?xml version="1.0" encoding="UTF-8"?>
<!-- Generated by org.testng.reporters.JUnitReportReporter -->
<testsuite hostname="DESKTOP-GCGD1P4" failures="0" tests="3" name="Dashboard.Health_Assessment_Test_Cases.TC_44_TC_61_TC_62_Verify_The_Conversion_Accuracy_For_Height_And_Weight_Values_Between_Metric_And_Imperial_Units" time="39.381" errors="0" timestamp="2025-09-12T14:35:30 IST" skipped="0">
  <testcase classname="Dashboard.Health_Assessment_Test_Cases.TC_44_TC_61_TC_62_Verify_The_Conversion_Accuracy_For_Height_And_Weight_Values_Between_Metric_And_Imperial_Units" name="TC_44_Verify_the_conversion_accuracy_for_height_and_weight_values_between_metric_and_imperial_units" time="30.531"/>
  <system-out/>
  <testcase classname="Dashboard.Health_Assessment_Test_Cases.TC_44_TC_61_TC_62_Verify_The_Conversion_Accuracy_For_Height_And_Weight_Values_Between_Metric_And_Imperial_Units" name="TC_62_Verify_page_layout_adapts_correctly_on_different_screen_sizes" time="8.582"/>
  <system-out/>
  <testcase classname="Dashboard.Health_Assessment_Test_Cases.TC_44_TC_61_TC_62_Verify_The_Conversion_Accuracy_For_Height_And_Weight_Values_Between_Metric_And_Imperial_Units" name="TC_61_Verify_alignment_of_input_fields_and_labels" time="0.268"/>
  <system-out/>
</testsuite> <!-- Dashboard.Health_Assessment_Test_Cases.TC_44_TC_61_TC_62_Verify_The_Conversion_Accuracy_For_Height_And_Weight_Values_Between_Metric_And_Imperial_Units -->
