<?xml version="1.0" encoding="UTF-8"?>
<!-- Generated by org.testng.reporters.JUnitReportReporter -->
<testsuite hostname="DESKTOP-GCGD1P4" failures="0" tests="1" name="Dashboard.Activate_Test_Kit_Test_Cases.TC_34_Verify_Empty_Feilds_Required_Icon" time="14.810" errors="0" timestamp="2025-09-12T14:35:30 IST" skipped="0">
  <testcase classname="Dashboard.Activate_Test_Kit_Test_Cases.TC_34_Verify_Empty_Feilds_Required_Icon" name="TC_34_Verify_empty_feilds_required_icon" time="14.810"/>
  <system-out/>
</testsuite> <!-- Dashboard.Activate_Test_Kit_Test_Cases.TC_34_Verify_Empty_Feilds_Required_Icon -->
