<?xml version="1.0" encoding="UTF-8"?>
<!-- Generated by org.testng.reporters.JUnitReportReporter -->
<testsuite hostname="Desktop-22" failures="0" tests="1" name="Regression.Dashboard.Test_Cases.TC_10_Verify_error_message_when_special_characters_are_entered_in_email_fields" time="14.645" errors="0" timestamp="2025-05-14T18:13:19 IST" skipped="0">
  <testcase classname="Regression.Dashboard.Test_Cases.TC_10_Verify_error_message_when_special_characters_are_entered_in_email_fields" name="Verify_error_message_when_special_characters_are_entered_in_email_fields_SOFT_682_F9" time="14.645"/>
  <system-out/>
</testsuite> <!-- Regression.Dashboard.Test_Cases.TC_10_Verify_error_message_when_special_characters_are_entered_in_email_fields -->
