<?xml version="1.0" encoding="UTF-8"?>
<!-- Generated by org.testng.reporters.JUnitReportReporter -->
<testsuite hostname="Desktop-22" failures="0" tests="6" name="Dashboard.Health_Assessment_Test_Cases.TC_05_to_TC_09_TC_48_Verify_Selecting_Yes_For_Smoking_And_Alcohol_Prompts_Additional_Options" time="32.366" errors="0" timestamp="2025-07-04T15:14:21 IST" skipped="0">
  <testcase classname="Dashboard.Health_Assessment_Test_Cases.TC_05_to_TC_09_TC_48_Verify_Selecting_Yes_For_Smoking_And_Alcohol_Prompts_Additional_Options" name="TC_08_Verify_that_selecting_Yes_for_medical_conditions_prompts_additional_options" time="4.657"/>
  <system-out/>
  <testcase classname="Dashboard.Health_Assessment_Test_Cases.TC_05_to_TC_09_TC_48_Verify_Selecting_Yes_For_Smoking_And_Alcohol_Prompts_Additional_Options" name="TC_06_Verify_selecting_Yes_for_alcohol_prompts_additional_options" time="0.484"/>
  <system-out/>
  <testcase classname="Dashboard.Health_Assessment_Test_Cases.TC_05_to_TC_09_TC_48_Verify_Selecting_Yes_For_Smoking_And_Alcohol_Prompts_Additional_Options" name="TC_09_Verify_that_selecting_Yes_for_medications_prompts_the_customer_to_select_additional_options" time="3.425"/>
  <system-out/>
  <testcase classname="Dashboard.Health_Assessment_Test_Cases.TC_05_to_TC_09_TC_48_Verify_Selecting_Yes_For_Smoking_And_Alcohol_Prompts_Additional_Options" name="TC_07_Verify_selecting_Yes_for_exercise_details_prompts_additional_options" time="2.575"/>
  <system-out/>
  <testcase classname="Dashboard.Health_Assessment_Test_Cases.TC_05_to_TC_09_TC_48_Verify_Selecting_Yes_For_Smoking_And_Alcohol_Prompts_Additional_Options" name="TC_05_Verify_selecting_Yes_for_smoking_habits_prompts_additional_options" time="21.021"/>
  <system-out/>
  <testcase classname="Dashboard.Health_Assessment_Test_Cases.TC_05_to_TC_09_TC_48_Verify_Selecting_Yes_For_Smoking_And_Alcohol_Prompts_Additional_Options" name="TC_48_Verify_validation_on_conditional_fields" time="0.204"/>
  <system-out/>
</testsuite> <!-- Dashboard.Health_Assessment_Test_Cases.TC_05_to_TC_09_TC_48_Verify_Selecting_Yes_For_Smoking_And_Alcohol_Prompts_Additional_Options -->
