<?xml version="1.0" encoding="UTF-8"?>
<!-- Generated by org.testng.reporters.JUnitReportReporter -->
<testsuite hostname="DESKTOP-GCGD1P4" failures="0" tests="2" name="Dashboard.Login_Logout_Test_Cases.TC_02_TC_03_Verify_Login_With_Invalid_Email_And_Password" time="4.858" errors="0" timestamp="2025-09-12T14:35:30 IST" skipped="0">
  <testcase classname="Dashboard.Login_Logout_Test_Cases.TC_02_TC_03_Verify_Login_With_Invalid_Email_And_Password" name="TC_02_Verify_login_with_invalid_email_and_password" time="2.887"/>
  <system-out/>
  <testcase classname="Dashboard.Login_Logout_Test_Cases.TC_02_TC_03_Verify_Login_With_Invalid_Email_And_Password" name="TC_03_Verify_error_message_with_incorrect_email" time="1.971"/>
  <system-out/>
</testsuite> <!-- Dashboard.Login_Logout_Test_Cases.TC_02_TC_03_Verify_Login_With_Invalid_Email_And_Password -->
