<?xml version="1.0" encoding="UTF-8"?>
<!-- Generated by org.testng.reporters.JUnitReportReporter -->
<testsuite hostname="DESKTOP-GCGD1P4" failures="0" tests="19" name="Tims.Barcode_Batches_Test_Cases.TC_01_to_TC_13_DNA_Verify_The_Presence_Of_Create_DNA_Batch_Button" time="58.122" errors="0" timestamp="2025-08-19T20:00:34 IST" skipped="0">
  <testcase classname="Tims.Barcode_Batches_Test_Cases.TC_01_to_TC_13_DNA_Verify_The_Presence_Of_Create_DNA_Batch_Button" name="TC_18_Validate_that_comment_field_accepts_alphanumeric_characters" time="6.142"/>
  <system-out/>
  <testcase classname="Tims.Barcode_Batches_Test_Cases.TC_01_to_TC_13_DNA_Verify_The_Presence_Of_Create_DNA_Batch_Button" name="TC_09_Verify_that_the_form_has_a_cancel_button" time="0.155"/>
  <system-out/>
  <testcase classname="Tims.Barcode_Batches_Test_Cases.TC_01_to_TC_13_DNA_Verify_The_Presence_Of_Create_DNA_Batch_Button" name="TC_12_Verify_that_the_Cancel_button_clears_all_fields_without_saving" time="2.164"/>
  <system-out/>
  <testcase classname="Tims.Barcode_Batches_Test_Cases.TC_01_to_TC_13_DNA_Verify_The_Presence_Of_Create_DNA_Batch_Button" name="TC_14_Validate_that_the_current_customer_is_selected_by_default_in_the_customer_field" time="0.931"/>
  <system-out/>
  <testcase classname="Tims.Barcode_Batches_Test_Cases.TC_01_to_TC_13_DNA_Verify_The_Presence_Of_Create_DNA_Batch_Button" name="TC_11_Verify_alignment_and_appearance_of_form_on_different_screen_sizes" time="11.017"/>
  <system-out/>
  <testcase classname="Tims.Barcode_Batches_Test_Cases.TC_01_to_TC_13_DNA_Verify_The_Presence_Of_Create_DNA_Batch_Button" name="TC_10_Verify_form_validation_triggers_when_required_fields_are_empty" time="0.425"/>
  <system-out/>
  <testcase classname="Tims.Barcode_Batches_Test_Cases.TC_01_to_TC_13_DNA_Verify_The_Presence_Of_Create_DNA_Batch_Button" name="TC_02_DNA_Verify_that_the_create_DNA_batch_button_opens_the_form" time="0.931"/>
  <system-out/>
  <testcase classname="Tims.Barcode_Batches_Test_Cases.TC_01_to_TC_13_DNA_Verify_The_Presence_Of_Create_DNA_Batch_Button" name="TC_06_Verify_that_the_count_field_only_accepts_numbers_and_greater_than_2" time="1.319"/>
  <system-out/>
  <testcase classname="Tims.Barcode_Batches_Test_Cases.TC_01_to_TC_13_DNA_Verify_The_Presence_Of_Create_DNA_Batch_Button" name="TC_17_Validate_that_the_user_can_update_the_comment_field" time="6.103"/>
  <system-out/>
  <testcase classname="Tims.Barcode_Batches_Test_Cases.TC_01_to_TC_13_DNA_Verify_The_Presence_Of_Create_DNA_Batch_Button" name="TC_04_Verify_that_the_sub_type_dropdown_has_the_correct_options" time="0.203"/>
  <system-out/>
  <testcase classname="Tims.Barcode_Batches_Test_Cases.TC_01_to_TC_13_DNA_Verify_The_Presence_Of_Create_DNA_Batch_Button" name="TC_16_Validate_that_the_customer_can_update_the_customer_field" time="5.828"/>
  <system-out/>
  <testcase classname="Tims.Barcode_Batches_Test_Cases.TC_01_to_TC_13_DNA_Verify_The_Presence_Of_Create_DNA_Batch_Button" name="TC_08_Verify_the_title_of_the_form_is_Create_DNA_batch" time="0.171"/>
  <system-out/>
  <testcase classname="Tims.Barcode_Batches_Test_Cases.TC_01_to_TC_13_DNA_Verify_The_Presence_Of_Create_DNA_Batch_Button" name="TC_15_Validate_that_the_customer_dropdown_list_is_populated_with_existing_customers" time="0.357"/>
  <system-out/>
  <testcase classname="Tims.Barcode_Batches_Test_Cases.TC_01_to_TC_13_DNA_Verify_The_Presence_Of_Create_DNA_Batch_Button" name="TC_19_Validate_that_after_making_changes_the_user_can_cancel_the_update_process" time="7.060"/>
  <system-out/>
  <testcase classname="Tims.Barcode_Batches_Test_Cases.TC_01_to_TC_13_DNA_Verify_The_Presence_Of_Create_DNA_Batch_Button" name="TC_07_Verify_dynamic_population_of_customer_dropdown" time="0.492"/>
  <system-out/>
  <testcase classname="Tims.Barcode_Batches_Test_Cases.TC_01_to_TC_13_DNA_Verify_The_Presence_Of_Create_DNA_Batch_Button" name="TC_03_Verify_that_the_type_dropdown_has_the_wellness_option" time="0.347"/>
  <system-out/>
  <testcase classname="Tims.Barcode_Batches_Test_Cases.TC_01_to_TC_13_DNA_Verify_The_Presence_Of_Create_DNA_Batch_Button" name="TC_01_DNA_Verify_the_presence_of_create_DNA_batch_button" time="11.067"/>
  <system-out/>
  <testcase classname="Tims.Barcode_Batches_Test_Cases.TC_01_to_TC_13_DNA_Verify_The_Presence_Of_Create_DNA_Batch_Button" name="TC_13_Verify_user_can_create_DNA_Batch" time="3.297"/>
  <system-out/>
  <testcase classname="Tims.Barcode_Batches_Test_Cases.TC_01_to_TC_13_DNA_Verify_The_Presence_Of_Create_DNA_Batch_Button" name="TC_05_Verify_that_the_count_field_has_a_help_text" time="0.113"/>
  <system-out/>
</testsuite> <!-- Tims.Barcode_Batches_Test_Cases.TC_01_to_TC_13_DNA_Verify_The_Presence_Of_Create_DNA_Batch_Button -->
