<?xml version="1.0" encoding="UTF-8"?>
<!-- Generated by org.testng.reporters.JUnitReportReporter -->
<testsuite hostname="DESKTOP-GCGD1P4" failures="0" tests="2" name="Dashboard.Activate_Test_Kit_Test_Cases.TC_19_To_TC_20_Verify_Error_Messages_Are_Displayed_Properly" time="91.426" errors="0" timestamp="2025-09-12T14:35:30 IST" skipped="0">
  <testcase classname="Dashboard.Activate_Test_Kit_Test_Cases.TC_19_To_TC_20_Verify_Error_Messages_Are_Displayed_Properly" name="TC_19_Verify_error_msg_displayed_properly" time="84.260"/>
  <system-out/>
  <testcase classname="Dashboard.Activate_Test_Kit_Test_Cases.TC_19_To_TC_20_Verify_Error_Messages_Are_Displayed_Properly" name="TC_20_Verify_error_msg_displayed_when_entered_long_characters_for_personal_details" time="7.166"/>
  <system-out/>
</testsuite> <!-- Dashboard.Activate_Test_Kit_Test_Cases.TC_19_To_TC_20_Verify_Error_Messages_Are_Displayed_Properly -->
