<?xml version="1.0" encoding="UTF-8"?>
<!-- Generated by org.testng.reporters.JUnitReportReporter -->
<testsuite hostname="Desktop-307" failures="0" tests="1" name="Dashboard.Test_Cases.TC_02_Verify_Phlebotomist_Test_Type_Confirm" time="8.515" errors="0" timestamp="2025-04-10T17:01:54 IST" skipped="0">
  <testcase classname="Dashboard.Test_Cases.TC_02_Verify_Phlebotomist_Test_Type_Confirm" name="Verify_Phlebotomist_Test_Type_Confirmation_SOFT_685_F4" time="8.515"/>
  <system-out/>
</testsuite> <!-- Dashboard.Test_Cases.TC_02_Verify_Phlebotomist_Test_Type_Confirm -->
