<?xml version="1.0" encoding="UTF-8"?>
<!-- Generated by org.testng.reporters.JUnitReportReporter -->
<testsuite hostname="DESKTOP-GCGD1P4" failures="0" tests="1" name="Tims.SOFT_1405_Partial_Report.TC_10_Verify_Partial_Test_Report_Energy_Profile_Test_Other_Than_FOL_ALT_GGT_ALP_Untestable_Clotted_Post_Analytical" time="132.387" errors="0" timestamp="2025-09-03T17:56:43 IST" skipped="0">
  <testcase classname="Tims.SOFT_1405_Partial_Report.TC_10_Verify_Partial_Test_Report_Energy_Profile_Test_Other_Than_FOL_ALT_GGT_ALP_Untestable_Clotted_Post_Analytical" name="TC_10_Verify_partial_test_report_energy_profile_test_other_than_FOL_ALT_GGT_ALP_untestable_clotted_post_analytical" time="132.387"/>
  <system-out/>
</testsuite> <!-- Tims.SOFT_1405_Partial_Report.TC_10_Verify_Partial_Test_Report_Energy_Profile_Test_Other_Than_FOL_ALT_GGT_ALP_Untestable_Clotted_Post_Analytical -->
