<?xml version="1.0" encoding="UTF-8"?>
<!-- Generated by org.testng.reporters.JUnitReportReporter -->
<testsuite hostname="DESKTOP-GCGD1P4" failures="0" tests="1" name="Tims.Partial_Report_1417_Test_Cases.TC_01_Verify_Published_Test_Report_With_Full_Blood_Results_Sexual_Health_Profile" time="177.510" errors="0" timestamp="2025-10-06T11:50:06 IST" skipped="0">
  <testcase classname="Tims.Partial_Report_1417_Test_Cases.TC_01_Verify_Published_Test_Report_With_Full_Blood_Results_Sexual_Health_Profile" name="TC_01_Verify_published_test_report_with_full_blood_results_sexual_health_profile" time="177.510"/>
  <system-out/>
</testsuite> <!-- Tims.Partial_Report_1417_Test_Cases.TC_01_Verify_Published_Test_Report_With_Full_Blood_Results_Sexual_Health_Profile -->
