<?xml version="1.0" encoding="UTF-8"?>
<!-- Generated by org.testng.reporters.JUnitReportReporter -->
<testsuite hostname="Desktop-22" failures="0" tests="2" name="Dashboard.Customer_Landing.TC_21_Verify_Test_Summary_For_Blood_Test" time="96.136" errors="0" timestamp="2025-07-04T12:24:30 IST" skipped="0">
  <testcase classname="Dashboard.Customer_Landing.TC_21_Verify_Test_Summary_For_Blood_Test" name="TC_29_Verify_correct_display_of_gender_at_birth_in_blood_test_summary" time="0.453"/>
  <system-out/>
  <testcase classname="Dashboard.Customer_Landing.TC_21_Verify_Test_Summary_For_Blood_Test" name="TC_21_Verify_test_summary_for_blood_test" time="95.683"/>
  <system-out/>
</testsuite> <!-- Dashboard.Customer_Landing.TC_21_Verify_Test_Summary_For_Blood_Test -->
