<?xml version="1.0" encoding="UTF-8"?>
<!-- Generated by org.testng.reporters.JUnitReportReporter -->
<testsuite hostname="DESKTOP-GCGD1P4" failures="0" tests="1" name="Dashboard.Create_Account_Test_Cases.TC_11_Verify_That_Marketing_Consent_Checkbox_Is_Optional" time="7.021" errors="0" timestamp="2025-09-12T14:35:30 IST" skipped="0">
  <testcase classname="Dashboard.Create_Account_Test_Cases.TC_11_Verify_That_Marketing_Consent_Checkbox_Is_Optional" name="TC_11_Verify_successful_account_creation_with_valid_data" time="7.021"/>
  <system-out/>
</testsuite> <!-- Dashboard.Create_Account_Test_Cases.TC_11_Verify_That_Marketing_Consent_Checkbox_Is_Optional -->
