<?xml version="1.0" encoding="UTF-8"?>
<!-- Generated by org.testng.reporters.JUnitReportReporter -->
<testsuite hostname="DESKTOP-GCGD1P4" failures="0" tests="1" name="Tims.Partial_Report_SOFT_1407_Test_Cases.TC_04_Verify_Partial_Reporting_Energy_Profile_Test_BAS_EOS_HCT_HGB_LYMP_MCV_MONO_NEU_PLT_RBC_WBC_Untestable_Sample_Too_Old" time="149.571" errors="0" timestamp="2025-09-25T18:24:59 IST" skipped="0">
  <testcase classname="Tims.Partial_Report_SOFT_1407_Test_Cases.TC_04_Verify_Partial_Reporting_Energy_Profile_Test_BAS_EOS_HCT_HGB_LYMP_MCV_MONO_NEU_PLT_RBC_WBC_Untestable_Sample_Too_Old" name="TC_04_Verify_partial_reporting_energy_profile_test_BAS_EOS_HCT_HGB_LYMP_MCV_MONO_NEU_PLT_RBC_WBC_untestable_sample_too_old" time="149.571"/>
  <system-out/>
</testsuite> <!-- Tims.Partial_Report_SOFT_1407_Test_Cases.TC_04_Verify_Partial_Reporting_Energy_Profile_Test_BAS_EOS_HCT_HGB_LYMP_MCV_MONO_NEU_PLT_RBC_WBC_Untestable_Sample_Too_Old -->
