<?xml version="1.0" encoding="UTF-8"?>
<!-- Generated by org.testng.reporters.JUnitReportReporter -->
<testsuite hostname="Desktop-22" failures="0" tests="2" name="Dashboard.Health_Assessment_Test_Cases.TC_02_Verify_The_Successful_Health_Assessment_Filling_For_Blood_Hormone_Test" time="100.318" errors="0" timestamp="2025-06-16T11:54:55 IST" skipped="0">
  <testcase classname="Dashboard.Health_Assessment_Test_Cases.TC_02_Verify_The_Successful_Health_Assessment_Filling_For_Blood_Hormone_Test" name="TC_10_Verify_that_blood_hormone_test_contains_additional_step_in_health_assessment" time="97.244"/>
  <system-out/>
  <testcase classname="Dashboard.Health_Assessment_Test_Cases.TC_02_Verify_The_Successful_Health_Assessment_Filling_For_Blood_Hormone_Test" name="TC_02_Verify_the_successful_health_assessment_filling_for_blood_hormone_test" time="3.074"/>
  <system-out/>
</testsuite> <!-- Dashboard.Health_Assessment_Test_Cases.TC_02_Verify_The_Successful_Health_Assessment_Filling_For_Blood_Hormone_Test -->
