<?xml version="1.0" encoding="UTF-8"?>
<!-- Generated by org.testng.reporters.JUnitReportReporter -->
<testsuite hostname="Desktop-22" failures="0" tests="1" name="Regression.Dashboard.Test_Cases.TC_22_Verify_mandatory_fields" time="37.137" errors="0" timestamp="2025-05-19T16:05:25 IST" skipped="0">
  <testcase classname="Regression.Dashboard.Test_Cases.TC_22_Verify_mandatory_fields" name="Verify_mandatory_fields_SOFT_686_F1" time="37.137"/>
  <system-out/>
</testsuite> <!-- Regression.Dashboard.Test_Cases.TC_22_Verify_mandatory_fields -->
