<?xml version="1.0" encoding="UTF-8"?>
<!-- Generated by org.testng.reporters.JUnitReportReporter -->
<testsuite hostname="DESKTOP-GCGD1P4" failures="0" tests="1" name="Tims.Partial_Report_SOFT_1409_Test_Cases.TC_02_Verify_Partial_Test_Report_For_The_General_Health_Test_For_Biomarkers_HbA1c_FBC_with_Error_Untestable_Misc_Post_Analytical" time="160.113" errors="0" timestamp="2025-10-08T13:06:54 IST" skipped="0">
  <testcase classname="Tims.Partial_Report_SOFT_1409_Test_Cases.TC_02_Verify_Partial_Test_Report_For_The_General_Health_Test_For_Biomarkers_HbA1c_FBC_with_Error_Untestable_Misc_Post_Analytical" name="TC_02_Verify_partial_test_report_for_the_general_health_test_for_biomarkers_HbA1c_FBC_with_error_reason_untestable_misc_post_analytical" time="160.113"/>
  <system-out/>
</testsuite> <!-- Tims.Partial_Report_SOFT_1409_Test_Cases.TC_02_Verify_Partial_Test_Report_For_The_General_Health_Test_For_Biomarkers_HbA1c_FBC_with_Error_Untestable_Misc_Post_Analytical -->
