<?xml version="1.0" encoding="UTF-8"?>
<!-- Generated by org.testng.reporters.JUnitReportReporter -->
<testsuite hostname="Desktop-95" failures="0" tests="1" name="Business.Coding_Lists.Test_Cases.Login_Test" time="13.825" errors="0" timestamp="2025-02-20T14:27:31 IST" skipped="0">
  <testcase classname="Business.Coding_Lists.Test_Cases.Login_Test" name="loginToZahara" time="13.825"/>
  <system-out/>
</testsuite> <!-- Business.Coding_Lists.Test_Cases.Login_Test -->
