<?xml version="1.0" encoding="UTF-8"?>
<!-- Generated by org.testng.reporters.JUnitReportReporter -->
<testsuite hostname="Desktop-22" failures="0" tests="1" name="Dashboard.ResetPassword.Test_Cases.TC_13_Verify_Screen_Resolution_Size" time="16.084" errors="0" timestamp="2025-07-21T17:45:39 IST" skipped="0">
  <testcase classname="Dashboard.ResetPassword.Test_Cases.TC_13_Verify_Screen_Resolution_Size" name="TC_13_Verify_screen_resolution_sizes_shows_all_webelements_properly_in_full_desktop" time="16.084"/>
  <system-out/>
</testsuite> <!-- Dashboard.ResetPassword.Test_Cases.TC_13_Verify_Screen_Resolution_Size -->
