<?xml version="1.0" encoding="UTF-8"?>
<!-- Generated by org.testng.reporters.JUnitReportReporter -->
<testsuite hostname="DESKTOP-GCGD1P4" failures="0" tests="1" name="Dashboard.Create_Account_Test_Cases.TC_01_Verify_That_The_Create_Account_Page_Loads_Correctly" time="2.050" errors="0" timestamp="2025-09-12T14:35:30 IST" skipped="0">
  <testcase classname="Dashboard.Create_Account_Test_Cases.TC_01_Verify_That_The_Create_Account_Page_Loads_Correctly" name="TC_01_Verify_that_the_create_account_page_loads_correctly" time="2.050"/>
  <system-out/>
</testsuite> <!-- Dashboard.Create_Account_Test_Cases.TC_01_Verify_That_The_Create_Account_Page_Loads_Correctly -->
