<?xml version="1.0" encoding="UTF-8"?>
<!-- Generated by org.testng.reporters.JUnitReportReporter -->
<testsuite hostname="DESKTOP-GCGD1P4" failures="0" tests="1" name="Tims.Partial_Report_1366_Test_Cases.TC_09_Verify_Partial_Report_Energy_Profile_For_ALT_GGT_ALP_Untestable_Misc_Sample_Receipt" time="234.756" errors="0" timestamp="2025-10-06T13:08:09 IST" skipped="0">
  <testcase classname="Tims.Partial_Report_1366_Test_Cases.TC_09_Verify_Partial_Report_Energy_Profile_For_ALT_GGT_ALP_Untestable_Misc_Sample_Receipt" name="TC_09_Verify_partial_report_energy_profile_for_ALT_GGT_ALP_untestable_misc_sample_receipt" time="234.756"/>
  <system-out/>
</testsuite> <!-- Tims.Partial_Report_1366_Test_Cases.TC_09_Verify_Partial_Report_Energy_Profile_For_ALT_GGT_ALP_Untestable_Misc_Sample_Receipt -->
