<?xml version="1.0" encoding="UTF-8"?>
<!-- Generated by org.testng.reporters.JUnitReportReporter -->
<testsuite hostname="Desktop-22" failures="0" tests="1" name="Regression.Dashboard.Test_Cases.TC_15_Verify_registration_with_blank_test_type" time="13.697" errors="0" timestamp="2025-05-15T16:10:12 IST" skipped="0">
  <testcase classname="Regression.Dashboard.Test_Cases.TC_15_Verify_registration_with_blank_test_type" name="Verify_registration_with_blank_test_type_SOFT_68_F2" time="13.697"/>
  <system-out/>
</testsuite> <!-- Regression.Dashboard.Test_Cases.TC_15_Verify_registration_with_blank_test_type -->
