<?xml version="1.0" encoding="UTF-8"?>
<!-- Generated by org.testng.reporters.JUnitReportReporter -->
<testsuite hostname="Desktop-22" failures="0" tests="1" name="Smoke.Dashboard.Test_Cases.TC_08_Verify_Booking_ID_Generated" time="42.322" errors="0" timestamp="2025-05-12T18:43:51 IST" skipped="0">
  <testcase classname="Smoke.Dashboard.Test_Cases.TC_08_Verify_Booking_ID_Generated" name="Verify_Booking_ID_Generated_Soft_689_TC_03" time="42.322"/>
  <system-out/>
</testsuite> <!-- Smoke.Dashboard.Test_Cases.TC_08_Verify_Booking_ID_Generated -->
