<?xml version="1.0" encoding="UTF-8"?>
<!-- Generated by org.testng.reporters.JUnitReportReporter -->
<testsuite hostname="DESKTOP-GCGD1P4" failures="0" tests="12" name="Dashboard.Activate_Test_Kit_Test_Cases.TC_43_to_TC_54_ATC_Verify_The_Postage_Tracking_Number_Auto_Population" time="145.916" errors="0" timestamp="2025-09-12T14:35:30 IST" skipped="0">
  <testcase classname="Dashboard.Activate_Test_Kit_Test_Cases.TC_43_to_TC_54_ATC_Verify_The_Postage_Tracking_Number_Auto_Population" name="TC_53_Verify_the_updated_tracking_number_display_in_TIMS" time="0.239"/>
  <system-out/>
  <testcase classname="Dashboard.Activate_Test_Kit_Test_Cases.TC_43_to_TC_54_ATC_Verify_The_Postage_Tracking_Number_Auto_Population" name="TC_50_Verify_the_display_of_confirmed_tracking_number_in_test_kit_page" time="3.420"/>
  <system-out/>
  <testcase classname="Dashboard.Activate_Test_Kit_Test_Cases.TC_43_to_TC_54_ATC_Verify_The_Postage_Tracking_Number_Auto_Population" name="TC_48_Verify_the_ability_to_enter_and_save_the_tracking_number" time="4.672"/>
  <system-out/>
  <testcase classname="Dashboard.Activate_Test_Kit_Test_Cases.TC_43_to_TC_54_ATC_Verify_The_Postage_Tracking_Number_Auto_Population" name="TC_44_Verify_the_auto_populated_value_does_not_overwrite_manual_input_on_refresh_if_unsaved" time="3.653"/>
  <system-out/>
  <testcase classname="Dashboard.Activate_Test_Kit_Test_Cases.TC_43_to_TC_54_ATC_Verify_The_Postage_Tracking_Number_Auto_Population" name="TC_52_Verify_the_field_label_display_on_dashboard_and_TIMS" time="11.817"/>
  <system-out/>
  <testcase classname="Dashboard.Activate_Test_Kit_Test_Cases.TC_43_to_TC_54_ATC_Verify_The_Postage_Tracking_Number_Auto_Population" name="TC_51_Verify_the_tracking_number_field_is_non_editable" time="0.201"/>
  <system-out/>
  <testcase classname="Dashboard.Activate_Test_Kit_Test_Cases.TC_43_to_TC_54_ATC_Verify_The_Postage_Tracking_Number_Auto_Population" name="TC_47_Verify_the_ability_to_edit_and_save_the_auto_populated_tracking_number" time="52.073"/>
  <system-out/>
  <testcase classname="Dashboard.Activate_Test_Kit_Test_Cases.TC_43_to_TC_54_ATC_Verify_The_Postage_Tracking_Number_Auto_Population" name="TC_46_Verify_the_ability_to_proceed_further_by_removing_the_auto_populated_tracking_number" time="9.959"/>
  <system-out/>
  <testcase classname="Dashboard.Activate_Test_Kit_Test_Cases.TC_43_to_TC_54_ATC_Verify_The_Postage_Tracking_Number_Auto_Population" name="TC_54_Verify_the_display_of_confirmed_tracking_number_in_test_kit_information_page_on_TIMS" time="0.128"/>
  <system-out/>
  <testcase classname="Dashboard.Activate_Test_Kit_Test_Cases.TC_43_to_TC_54_ATC_Verify_The_Postage_Tracking_Number_Auto_Population" name="TC_49_Verify_the_display_of_confirmed_tracking_number_in_my_result_page" time="4.718"/>
  <system-out/>
  <testcase classname="Dashboard.Activate_Test_Kit_Test_Cases.TC_43_to_TC_54_ATC_Verify_The_Postage_Tracking_Number_Auto_Population" name="TC_43_Verify_the_postage_tracking_number_auto_population" time="54.587"/>
  <system-out/>
  <testcase classname="Dashboard.Activate_Test_Kit_Test_Cases.TC_43_to_TC_54_ATC_Verify_The_Postage_Tracking_Number_Auto_Population" name="TC_45_Verify_the_ability_to_proceed_further_without_entering_the_tracking_number" time="0.449"/>
  <system-out/>
</testsuite> <!-- Dashboard.Activate_Test_Kit_Test_Cases.TC_43_to_TC_54_ATC_Verify_The_Postage_Tracking_Number_Auto_Population -->
