<?xml version="1.0" encoding="UTF-8"?>
<!-- Generated by org.testng.reporters.JUnitReportReporter -->
<testsuite hostname="DESKTOP-GCGD1P4" failures="0" tests="3" name="Dashboard.Health_Assessment_Test_Cases.TC_44_Verify_The_Conversion_Accuracy_For_Height_And_Weight_Values_Between_Metric_And_Imperial_Units" time="42.436" errors="0" timestamp="2025-09-02T10:52:51 IST" skipped="0">
  <testcase classname="Dashboard.Health_Assessment_Test_Cases.TC_44_Verify_The_Conversion_Accuracy_For_Height_And_Weight_Values_Between_Metric_And_Imperial_Units" name="TC_62_Verify_page_layout_adapts_correctly_on_different_screen_sizes" time="9.377"/>
  <system-out/>
  <testcase classname="Dashboard.Health_Assessment_Test_Cases.TC_44_Verify_The_Conversion_Accuracy_For_Height_And_Weight_Values_Between_Metric_And_Imperial_Units" name="TC_44_Verify_the_conversion_accuracy_for_height_and_weight_values_between_metric_and_imperial_units" time="32.769"/>
  <system-out/>
  <testcase classname="Dashboard.Health_Assessment_Test_Cases.TC_44_Verify_The_Conversion_Accuracy_For_Height_And_Weight_Values_Between_Metric_And_Imperial_Units" name="TC_61_Verify_alignment_of_input_fields_and_labels" time="0.290"/>
  <system-out/>
</testsuite> <!-- Dashboard.Health_Assessment_Test_Cases.TC_44_Verify_The_Conversion_Accuracy_For_Height_And_Weight_Values_Between_Metric_And_Imperial_Units -->
