<?xml version="1.0" encoding="UTF-8"?>
<!-- Generated by org.testng.reporters.JUnitReportReporter -->
<testsuite hostname="DESKTOP-GCGD1P4" failures="0" tests="1" name="Tims.Partial_Report_SOFT_1405_Test_Cases.TC_09_Verify_Partial_Test_Report_Energy_Profile_Test_For_FOL_ALT_GGT_ALP_Inhibitory" time="85.849" errors="0" timestamp="2025-10-14T16:29:06 IST" skipped="0">
  <testcase classname="Tims.Partial_Report_SOFT_1405_Test_Cases.TC_09_Verify_Partial_Test_Report_Energy_Profile_Test_For_FOL_ALT_GGT_ALP_Inhibitory" name="TC_09_Verify_partial_test_report_energy_profile_test_for_FOL_ALT_GGT_ALP_inhibitory" time="85.849"/>
  <system-out/>
</testsuite> <!-- Tims.Partial_Report_SOFT_1405_Test_Cases.TC_09_Verify_Partial_Test_Report_Energy_Profile_Test_For_FOL_ALT_GGT_ALP_Inhibitory -->
