<?xml version="1.0" encoding="UTF-8"?>
<!-- Generated by org.testng.reporters.JUnitReportReporter -->
<testsuite hostname="DESKTOP-GCGD1P4" failures="0" tests="1" name="Dashboard.Login_Logout_Test_Cases.TC_10_Check_The_Password_Visibility_Toggle" time="1.818" errors="0" timestamp="2025-09-12T14:35:30 IST" skipped="0">
  <testcase classname="Dashboard.Login_Logout_Test_Cases.TC_10_Check_The_Password_Visibility_Toggle" name="TC_10_Check_the_password_visibility_toggle" time="1.818"/>
  <system-out/>
</testsuite> <!-- Dashboard.Login_Logout_Test_Cases.TC_10_Check_The_Password_Visibility_Toggle -->
