<?xml version="1.0" encoding="UTF-8"?>
<!-- Generated by org.testng.reporters.JUnitReportReporter -->
<testsuite hostname="Desktop-22" failures="0" tests="3" name="Tims.Barcode_Batches_Test_Cases.TC_16_Verify_Behavior_When_The_Count_Field_Contains_A_Value_Of_Zero" time="16.202" errors="0" timestamp="2025-07-24T17:54:30 IST" skipped="0">
  <testcase classname="Tims.Barcode_Batches_Test_Cases.TC_16_Verify_Behavior_When_The_Count_Field_Contains_A_Value_Of_Zero" name="TC_16_Verify_behavior_when_the_count_field_contains_a_value_of_zero" time="13.823"/>
  <system-out/>
  <testcase classname="Tims.Barcode_Batches_Test_Cases.TC_16_Verify_Behavior_When_The_Count_Field_Contains_A_Value_Of_Zero" name="TC_19_Verify_that_clicking_the_incremental_arrow_increases_the_count_value" time="1.367"/>
  <system-out/>
  <testcase classname="Tims.Barcode_Batches_Test_Cases.TC_16_Verify_Behavior_When_The_Count_Field_Contains_A_Value_Of_Zero" name="TC_20_Verify_that_clicking_the_decremental_arrow_decreases_the_count_value" time="1.012"/>
  <system-out/>
</testsuite> <!-- Tims.Barcode_Batches_Test_Cases.TC_16_Verify_Behavior_When_The_Count_Field_Contains_A_Value_Of_Zero -->
