<?xml version="1.0" encoding="UTF-8"?>
<!-- Generated by org.testng.reporters.JUnitReportReporter -->
<testsuite hostname="Desktop-22" failures="0" tests="2" name="Regression.Dashboard.Test_Cases.TC_03_Verify_existing_user_can_authenticate_with_correct_credentials" time="13.694" errors="0" timestamp="2025-06-02T17:10:05 IST" skipped="0">
  <testcase classname="Regression.Dashboard.Test_Cases.TC_03_Verify_existing_user_can_authenticate_with_correct_credentials" name="Verify_existing_user_can_authenticate_with_correct_credentials_SOFT_682_F2" time="6.164"/>
  <system-out/>
  <testcase classname="Regression.Dashboard.Test_Cases.TC_03_Verify_existing_user_can_authenticate_with_correct_credentials" name="Verify_user_can_logout_successfully" time="7.530"/>
  <system-out/>
</testsuite> <!-- Regression.Dashboard.Test_Cases.TC_03_Verify_existing_user_can_authenticate_with_correct_credentials -->
