<?xml version="1.0" encoding="UTF-8"?>
<!-- Generated by org.testng.reporters.JUnitReportReporter -->
<testsuite hostname="Desktop-22" failures="0" tests="1" name="Smoke.Dashboard.Test_Cases.Verify_Dashboard_Login" time="3.170" errors="0" timestamp="2025-05-12T18:43:51 IST" skipped="0">
  <testcase classname="Smoke.Dashboard.Test_Cases.Verify_Dashboard_Login" name="Verify_DashBoard_Login" time="3.170"/>
  <system-out/>
</testsuite> <!-- Smoke.Dashboard.Test_Cases.Verify_Dashboard_Login -->
