<?xml version="1.0" encoding="UTF-8"?>
<!-- Generated by org.testng.reporters.JUnitReportReporter -->
<testsuite hostname="Desktop-22" failures="0" tests="1" name="Dashboard.Customer_Landing_Test_Cases.TC_41_Verify_Timeline_Icon_Design" time="172.777" errors="0" timestamp="2025-07-21T14:43:15 IST" skipped="0">
  <testcase classname="Dashboard.Customer_Landing_Test_Cases.TC_41_Verify_Timeline_Icon_Design" name="TC_41_Verify_timeline_icon_design" time="172.777"/>
  <system-out/>
</testsuite> <!-- Dashboard.Customer_Landing_Test_Cases.TC_41_Verify_Timeline_Icon_Design -->
