<?xml version="1.0" encoding="UTF-8"?>
<!-- Generated by org.testng.reporters.JUnitReportReporter -->
<testsuite hostname="Desktop-22" failures="0" tests="4" name="Dashboard.Health_Assessment_Test_Cases.TC_01_TC_27_TC_34_Verify_The_Successful_Health_Assessment_Filling_For_Normal_Blood_Test" time="51.358" errors="0" timestamp="2025-06-10T16:16:17 IST" skipped="0">
  <testcase classname="Dashboard.Health_Assessment_Test_Cases.TC_01_TC_27_TC_34_Verify_The_Successful_Health_Assessment_Filling_For_Normal_Blood_Test" name="TC_34_Validate_the_data_displayed_on_the_assessment_summary_page_matches_the_data_entered" time="0.208"/>
  <system-out/>
  <testcase classname="Dashboard.Health_Assessment_Test_Cases.TC_01_TC_27_TC_34_Verify_The_Successful_Health_Assessment_Filling_For_Normal_Blood_Test" name="TC_01_Verify_the_successful_health_assessment_filling_for_normal_blood_test" time="31.674"/>
  <system-out/>
  <testcase classname="Dashboard.Health_Assessment_Test_Cases.TC_01_TC_27_TC_34_Verify_The_Successful_Health_Assessment_Filling_For_Normal_Blood_Test" name="TC_35_Verify_the_ability_to_edit_and_save_each_field_in_the_health_assessment" time="18.021"/>
  <system-out/>
  <testcase classname="Dashboard.Health_Assessment_Test_Cases.TC_01_TC_27_TC_34_Verify_The_Successful_Health_Assessment_Filling_For_Normal_Blood_Test" name="TC_27_Verify_the_presence_and_functionality_of_the_fill_edit_assessment_button" time="1.455"/>
  <system-out/>
</testsuite> <!-- Dashboard.Health_Assessment_Test_Cases.TC_01_TC_27_TC_34_Verify_The_Successful_Health_Assessment_Filling_For_Normal_Blood_Test -->
