<?xml version="1.0" encoding="UTF-8"?>
<!-- Generated by org.testng.reporters.JUnitReportReporter -->
<testsuite hostname="Desktop-22" failures="0" tests="2" name="Dashboard.Customer_Landing.TC_08_Verify_Timeline_For_DNA_Tests" time="158.009" errors="0" timestamp="2025-06-27T12:19:49 IST" skipped="0">
  <testcase classname="Dashboard.Customer_Landing.TC_08_Verify_Timeline_For_DNA_Tests" name="TC_08_Verify_timeline_for_DNA_tests" time="129.157"/>
  <system-out/>
  <testcase classname="Dashboard.Customer_Landing.TC_08_Verify_Timeline_For_DNA_Tests" name="TC_08_Verify_timeline_for_rejected_DNA_sample" time="28.852"/>
  <system-out/>
</testsuite> <!-- Dashboard.Customer_Landing.TC_08_Verify_Timeline_For_DNA_Tests -->
