<?xml version="1.0" encoding="UTF-8"?>
<!-- Generated by org.testng.reporters.JUnitReportReporter -->
<testsuite hostname="Desktop-307" failures="0" tests="1" name="Dashboard.Test_Cases.Verify_Phlebotomist_Test_Type" time="8.142" errors="0" timestamp="2025-04-08T16:49:39 IST" skipped="0">
  <testcase classname="Dashboard.Test_Cases.Verify_Phlebotomist_Test_Type" name="Verify_Phlebotomist_Test_Type_Confirmation_SOFT_685_F4" time="8.142"/>
  <system-out/>
</testsuite> <!-- Dashboard.Test_Cases.Verify_Phlebotomist_Test_Type -->
