<?xml version="1.0" encoding="UTF-8"?>
<!-- Generated by org.testng.reporters.JUnitReportReporter -->
<testsuite hostname="Desktop-22" failures="0" tests="2" name="Dashboard.Health_Assessment_Test_Cases.TC_29_Verify_That_Fill_Health_Assessment_Change_After_Assessment_Completion" time="168.080" errors="0" timestamp="2025-06-19T17:12:42 IST" skipped="0">
  <testcase classname="Dashboard.Health_Assessment_Test_Cases.TC_29_Verify_That_Fill_Health_Assessment_Change_After_Assessment_Completion" name="TC_29_Verify_that_fill_health_assessment_change_after_assessment_completion" time="132.968"/>
  <system-out/>
  <testcase classname="Dashboard.Health_Assessment_Test_Cases.TC_29_Verify_That_Fill_Health_Assessment_Change_After_Assessment_Completion" name="TC_22_Verify_ability_to_fill_or_edit_and_save_the_health_assessment_before_sample_reach_to_lab_for_blood_test" time="35.112"/>
  <system-out/>
</testsuite> <!-- Dashboard.Health_Assessment_Test_Cases.TC_29_Verify_That_Fill_Health_Assessment_Change_After_Assessment_Completion -->
