<?xml version="1.0" encoding="UTF-8"?>
<!-- Generated by org.testng.reporters.JUnitReportReporter -->
<testsuite hostname="Desktop-307" failures="0" tests="1" name="Tims.Test_Cases.Verify_Phleb_Activation_Email_Triggering" time="22.311" errors="0" timestamp="2025-04-09T14:51:41 IST" skipped="0">
  <testcase classname="Tims.Test_Cases.Verify_Phleb_Activation_Email_Triggering" name="Verify_Phleb_Activation_Email_Triggering_SOFT_563_F1" time="22.311"/>
  <system-out/>
</testsuite> <!-- Tims.Test_Cases.Verify_Phleb_Activation_Email_Triggering -->
