<?xml version="1.0" encoding="UTF-8"?>
<!-- Generated by org.testng.reporters.JUnitReportReporter -->
<testsuite hostname="Desktop-307" failures="0" tests="1" name="Tims.Test_Cases.Verify_Successful_Creation_Of_New_Store_Location" time="17.819" errors="0" timestamp="2025-04-09T14:59:20 IST" skipped="0">
  <testcase classname="Tims.Test_Cases.Verify_Successful_Creation_Of_New_Store_Location" name="Verify_Successful_Creation_Of_New_Store_Location_SOFT_543_F1" time="17.819"/>
  <system-out/>
</testsuite> <!-- Tims.Test_Cases.Verify_Successful_Creation_Of_New_Store_Location -->
