<?xml version="1.0" encoding="UTF-8"?>
<!-- Generated by org.testng.reporters.JUnitReportReporter -->
<testsuite hostname="DESKTOP-GCGD1P4" failures="0" tests="3" name="Dashboard.Customer_Landing_Test_Cases.TC_22_TC_23_TC_25_Verify_Timeline_Update_For_DNA_Tests" time="176.505" errors="0" timestamp="2025-09-12T16:25:05 IST" skipped="0">
  <testcase classname="Dashboard.Customer_Landing_Test_Cases.TC_22_TC_23_TC_25_Verify_Timeline_Update_For_DNA_Tests" name="TC_23_Verify_test_summary_details_and_updates_for_DNA_test_with_result_not_published" time="0.644"/>
  <system-out/>
  <testcase classname="Dashboard.Customer_Landing_Test_Cases.TC_22_TC_23_TC_25_Verify_Timeline_Update_For_DNA_Tests" name="TC_25_Verify_Dynamic_Test_Updates_For_DNA_Tests" time="0.424"/>
  <system-out/>
  <testcase classname="Dashboard.Customer_Landing_Test_Cases.TC_22_TC_23_TC_25_Verify_Timeline_Update_For_DNA_Tests" name="TC_22_Verify_timeline_update_for_DNA_tests" time="175.437"/>
  <system-out/>
</testsuite> <!-- Dashboard.Customer_Landing_Test_Cases.TC_22_TC_23_TC_25_Verify_Timeline_Update_For_DNA_Tests -->
