<?xml version="1.0" encoding="UTF-8"?>
<!-- Generated by org.testng.reporters.JUnitReportReporter -->
<testsuite hostname="Desktop-22" failures="0" tests="8" name="Dashboard.ResetPassword.Test_Cases.TC_01_to_TC_08_Verify_Password_Reset_Functionality" time="46.322" errors="0" timestamp="2025-07-21T17:45:40 IST" skipped="0">
  <testcase classname="Dashboard.ResetPassword.Test_Cases.TC_01_to_TC_08_Verify_Password_Reset_Functionality" name="TC_01_Verify_forgot_password_link_enabled_or_not" time="2.592"/>
  <system-out/>
  <testcase classname="Dashboard.ResetPassword.Test_Cases.TC_01_to_TC_08_Verify_Password_Reset_Functionality" name="TC_06_Verify_system_prevents_users_from_reusing_old_passwords_when_resetting" time="0.246"/>
  <system-out/>
  <testcase classname="Dashboard.ResetPassword.Test_Cases.TC_01_to_TC_08_Verify_Password_Reset_Functionality" name="TC_02_Verify_behavior_when_user_keep_email_address_field_empty_during_password_reset_process" time="0.295"/>
  <system-out/>
  <testcase classname="Dashboard.ResetPassword.Test_Cases.TC_01_to_TC_08_Verify_Password_Reset_Functionality" name="TC_03_Verify_navigation_of_password_reset_link_available_in_email" time="21.079"/>
  <system-out/>
  <testcase classname="Dashboard.ResetPassword.Test_Cases.TC_01_to_TC_08_Verify_Password_Reset_Functionality" name="TC_07_Verify_password_reset_functionality_with_valid_email_address" time="8.559"/>
  <system-out/>
  <testcase classname="Dashboard.ResetPassword.Test_Cases.TC_01_to_TC_08_Verify_Password_Reset_Functionality" name="TC_08_Verify_successful_login_after_resetting_new_password" time="3.578"/>
  <system-out/>
  <testcase classname="Dashboard.ResetPassword.Test_Cases.TC_01_to_TC_08_Verify_Password_Reset_Functionality" name="TC_05_Verify_password_complexity" time="5.679"/>
  <system-out/>
  <testcase classname="Dashboard.ResetPassword.Test_Cases.TC_01_to_TC_08_Verify_Password_Reset_Functionality" name="TC_04_Verify_reset_password_without_password" time="4.294"/>
  <system-out/>
</testsuite> <!-- Dashboard.ResetPassword.Test_Cases.TC_01_to_TC_08_Verify_Password_Reset_Functionality -->
