<?xml version="1.0" encoding="UTF-8"?>
<!-- Generated by org.testng.reporters.JUnitReportReporter -->
<testsuite hostname="Desktop-22" failures="0" tests="6" name="Dashboard.Health_Assessment_Test_Cases.TC_03_TC_11_to_TC_15_Verify_The_Successful_Health_Assessment_Filling_For_Blood_SH_Test" time="132.473" errors="0" timestamp="2025-06-17T16:22:01 IST" skipped="0">
  <testcase classname="Dashboard.Health_Assessment_Test_Cases.TC_03_TC_11_to_TC_15_Verify_The_Successful_Health_Assessment_Filling_For_Blood_SH_Test" name="TC_13_Verify_that_selecting_Yes_for_unprotected_sex_prompts_additional_options_for_SH_Test" time="0.346"/>
  <system-out/>
  <testcase classname="Dashboard.Health_Assessment_Test_Cases.TC_03_TC_11_to_TC_15_Verify_The_Successful_Health_Assessment_Filling_For_Blood_SH_Test" name="TC_14_Verify_that_selecting_Yes_for_symptoms_prompts_additional_options_for_SH_Test" time="2.645"/>
  <system-out/>
  <testcase classname="Dashboard.Health_Assessment_Test_Cases.TC_03_TC_11_to_TC_15_Verify_The_Successful_Health_Assessment_Filling_For_Blood_SH_Test" name="TC_15_Verify_that_selecting_Yes_for_STI_prompts_additional_options_for_SH_Test" time="6.026"/>
  <system-out/>
  <testcase classname="Dashboard.Health_Assessment_Test_Cases.TC_03_TC_11_to_TC_15_Verify_The_Successful_Health_Assessment_Filling_For_Blood_SH_Test" name="TC_03_Verify_the_successful_health_assessment_filling_for_blood_SH_test" time="4.219"/>
  <system-out/>
  <testcase classname="Dashboard.Health_Assessment_Test_Cases.TC_03_TC_11_to_TC_15_Verify_The_Successful_Health_Assessment_Filling_For_Blood_SH_Test" name="TC_11_Verify_that_sexual_health_test_contains_additional_step_in_health_assessment" time="113.406"/>
  <system-out/>
  <testcase classname="Dashboard.Health_Assessment_Test_Cases.TC_03_TC_11_to_TC_15_Verify_The_Successful_Health_Assessment_Filling_For_Blood_SH_Test" name="TC_12_Verify_that_selecting_Yes_for_sexual_activeness_prompts_additional_options_for_SH_Test" time="5.831"/>
  <system-out/>
</testsuite> <!-- Dashboard.Health_Assessment_Test_Cases.TC_03_TC_11_to_TC_15_Verify_The_Successful_Health_Assessment_Filling_For_Blood_SH_Test -->
