<?xml version="1.0" encoding="UTF-8"?>
<!-- Generated by org.testng.reporters.JUnitReportReporter -->
<testsuite hostname="DESKTOP-GCGD1P4" failures="0" tests="1" name="Dashboard.Health_Assessment_Test_Cases.TC_34_Verify_That_Users_Can_Navigate_Between_Fields_Using_Tab_Key" time="30.770" errors="0" timestamp="2025-09-12T14:35:30 IST" skipped="0">
  <testcase classname="Dashboard.Health_Assessment_Test_Cases.TC_34_Verify_That_Users_Can_Navigate_Between_Fields_Using_Tab_Key" name="TC_34_Verify_that_users_can_navigate_between_fields_using_Tab_key" time="30.770"/>
  <system-out/>
</testsuite> <!-- Dashboard.Health_Assessment_Test_Cases.TC_34_Verify_That_Users_Can_Navigate_Between_Fields_Using_Tab_Key -->
