<?xml version="1.0" encoding="UTF-8"?>
<!-- Generated by org.testng.reporters.JUnitReportReporter -->
<testsuite hostname="Desktop-LEN-13" failures="0" tests="1" name="Smoke.Tims.Test_Cases.T24_Verify_email_includes_valid_Booking_Ref_ID" time="10.874" errors="0" timestamp="2025-04-29T13:21:52 IST" skipped="0">
  <testcase classname="Smoke.Tims.Test_Cases.T24_Verify_email_includes_valid_Booking_Ref_ID" name="verify_Ref_ID_SOFT_1044_TC_003" time="10.874"/>
  <system-out/>
</testsuite> <!-- Smoke.Tims.Test_Cases.T24_Verify_email_includes_valid_Booking_Ref_ID -->
