<?xml version="1.0" encoding="UTF-8"?>
<!-- Generated by org.testng.reporters.JUnitReportReporter -->
<testsuite hostname="DESKTOP-GCGD1P4" failures="0" tests="2" name="Dashboard.Health_Assessment_Test_Cases.TC_28_TC_29_Verify_Submitting_Health_Assessment_Without_Filling_Any_Data_On_Every_Page" time="27.203" errors="0" timestamp="2025-09-12T14:35:30 IST" skipped="0">
  <testcase classname="Dashboard.Health_Assessment_Test_Cases.TC_28_TC_29_Verify_Submitting_Health_Assessment_Without_Filling_Any_Data_On_Every_Page" name="TC_29_Verify_error_messages_appear_when_required_fields_are_left_empty" time="0.207"/>
  <system-out/>
  <testcase classname="Dashboard.Health_Assessment_Test_Cases.TC_28_TC_29_Verify_Submitting_Health_Assessment_Without_Filling_Any_Data_On_Every_Page" name="TC_28_Verify_submitting_health_assessment_without_filling_any_data_on_every_page" time="26.996"/>
  <system-out/>
</testsuite> <!-- Dashboard.Health_Assessment_Test_Cases.TC_28_TC_29_Verify_Submitting_Health_Assessment_Without_Filling_Any_Data_On_Every_Page -->
