<?xml version="1.0" encoding="UTF-8"?>
<!-- Generated by org.testng.reporters.JUnitReportReporter -->
<testsuite hostname="Desktop-22" failures="0" tests="2" name="Dashboard.Login_Logout_Test_Cases.TC_01_TC_18_Verify_User_Can_Login_With_Valid_Credential" time="4.697" errors="0" timestamp="2025-06-20T16:38:10 IST" skipped="0">
  <testcase classname="Dashboard.Login_Logout_Test_Cases.TC_01_TC_18_Verify_User_Can_Login_With_Valid_Credential" name="TC_01_Verify_user_can_login_with_valid_credential" time="3.591"/>
  <system-out/>
  <testcase classname="Dashboard.Login_Logout_Test_Cases.TC_01_TC_18_Verify_User_Can_Login_With_Valid_Credential" name="TC_18_Verify_logout_functionality" time="1.106"/>
  <system-out/>
</testsuite> <!-- Dashboard.Login_Logout_Test_Cases.TC_01_TC_18_Verify_User_Can_Login_With_Valid_Credential -->
