<?xml version="1.0" encoding="UTF-8"?>
<!-- Generated by org.testng.reporters.JUnitReportReporter -->
<testsuite hostname="Desktop-22" failures="0" tests="5" name="Dashboard.Activate_Test_Kit_Test_Cases.TC_55_Verify_Various_Types_Of_Barcodes" time="271.298" errors="0" timestamp="2025-08-06T18:36:34 IST" skipped="0">
  <testcase classname="Dashboard.Activate_Test_Kit_Test_Cases.TC_55_Verify_Various_Types_Of_Barcodes" name="TC_56_Verify_Boots_Private_Single_Barcode" time="21.020"/>
  <system-out/>
  <testcase classname="Dashboard.Activate_Test_Kit_Test_Cases.TC_55_Verify_Various_Types_Of_Barcodes" name="TC_57_Verify_Double_Barcode" time="27.397"/>
  <system-out/>
  <testcase classname="Dashboard.Activate_Test_Kit_Test_Cases.TC_55_Verify_Various_Types_Of_Barcodes" name="TC_58_Verify_Boots_Private_Double_Barcode" time="22.266"/>
  <system-out/>
  <testcase classname="Dashboard.Activate_Test_Kit_Test_Cases.TC_55_Verify_Various_Types_Of_Barcodes" name="TC_59_Verify_Activate_Kit_Double_Barcode_Blue" time="28.306"/>
  <system-out/>
  <testcase classname="Dashboard.Activate_Test_Kit_Test_Cases.TC_55_Verify_Various_Types_Of_Barcodes" name="TC_55_Verify_various_types_of_barcodes" time="172.309"/>
  <system-out/>
</testsuite> <!-- Dashboard.Activate_Test_Kit_Test_Cases.TC_55_Verify_Various_Types_Of_Barcodes -->
