<?xml version="1.0" encoding="UTF-8"?>
<!-- Generated by org.testng.reporters.JUnitReportReporter -->
<testsuite hostname="DESKTOP-GCGD1P4" failures="0" tests="1" name="Tims.SOFT_1405_Partial_Report.TC_04_Verify_Partial_Test_Report_Energy_Profile_Test_For_FOL_GGT_Untestable_Misc_Post_Analytical" time="169.892" errors="0" timestamp="2025-08-28T18:06:39 IST" skipped="0">
  <testcase classname="Tims.SOFT_1405_Partial_Report.TC_04_Verify_Partial_Test_Report_Energy_Profile_Test_For_FOL_GGT_Untestable_Misc_Post_Analytical" name="TC_04_Verify_partial_test_report_energy_profile_test_for_FOL_GGT_untestable_misc_post_analytical" time="169.892"/>
  <system-out/>
</testsuite> <!-- Tims.SOFT_1405_Partial_Report.TC_04_Verify_Partial_Test_Report_Energy_Profile_Test_For_FOL_GGT_Untestable_Misc_Post_Analytical -->
