<?xml version="1.0" encoding="UTF-8"?>
<!-- Generated by org.testng.reporters.JUnitReportReporter -->
<testsuite hostname="Desktop-22" failures="0" tests="5" name="Tims.Barcode_Batches_Test_Cases.TC_16_Verify_Behavior_When_The_Count_Field_Contains_A_Value_Of_0" time="16.492" errors="0" timestamp="2025-08-11T13:36:00 IST" skipped="0">
  <testcase classname="Tims.Barcode_Batches_Test_Cases.TC_16_Verify_Behavior_When_The_Count_Field_Contains_A_Value_Of_0" name="TC_18_Verify_that_the_count_field_contains_incremental_and_decremental_arrows" time="1.893"/>
  <system-out/>
  <testcase classname="Tims.Barcode_Batches_Test_Cases.TC_16_Verify_Behavior_When_The_Count_Field_Contains_A_Value_Of_0" name="TC_20_Verify_that_clicking_the_decremental_arrow_decreases_the_count_value" time="0.814"/>
  <system-out/>
  <testcase classname="Tims.Barcode_Batches_Test_Cases.TC_16_Verify_Behavior_When_The_Count_Field_Contains_A_Value_Of_0" name="TC_16_Verify_behavior_when_the_count_field_contains_a_value_of_0" time="11.636"/>
  <system-out/>
  <testcase classname="Tims.Barcode_Batches_Test_Cases.TC_16_Verify_Behavior_When_The_Count_Field_Contains_A_Value_Of_0" name="TC_19_Verify_that_clicking_the_incremental_arrow_increases_the_count_value" time="1.362"/>
  <system-out/>
  <testcase classname="Tims.Barcode_Batches_Test_Cases.TC_16_Verify_Behavior_When_The_Count_Field_Contains_A_Value_Of_0" name="TC_21_Verify_that_the_Count_field_cannot_be_decremented_below_2" time="0.787"/>
  <system-out/>
</testsuite> <!-- Tims.Barcode_Batches_Test_Cases.TC_16_Verify_Behavior_When_The_Count_Field_Contains_A_Value_Of_0 -->
