<?xml version="1.0" encoding="UTF-8"?>
<!-- Generated by org.testng.reporters.JUnitReportReporter -->
<testsuite hostname="Desktop-22" failures="0" tests="1" name="Dashboard.Create_Account_Test_Cases.TC_03_Verify_Mandatory_Fields" time="9.644" errors="0" timestamp="2025-07-07T18:49:56 IST" skipped="0">
  <testcase classname="Dashboard.Create_Account_Test_Cases.TC_03_Verify_Mandatory_Fields" name="TC_03_Verify_mandatory_fields" time="9.644"/>
  <system-out/>
</testsuite> <!-- Dashboard.Create_Account_Test_Cases.TC_03_Verify_Mandatory_Fields -->
