<?xml version="1.0" encoding="UTF-8"?>
<!-- Generated by org.testng.reporters.JUnitReportReporter -->
<testsuite hostname="Desktop-22" failures="0" tests="2" name="Dashboard.Customer_Landing_Test_Cases.TC_45_Verify_Calendar_UI_for_SH_Consultation" time="209.543" errors="0" timestamp="2025-07-21T11:46:14 IST" skipped="0">
  <testcase classname="Dashboard.Customer_Landing_Test_Cases.TC_45_Verify_Calendar_UI_for_SH_Consultation" name="TC_43_Verify_font_consistency" time="0.261"/>
  <system-out/>
  <testcase classname="Dashboard.Customer_Landing_Test_Cases.TC_45_Verify_Calendar_UI_for_SH_Consultation" name="TC_45_Verify_calendar_ui_for_sh_consultation" time="209.282"/>
  <system-out/>
</testsuite> <!-- Dashboard.Customer_Landing_Test_Cases.TC_45_Verify_Calendar_UI_for_SH_Consultation -->
