<?xml version="1.0" encoding="UTF-8"?>
<!-- Generated by org.testng.reporters.JUnitReportReporter -->
<testsuite hostname="DESKTOP-GCGD1P4" failures="0" tests="1" name="Dashboard.Login_Logout_Test_Cases.TC_06_Verify_Login_With_Invalid_Email_Format" time="1.836" errors="0" timestamp="2025-09-12T14:35:30 IST" skipped="0">
  <testcase classname="Dashboard.Login_Logout_Test_Cases.TC_06_Verify_Login_With_Invalid_Email_Format" name="TC_06_Verify_login_with_invalid_Email_format" time="1.836"/>
  <system-out/>
</testsuite> <!-- Dashboard.Login_Logout_Test_Cases.TC_06_Verify_Login_With_Invalid_Email_Format -->
