<?xml version="1.0" encoding="UTF-8"?>
<!-- Generated by org.testng.reporters.JUnitReportReporter -->
<testsuite hostname="DESKTOP-GCGD1P4" failures="0" tests="1" name="Tims.Partial_Report_SOFT_1409_Test_Cases.TC_04_Verify_Partial_Test_Report_For_The_General_Health_Test_For_Biomarkers_HbA1c_GGT_with_Error_Untestable_Insufficient_Sample_Receipt" time="162.029" errors="0" timestamp="2025-10-08T17:52:29 IST" skipped="0">
  <testcase classname="Tims.Partial_Report_SOFT_1409_Test_Cases.TC_04_Verify_Partial_Test_Report_For_The_General_Health_Test_For_Biomarkers_HbA1c_GGT_with_Error_Untestable_Insufficient_Sample_Receipt" name="TC_04_Verify_partial_test_report_for_the_general_health_test_for_biomarkers_HbA1c_GGT_with_error_reason_untestable_insufficient_sample_receipt" time="162.029"/>
  <system-out/>
</testsuite> <!-- Tims.Partial_Report_SOFT_1409_Test_Cases.TC_04_Verify_Partial_Test_Report_For_The_General_Health_Test_For_Biomarkers_HbA1c_GGT_with_Error_Untestable_Insufficient_Sample_Receipt -->
