<?xml version="1.0" encoding="UTF-8"?>
<!-- Generated by org.testng.reporters.JUnitReportReporter -->
<testsuite hostname="Desktop-22" failures="0" tests="1" name="Smoke.Dashboard.Test_Cases.TC_02_Verify_Phlebotomist_Test_Type_Confirm" time="17.463" errors="0" timestamp="2025-05-12T18:43:51 IST" skipped="0">
  <testcase classname="Smoke.Dashboard.Test_Cases.TC_02_Verify_Phlebotomist_Test_Type_Confirm" name="Verify_Phlebotomist_Test_Type_Confirmation_SOFT_685_F4" time="17.463"/>
  <system-out/>
</testsuite> <!-- Smoke.Dashboard.Test_Cases.TC_02_Verify_Phlebotomist_Test_Type_Confirm -->
