<?xml version="1.0" encoding="UTF-8"?>
<!-- Generated by org.testng.reporters.JUnitReportReporter -->
<testsuite hostname="Desktop-307" failures="0" tests="1" name="Dashboard.Test_Cases.Verify_Consent_Checkbox_Validations" time="10.626" errors="0" timestamp="2025-04-08T16:49:39 IST" skipped="0">
  <testcase classname="Dashboard.Test_Cases.Verify_Consent_Checkbox_Validations" name="Verify_Consent_Checkbox_Validations_SOFT_684_F1" time="10.626"/>
  <system-out/>
</testsuite> <!-- Dashboard.Test_Cases.Verify_Consent_Checkbox_Validations -->
