<?xml version="1.0" encoding="UTF-8"?>
<!-- Generated by org.testng.reporters.JUnitReportReporter -->
<testsuite hostname="Desktop-22" failures="0" tests="7" name="Dashboard.ResetPassword.Test_Cases.TC_01_to_TC_07_Verify_Password_Reset_Functionality" time="45.212" errors="0" timestamp="2025-07-08T17:00:18 IST" skipped="0">
  <testcase classname="Dashboard.ResetPassword.Test_Cases.TC_01_to_TC_07_Verify_Password_Reset_Functionality" name="TC_04_Verify_password_complexity" time="4.700"/>
  <system-out/>
  <testcase classname="Dashboard.ResetPassword.Test_Cases.TC_01_to_TC_07_Verify_Password_Reset_Functionality" name="TC_03_Verify_navigation_of_password_reset_link_available_in_email" time="25.957"/>
  <system-out/>
  <testcase classname="Dashboard.ResetPassword.Test_Cases.TC_01_to_TC_07_Verify_Password_Reset_Functionality" name="TC_06_Verify_password_reset_functionality_with_valid_email_address" time="8.598"/>
  <system-out/>
  <testcase classname="Dashboard.ResetPassword.Test_Cases.TC_01_to_TC_07_Verify_Password_Reset_Functionality" name="TC_01_Verify_forgot_password_link_enabled_or_not" time="1.726"/>
  <system-out/>
  <testcase classname="Dashboard.ResetPassword.Test_Cases.TC_01_to_TC_07_Verify_Password_Reset_Functionality" name="TC_07_Verify_successful_login_after_resetting_new_password" time="3.620"/>
  <system-out/>
  <testcase classname="Dashboard.ResetPassword.Test_Cases.TC_01_to_TC_07_Verify_Password_Reset_Functionality" name="TC_02_Verify_behavior_when_user_keep_email_address_field_empty_during_password_reset_process" time="0.377"/>
  <system-out/>
  <testcase classname="Dashboard.ResetPassword.Test_Cases.TC_01_to_TC_07_Verify_Password_Reset_Functionality" name="TC_05_Verify_system_prevents_users_from_reusing_old_passwords_when_resetting" time="0.234"/>
  <system-out/>
</testsuite> <!-- Dashboard.ResetPassword.Test_Cases.TC_01_to_TC_07_Verify_Password_Reset_Functionality -->
