<?xml version="1.0" encoding="UTF-8"?>
<!-- Generated by org.testng.reporters.JUnitReportReporter -->
<testsuite hostname="Desktop-22" failures="0" tests="1" name="Dashboard.Health_Assessment_Test_Cases.TC_30_Verify_User_Is_Prompted_With_Alert_For_Unsaved_Data" time="30.148" errors="0" timestamp="2025-07-04T10:26:59 IST" skipped="0">
  <testcase classname="Dashboard.Health_Assessment_Test_Cases.TC_30_Verify_User_Is_Prompted_With_Alert_For_Unsaved_Data" name="TC_30_Verify_user_is_prompted_with_alert_for_unsaved_data" time="30.148"/>
  <system-out/>
</testsuite> <!-- Dashboard.Health_Assessment_Test_Cases.TC_30_Verify_User_Is_Prompted_With_Alert_For_Unsaved_Data -->
