<?xml version="1.0" encoding="UTF-8"?>
<!-- Generated by org.testng.reporters.JUnitReportReporter -->
<testsuite hostname="DESKTOP-GCGD1P4" failures="0" tests="1" name="Tims.SH_Test_Cases.TC_07_Verify_Test_Kit_Status_When_Only_Secondary_Result_Is_Uploaded_CLA_Detected_GON_Unconfirmed_Reactive" time="154.333" errors="0" timestamp="2025-09-12T14:35:30 IST" skipped="0">
  <testcase classname="Tims.SH_Test_Cases.TC_07_Verify_Test_Kit_Status_When_Only_Secondary_Result_Is_Uploaded_CLA_Detected_GON_Unconfirmed_Reactive" name="TC_07_Verify_test_kit_status_when_only_secondary_result_is_uploaded_CLA_detected_GON_unconfirmed_reactive" time="154.333"/>
  <system-out/>
</testsuite> <!-- Tims.SH_Test_Cases.TC_07_Verify_Test_Kit_Status_When_Only_Secondary_Result_Is_Uploaded_CLA_Detected_GON_Unconfirmed_Reactive -->
