<?xml version="1.0" encoding="UTF-8"?>
<!-- Generated by org.testng.reporters.JUnitReportReporter -->
<testsuite hostname="DESKTOP-GCGD1P4" failures="0" tests="1" name="Tims.SOFT_1405_Partial_Report.TC_02_Verify_Partial_Test_Reporting_For_Energy_Profile_Test_For_Biomarkers_Folate_Error_Reason_Untestable_Insufficient_post_analytical" time="197.826" errors="0" timestamp="2025-08-28T14:32:17 IST" skipped="0">
  <testcase classname="Tims.SOFT_1405_Partial_Report.TC_02_Verify_Partial_Test_Reporting_For_Energy_Profile_Test_For_Biomarkers_Folate_Error_Reason_Untestable_Insufficient_post_analytical" name="TC_02_Verify_partial_test_reporting_for_energy_profile_test_for_biomarkers_folate_error_reason_untestable_insufficient_post_analytical" time="197.826"/>
  <system-out/>
</testsuite> <!-- Tims.SOFT_1405_Partial_Report.TC_02_Verify_Partial_Test_Reporting_For_Energy_Profile_Test_For_Biomarkers_Folate_Error_Reason_Untestable_Insufficient_post_analytical -->
