<?xml version="1.0" encoding="UTF-8"?>
<!-- Generated by org.testng.reporters.JUnitReportReporter -->
<testsuite hostname="Desktop-22" failures="0" tests="1" name="Dashboard.ResetPassword.Test_Cases.TC_09_Verify_Reset_Password_Functionality_With_Expired_Reset_Link" time="2.376" errors="0" timestamp="2025-07-08T17:00:18 IST" skipped="0">
  <testcase classname="Dashboard.ResetPassword.Test_Cases.TC_09_Verify_Reset_Password_Functionality_With_Expired_Reset_Link" name="TC_09_Verify_reset_password_functionality_with_expired_reset_link" time="2.376"/>
  <system-out/>
</testsuite> <!-- Dashboard.ResetPassword.Test_Cases.TC_09_Verify_Reset_Password_Functionality_With_Expired_Reset_Link -->
