<?xml version="1.0" encoding="UTF-8"?>
<!-- Generated by org.testng.reporters.JUnitReportReporter -->
<testsuite hostname="Desktop-22" failures="0" tests="1" name="Dashboard.Health_Assessment_Test_Cases.TC_04_Verify_The_Successful_Health_Assessment_Filling_For_DNA_Test" time="133.199" errors="0" timestamp="2025-07-04T15:14:21 IST" skipped="0">
  <testcase classname="Dashboard.Health_Assessment_Test_Cases.TC_04_Verify_The_Successful_Health_Assessment_Filling_For_DNA_Test" name="TC_04_Verify_the_successful_health_assessment_filling_for_DNA_test" time="133.199"/>
  <system-out/>
</testsuite> <!-- Dashboard.Health_Assessment_Test_Cases.TC_04_Verify_The_Successful_Health_Assessment_Filling_For_DNA_Test -->
