<?xml version="1.0" encoding="UTF-8"?>
<!-- Generated by org.testng.reporters.JUnitReportReporter -->
<testsuite hostname="DESKTOP-GCGD1P4" failures="0" tests="1" name="Dashboard.Login_Logout_Test_Cases.TC_13_Check_The_Error_Messages_Displayed_On_The_Login_Page" time="4.183" errors="0" timestamp="2025-09-12T14:35:30 IST" skipped="0">
  <testcase classname="Dashboard.Login_Logout_Test_Cases.TC_13_Check_The_Error_Messages_Displayed_On_The_Login_Page" name="TC_13_Check_the_error_messages_displayed_on_the_login_page" time="4.183"/>
  <system-out/>
</testsuite> <!-- Dashboard.Login_Logout_Test_Cases.TC_13_Check_The_Error_Messages_Displayed_On_The_Login_Page -->
