<?xml version="1.0" encoding="UTF-8"?>
<!-- Generated by org.testng.reporters.JUnitReportReporter -->
<testsuite hostname="Desktop-22" failures="0" tests="2" name="Dashboard.Health_Assessment_Test_Cases.TC_42_Verify_Navigation_Buttons_Functionality_On_Health_Assessment_Page" time="28.371" errors="0" timestamp="2025-06-11T11:47:48 IST" skipped="0">
  <testcase classname="Dashboard.Health_Assessment_Test_Cases.TC_42_Verify_Navigation_Buttons_Functionality_On_Health_Assessment_Page" name="TC_42_Verify_navigation_buttons_functionality_on_health_assessment_page" time="27.936"/>
  <system-out/>
  <testcase classname="Dashboard.Health_Assessment_Test_Cases.TC_42_Verify_Navigation_Buttons_Functionality_On_Health_Assessment_Page" name="TC_45_Verify_a_progress_bar_is_displayed_if_the_health_assessment_is_multi_page" time="0.435"/>
  <system-out/>
</testsuite> <!-- Dashboard.Health_Assessment_Test_Cases.TC_42_Verify_Navigation_Buttons_Functionality_On_Health_Assessment_Page -->
