<?xml version="1.0" encoding="UTF-8"?>
<!-- Generated by org.testng.reporters.JUnitReportReporter -->
<testsuite hostname="Desktop-307" failures="0" tests="1" name="Dashboard.Test_Cases.TC_05_Verify_Health_Assessment_Mandatory" time="19.119" errors="0" timestamp="2025-04-10T17:01:54 IST" skipped="0">
  <testcase classname="Dashboard.Test_Cases.TC_05_Verify_Health_Assessment_Mandatory" name="Verify_Health_Assessment_Form_Open_SOFT_688_F1" time="19.119"/>
  <system-out/>
</testsuite> <!-- Dashboard.Test_Cases.TC_05_Verify_Health_Assessment_Mandatory -->
