<?xml version="1.0" encoding="UTF-8"?>
<!-- Generated by org.testng.reporters.JUnitReportReporter -->
<testsuite hostname="Desktop-22" failures="0" tests="2" name="Regression.Dashboard.Test_Cases.TC_13_Verify_the_side_menu_bar_contain" time="12.988" errors="0" timestamp="2025-05-15T15:51:42 IST" skipped="0">
  <testcase classname="Regression.Dashboard.Test_Cases.TC_13_Verify_the_side_menu_bar_contain" name="Verify_whether_the_Continue_button_is_clickable" time="6.295"/>
  <system-out/>
  <testcase classname="Regression.Dashboard.Test_Cases.TC_13_Verify_the_side_menu_bar_contain" name="Verify_the_side_menu_bar_contain_SOFT_683_F3" time="6.693"/>
  <system-out/>
</testsuite> <!-- Regression.Dashboard.Test_Cases.TC_13_Verify_the_side_menu_bar_contain -->
