<?xml version="1.0" encoding="UTF-8"?>
<!-- Generated by org.testng.reporters.JUnitReportReporter -->
<testsuite hostname="DESKTOP-GCGD1P4" failures="0" tests="1" name="Tims.SOFT_1405_Partial_Report.TC_15_Verify_Partial_Test_Report_Weight_Management_Test_For_FOL_Untestable_Clotted_Post_Analytical" time="162.488" errors="0" timestamp="2025-09-03T17:07:59 IST" skipped="0">
  <testcase classname="Tims.SOFT_1405_Partial_Report.TC_15_Verify_Partial_Test_Report_Weight_Management_Test_For_FOL_Untestable_Clotted_Post_Analytical" name="TC_15_Verify_partial_test_report_weight_management_test_for_FOL_untestable_clotted_post_analytical" time="162.488"/>
  <system-out/>
</testsuite> <!-- Tims.SOFT_1405_Partial_Report.TC_15_Verify_Partial_Test_Report_Weight_Management_Test_For_FOL_Untestable_Clotted_Post_Analytical -->
