<?xml version="1.0" encoding="UTF-8"?>
<!-- Generated by org.testng.reporters.JUnitReportReporter -->
<testsuite hostname="DESKTOP-GCGD1P4" failures="0" tests="1" name="Dashboard.Health_Assessment_Test_Cases.TC_43_Verify_The_Successful_Health_Assessment_Filling_For_Normal_Blood_Test_With_The_Option_As_Yes" time="33.415" errors="0" timestamp="2025-09-12T14:35:30 IST" skipped="0">
  <testcase classname="Dashboard.Health_Assessment_Test_Cases.TC_43_Verify_The_Successful_Health_Assessment_Filling_For_Normal_Blood_Test_With_The_Option_As_Yes" name="TC_43_Verify_the_successful_health_assessment_filling_for_normal_blood_test_with_the_option_as_Yes" time="33.415"/>
  <system-out/>
</testsuite> <!-- Dashboard.Health_Assessment_Test_Cases.TC_43_Verify_The_Successful_Health_Assessment_Filling_For_Normal_Blood_Test_With_The_Option_As_Yes -->
