<?xml version="1.0" encoding="UTF-8"?>
<!-- Generated by org.testng.reporters.JUnitReportReporter -->
<testsuite hostname="Desktop-307" failures="0" tests="1" name="Dashboard.Test_Cases.Verify_Dashboard_Login" time="4.795" errors="0" timestamp="2025-04-10T17:01:54 IST" skipped="0">
  <testcase classname="Dashboard.Test_Cases.Verify_Dashboard_Login" name="Verify_DashBoard_Login" time="4.795"/>
  <system-out/>
</testsuite> <!-- Dashboard.Test_Cases.Verify_Dashboard_Login -->
