<?xml version="1.0" encoding="UTF-8"?>
<!-- Generated by org.testng.reporters.JUnitReportReporter -->
<testsuite hostname="Desktop-22" failures="0" tests="1" name="Dashboard.Activate_Test_Kit_Test_Cases.TC_43_Additional_Verify_The_Postage_Tracking_Number_Auto_Population" time="51.234" errors="0" timestamp="2025-07-15T17:12:39 IST" skipped="0">
  <testcase classname="Dashboard.Activate_Test_Kit_Test_Cases.TC_43_Additional_Verify_The_Postage_Tracking_Number_Auto_Population" name="TC_43_Additional_Verify_the_postage_tracking_number_auto_population" time="51.234"/>
  <system-out/>
</testsuite> <!-- Dashboard.Activate_Test_Kit_Test_Cases.TC_43_Additional_Verify_The_Postage_Tracking_Number_Auto_Population -->
