<?xml version="1.0" encoding="UTF-8"?>
<!-- Generated by org.testng.reporters.JUnitReportReporter -->
<testsuite hostname="DESKTOP-GCGD1P4" failures="0" tests="3" name="Dashboard.Health_Assessment_Test_Cases.TC_08_TC_09_TC_10_Verify_The_Successful_Health_Assessment_Filling_For_Blood_Hormone_Test" time="91.308" errors="0" timestamp="2025-09-12T14:35:30 IST" skipped="0">
  <testcase classname="Dashboard.Health_Assessment_Test_Cases.TC_08_TC_09_TC_10_Verify_The_Successful_Health_Assessment_Filling_For_Blood_Hormone_Test" name="TC_09_Verify_the_successful_health_assessment_filling_for_blood_hormone_test" time="2.674"/>
  <system-out/>
  <testcase classname="Dashboard.Health_Assessment_Test_Cases.TC_08_TC_09_TC_10_Verify_The_Successful_Health_Assessment_Filling_For_Blood_Hormone_Test" name="TC_08_Verify_that_blood_hormone_test_contains_additional_step_in_health_assessment" time="88.472"/>
  <system-out/>
  <testcase classname="Dashboard.Health_Assessment_Test_Cases.TC_08_TC_09_TC_10_Verify_The_Successful_Health_Assessment_Filling_For_Blood_Hormone_Test" name="TC_10_Verify_successful_health_assessment_filling_for_blood_hormone_test_with_option_as_Yes_for_applicable_fields" time="0.162"/>
  <system-out/>
</testsuite> <!-- Dashboard.Health_Assessment_Test_Cases.TC_08_TC_09_TC_10_Verify_The_Successful_Health_Assessment_Filling_For_Blood_Hormone_Test -->
