<?xml version="1.0" encoding="UTF-8"?>
<!-- Generated by org.testng.reporters.JUnitReportReporter -->
<testsuite hostname="Desktop-22" failures="0" tests="1" name="Tims.Barcode_Batches_Test_Cases.TC_01_DNA_Verify_That_The_Create_DNA_Batch_Button_Opens_The_Form" time="17.153" errors="0" timestamp="2025-07-28T10:32:42 IST" skipped="0">
  <testcase classname="Tims.Barcode_Batches_Test_Cases.TC_01_DNA_Verify_That_The_Create_DNA_Batch_Button_Opens_The_Form" name="TC_01_DNA_Verify_that_the_create_DNA_batch_button_opens_the_form" time="17.153"/>
  <system-out/>
</testsuite> <!-- Tims.Barcode_Batches_Test_Cases.TC_01_DNA_Verify_That_The_Create_DNA_Batch_Button_Opens_The_Form -->
