<?xml version="1.0" encoding="UTF-8"?>
<!-- Generated by org.testng.reporters.JUnitReportReporter -->
<testsuite hostname="Desktop-22" failures="0" tests="1" name="Dashboard.Create_Account_Test_Cases.TC_04_Verify_That_Marketing_Consent_Checkbox_Is_Optional" time="11.175" errors="0" timestamp="2025-07-07T18:49:56 IST" skipped="0">
  <testcase classname="Dashboard.Create_Account_Test_Cases.TC_04_Verify_That_Marketing_Consent_Checkbox_Is_Optional" name="TC_04_Verify_successful_account_creation_with_valid_data" time="11.175"/>
  <system-out/>
</testsuite> <!-- Dashboard.Create_Account_Test_Cases.TC_04_Verify_That_Marketing_Consent_Checkbox_Is_Optional -->
