<?xml version="1.0" encoding="UTF-8"?>
<!-- Generated by org.testng.reporters.JUnitReportReporter -->
<testsuite hostname="DESKTOP-GCGD1P4" failures="0" tests="1" name="Tims.Partial_Report_SOFT_1409_Test_Cases.TC_01_Verify_Partial_Test_Report_General_Health_Test_HbA1c_with_Error_Untestable_Grossly_Haemolysed" time="75.454" errors="0" timestamp="2025-10-14T17:03:57 IST" skipped="0">
  <testcase classname="Tims.Partial_Report_SOFT_1409_Test_Cases.TC_01_Verify_Partial_Test_Report_General_Health_Test_HbA1c_with_Error_Untestable_Grossly_Haemolysed" name="TC_01_Verify_partial_test_reporting_for_the_general_health_test_specifically_for_the_biomarkers_HbA1c_with_error_reason_marked_as_untestable_grossly_haemolysed" time="75.454"/>
  <system-out/>
</testsuite> <!-- Tims.Partial_Report_SOFT_1409_Test_Cases.TC_01_Verify_Partial_Test_Report_General_Health_Test_HbA1c_with_Error_Untestable_Grossly_Haemolysed -->
