<?xml version="1.0" encoding="UTF-8"?>
<!-- Generated by org.testng.reporters.JUnitReportReporter -->
<testsuite hostname="DESKTOP-GCGD1P4" failures="0" tests="1" name="Tims.Partial_Report_SOFT_1405_Test_Cases.TC_01_Verify_Published_Test_Report_Functionality_With_Full_Blood_Results" time="150.024" errors="0" timestamp="2025-09-12T14:35:30 IST" skipped="0">
  <testcase classname="Tims.Partial_Report_SOFT_1405_Test_Cases.TC_01_Verify_Published_Test_Report_Functionality_With_Full_Blood_Results" name="TC_01_Verify_published_test_report_functionality_with_full_blood_results" time="150.024"/>
  <system-out/>
</testsuite> <!-- Tims.Partial_Report_SOFT_1405_Test_Cases.TC_01_Verify_Published_Test_Report_Functionality_With_Full_Blood_Results -->
