<?xml version="1.0" encoding="UTF-8"?>
<!-- Generated by org.testng.reporters.JUnitReportReporter -->
<testsuite hostname="DESKTOP-GCGD1P4" failures="0" tests="2" name="Dashboard.Login_Logout_Test_Cases.TC_11_TC_12_Check_The_Element_Visibility_On_Login_Page" time="2.135" errors="0" timestamp="2025-09-12T14:35:30 IST" skipped="0">
  <testcase classname="Dashboard.Login_Logout_Test_Cases.TC_11_TC_12_Check_The_Element_Visibility_On_Login_Page" name="TC_12_Check_the_display_of_labels_and_titles_on_login_page" time="0.702"/>
  <system-out/>
  <testcase classname="Dashboard.Login_Logout_Test_Cases.TC_11_TC_12_Check_The_Element_Visibility_On_Login_Page" name="TC_11_Check_the_element_visibility_on_login_page" time="1.433"/>
  <system-out/>
</testsuite> <!-- Dashboard.Login_Logout_Test_Cases.TC_11_TC_12_Check_The_Element_Visibility_On_Login_Page -->
