<?xml version="1.0" encoding="UTF-8"?>
<!-- Generated by org.testng.reporters.JUnitReportReporter -->
<testsuite hostname="DESKTOP-GCGD1P4" failures="0" tests="1" name="Tims.Partial_Report_SOFT_1407_Test_Cases.TC_25_Verify_Partial_Reporting_Energy_Profile_Test_FOL_GGT_ALP_And_FBC_Group_Inhibitory" time="159.473" errors="0" timestamp="2025-10-01T16:26:47 IST" skipped="0">
  <testcase classname="Tims.Partial_Report_SOFT_1407_Test_Cases.TC_25_Verify_Partial_Reporting_Energy_Profile_Test_FOL_GGT_ALP_And_FBC_Group_Inhibitory" name="TC_25_Verify_partial_reporting_energy_profile_test_FOL_GGT_ALP_and_FBC_group_inhibitory" time="159.473"/>
  <system-out/>
</testsuite> <!-- Tims.Partial_Report_SOFT_1407_Test_Cases.TC_25_Verify_Partial_Reporting_Energy_Profile_Test_FOL_GGT_ALP_And_FBC_Group_Inhibitory -->
