<?xml version="1.0" encoding="UTF-8"?>
<!-- Generated by org.testng.reporters.JUnitReportReporter -->
<testsuite hostname="Desktop-22" failures="0" tests="1" name="Regression.Dashboard.Test_Cases.TC_18_Verify_the_customer_can_proceed_only_after_ticking_both_the_consent_checkbox" time="19.748" errors="0" timestamp="2025-05-19T11:55:16 IST" skipped="0">
  <testcase classname="Regression.Dashboard.Test_Cases.TC_18_Verify_the_customer_can_proceed_only_after_ticking_both_the_consent_checkbox" name="Verify_the_customer_can_proceed_only_after_ticking_both_the_consent_checkbox_SOFT_684_F1" time="19.748"/>
  <system-out/>
</testsuite> <!-- Regression.Dashboard.Test_Cases.TC_18_Verify_the_customer_can_proceed_only_after_ticking_both_the_consent_checkbox -->
