<?xml version="1.0" encoding="UTF-8"?>
<!-- Generated by org.testng.reporters.JUnitReportReporter -->
<testsuite hostname="Desktop-22" failures="0" tests="7" name="Dashboard.ResetPassword.Test_Cases.TC_01_Verify_password_reset_functionality" time="41.888" errors="0" timestamp="2025-06-04T17:13:00 IST" skipped="0">
  <testcase classname="Dashboard.ResetPassword.Test_Cases.TC_01_Verify_password_reset_functionality" name="Verify_forgot_password_link_enabled_or_not" time="2.182"/>
  <system-out/>
  <testcase classname="Dashboard.ResetPassword.Test_Cases.TC_01_Verify_password_reset_functionality" name="Verify_navigation_of_password_reset_link_available_in_email" time="22.449"/>
  <system-out/>
  <testcase classname="Dashboard.ResetPassword.Test_Cases.TC_01_Verify_password_reset_functionality" name="Verify_password_reset_functionality_with_valid_email_address" time="8.570"/>
  <system-out/>
  <testcase classname="Dashboard.ResetPassword.Test_Cases.TC_01_Verify_password_reset_functionality" name="Verify_successful_login_after_resetting_new_password" time="3.567"/>
  <system-out/>
  <testcase classname="Dashboard.ResetPassword.Test_Cases.TC_01_Verify_password_reset_functionality" name="Verify_system_prevents_users_from_reusing_old_passwords_when_resetting" time="0.280"/>
  <system-out/>
  <testcase classname="Dashboard.ResetPassword.Test_Cases.TC_01_Verify_password_reset_functionality" name="Verify_behavior_when_user_keep_email_address_field_empty_during_password_reset_process" time="0.240"/>
  <system-out/>
  <testcase classname="Dashboard.ResetPassword.Test_Cases.TC_01_Verify_password_reset_functionality" name="Verify_password_complexity" time="4.600"/>
  <system-out/>
</testsuite> <!-- Dashboard.ResetPassword.Test_Cases.TC_01_Verify_password_reset_functionality -->
