<?xml version="1.0" encoding="UTF-8"?>
<!-- Generated by org.testng.reporters.JUnitReportReporter -->
<testsuite hostname="DESKTOP-GCGD1P4" failures="0" tests="2" name="Dashboard.Customer_Landing_Test_Cases.TC_07_TC_13_TC_15_Verify_The_Timeline_For_SH_Test_With_Unconfirmed_Results" time="181.189" errors="0" timestamp="2025-09-12T14:35:30 IST" skipped="0">
  <testcase classname="Dashboard.Customer_Landing_Test_Cases.TC_07_TC_13_TC_15_Verify_The_Timeline_For_SH_Test_With_Unconfirmed_Results" name="TC_13_Verify_the_display_of_calendly_calendar_with_message_for_SH_tests" time="174.435"/>
  <system-out/>
  <testcase classname="Dashboard.Customer_Landing_Test_Cases.TC_07_TC_13_TC_15_Verify_The_Timeline_For_SH_Test_With_Unconfirmed_Results" name="TC_07_Verify_the_timeline_for_SH_test_with_unconfirmed_results" time="6.754"/>
  <system-out/>
</testsuite> <!-- Dashboard.Customer_Landing_Test_Cases.TC_07_TC_13_TC_15_Verify_The_Timeline_For_SH_Test_With_Unconfirmed_Results -->
