<?xml version="1.0" encoding="UTF-8"?>
<!-- Generated by org.testng.reporters.JUnitReportReporter -->
<testsuite hostname="Desktop-22" failures="0" tests="1" name="Regression.Dashboard.Test_Cases.TC_16_Verify_test_type_is_prepopulated_based_on_url" time="10.513" errors="0" timestamp="2025-05-15T17:56:18 IST" skipped="0">
  <testcase classname="Regression.Dashboard.Test_Cases.TC_16_Verify_test_type_is_prepopulated_based_on_url" name="Verify_test_type_is_prepopulated_based_on_url_SOFT_685_F3" time="10.513"/>
  <system-out/>
</testsuite> <!-- Regression.Dashboard.Test_Cases.TC_16_Verify_test_type_is_prepopulated_based_on_url -->
