<?xml version="1.0" encoding="UTF-8"?>
<!-- Generated by org.testng.reporters.JUnitReportReporter -->
<testsuite hostname="DESKTOP-GCGD1P4" failures="0" tests="1" name="Tims.SOFT_1405_Partial_Report.TC_05_Verify_Partial_Test_Report_Energy_Profile_Test_For_FOL_ALP_Untestable_Grossly_Haemolysed" time="171.546" errors="0" timestamp="2025-08-29T12:18:08 IST" skipped="0">
  <testcase classname="Tims.SOFT_1405_Partial_Report.TC_05_Verify_Partial_Test_Report_Energy_Profile_Test_For_FOL_ALP_Untestable_Grossly_Haemolysed" name="TC_05_Verify_partial_test_report_energy_profile_test_for_FOL_ALP_untestable_grossly_haemolysed" time="171.546"/>
  <system-out/>
</testsuite> <!-- Tims.SOFT_1405_Partial_Report.TC_05_Verify_Partial_Test_Report_Energy_Profile_Test_For_FOL_ALP_Untestable_Grossly_Haemolysed -->
