<?xml version="1.0" encoding="UTF-8"?>
<!-- Generated by org.testng.reporters.JUnitReportReporter -->
<testsuite hostname="Desktop-95" failures="0" tests="1" name="Business.Coding_Lists.Test_Cases.Verify_Blood_Batch_Creation" time="15.945" errors="0" timestamp="2025-02-21T18:51:58 IST" skipped="0">
  <testcase classname="Business.Coding_Lists.Test_Cases.Verify_Blood_Batch_Creation" name="Create_Barcode_Batch_SOFT_262_F1_Smoke" time="15.945"/>
  <system-out/>
</testsuite> <!-- Business.Coding_Lists.Test_Cases.Verify_Blood_Batch_Creation -->
