<?xml version="1.0" encoding="UTF-8"?>
<!-- Generated by org.testng.reporters.JUnitReportReporter -->
<testsuite hostname="DESKTOP-GCGD1P4" failures="0" tests="2" name="Dashboard.Activate_Test_Kit_Test_Cases.TC_02_TC_40_Verify_Auto_Population_Of_Secondary_Barcode" time="80.032" errors="0" timestamp="2025-09-12T14:35:30 IST" skipped="0">
  <testcase classname="Dashboard.Activate_Test_Kit_Test_Cases.TC_02_TC_40_Verify_Auto_Population_Of_Secondary_Barcode" name="TC_02_Verify_auto_population_of_secondary_barcode_for_test_kits_with_two_barcodes" time="24.041"/>
  <system-out/>
  <testcase classname="Dashboard.Activate_Test_Kit_Test_Cases.TC_02_TC_40_Verify_Auto_Population_Of_Secondary_Barcode" name="TC_40_Generate_primary_secondary_barcodes" time="55.991"/>
  <system-out/>
</testsuite> <!-- Dashboard.Activate_Test_Kit_Test_Cases.TC_02_TC_40_Verify_Auto_Population_Of_Secondary_Barcode -->
