<?xml version="1.0" encoding="UTF-8"?>
<!-- Generated by org.testng.reporters.JUnitReportReporter -->
<testsuite hostname="Desktop-22" failures="0" tests="2" name="Dashboard.Health_Assessment_Test_Cases.TC_03_Verify_The_Successful_Health_Assessment_Filling_For_Blood_SH_Test" time="148.016" errors="0" timestamp="2025-06-16T17:55:10 IST" skipped="0">
  <testcase classname="Dashboard.Health_Assessment_Test_Cases.TC_03_Verify_The_Successful_Health_Assessment_Filling_For_Blood_SH_Test" name="TC_11_Verify_that_sexual_health_test_contains_additional_step_in_health_assessment" time="130.649"/>
  <system-out/>
  <testcase classname="Dashboard.Health_Assessment_Test_Cases.TC_03_Verify_The_Successful_Health_Assessment_Filling_For_Blood_SH_Test" name="TC_03_Verify_the_successful_health_assessment_filling_for_blood_SH_test" time="17.367"/>
  <system-out/>
</testsuite> <!-- Dashboard.Health_Assessment_Test_Cases.TC_03_Verify_The_Successful_Health_Assessment_Filling_For_Blood_SH_Test -->
