<?xml version="1.0" encoding="UTF-8"?>
<!-- Generated by org.testng.reporters.JUnitReportReporter -->
<testsuite hostname="Desktop-22" failures="0" tests="1" name="Dashboard.Customer_Landing.TC_06_Verify_The_Timeline_For_Rejected_Test_Kit" time="177.272" errors="0" timestamp="2025-07-02T18:29:13 IST" skipped="0">
  <testcase classname="Dashboard.Customer_Landing.TC_06_Verify_The_Timeline_For_Rejected_Test_Kit" name="TC_06_Verify_the_timeline_for_rejected_test_kit" time="177.272"/>
  <system-out/>
</testsuite> <!-- Dashboard.Customer_Landing.TC_06_Verify_The_Timeline_For_Rejected_Test_Kit -->
