<?xml version="1.0" encoding="UTF-8"?>
<!-- Generated by org.testng.reporters.JUnitReportReporter -->
<testsuite hostname="Desktop-22" failures="0" tests="1" name="Dashboard.Customer_Landing_Test_Cases.test" time="0.190" errors="0" timestamp="2025-07-11T14:29:49 IST" skipped="0">
  <testcase classname="Dashboard.Customer_Landing_Test_Cases.test" name="testDemo" time="0.190"/>
  <system-out/>
</testsuite> <!-- Dashboard.Customer_Landing_Test_Cases.test -->
