<?xml version="1.0" encoding="UTF-8"?>
<!-- Generated by org.testng.reporters.JUnitReportReporter -->
<testsuite hostname="DESKTOP-GCGD1P4" failures="0" tests="1" name="Tims.Partial_Report_SOFT_1407_Test_Cases.TC_19_Verify_Partial_Report_For_Energy_Profile_Test_Biomarker_Other_Than_FBC_Untestable_Insufficiant_sample_receipt" time="128.875" errors="0" timestamp="2025-10-07T18:24:20 IST" skipped="0">
  <testcase classname="Tims.Partial_Report_SOFT_1407_Test_Cases.TC_19_Verify_Partial_Report_For_Energy_Profile_Test_Biomarker_Other_Than_FBC_Untestable_Insufficiant_sample_receipt" name="TC_19_Verify_partial_report_energy_profile_test_biomarker_other_than_FBC_untestable_insufficient_sample" time="128.875"/>
  <system-out/>
</testsuite> <!-- Tims.Partial_Report_SOFT_1407_Test_Cases.TC_19_Verify_Partial_Report_For_Energy_Profile_Test_Biomarker_Other_Than_FBC_Untestable_Insufficiant_sample_receipt -->
