<?xml version="1.0" encoding="UTF-8"?>
<!-- Generated by org.testng.reporters.JUnitReportReporter -->
<testsuite hostname="DESKTOP-GCGD1P4" failures="0" tests="1" name="Tims.SOFT_1405_Partial_Report.TC_06_Verify_Partial_Test_Report_Energy_Profile_Test_For_FOL_ALT_GGT_Untestable_Insufficient_Sample_Receipt" time="174.709" errors="0" timestamp="2025-08-29T13:06:53 IST" skipped="0">
  <testcase classname="Tims.SOFT_1405_Partial_Report.TC_06_Verify_Partial_Test_Report_Energy_Profile_Test_For_FOL_ALT_GGT_Untestable_Insufficient_Sample_Receipt" name="TC_05_Verify_partial_test_report_energy_profile_test_for_FOL_ALT_GGT_untestable_insufficient_sample_receipt" time="174.709"/>
  <system-out/>
</testsuite> <!-- Tims.SOFT_1405_Partial_Report.TC_06_Verify_Partial_Test_Report_Energy_Profile_Test_For_FOL_ALT_GGT_Untestable_Insufficient_Sample_Receipt -->
