<?xml version="1.0" encoding="UTF-8"?>
<!-- Generated by org.testng.reporters.JUnitReportReporter -->
<testsuite hostname="DESKTOP-GCGD1P4" failures="0" tests="1" name="Dashboard.Create_Account_Test_Cases.TC_04_Verify_Mandatory_Fields" time="5.374" errors="0" timestamp="2025-09-12T14:35:30 IST" skipped="0">
  <testcase classname="Dashboard.Create_Account_Test_Cases.TC_04_Verify_Mandatory_Fields" name="TC_04_Verify_mandatory_fields" time="5.374"/>
  <system-out/>
</testsuite> <!-- Dashboard.Create_Account_Test_Cases.TC_04_Verify_Mandatory_Fields -->
