<?xml version="1.0" encoding="UTF-8"?>
<!-- Generated by org.testng.reporters.JUnitReportReporter -->
<testsuite hostname="DESKTOP-GCGD1P4" failures="0" tests="1" name="Tims.Partial_Report_SOFT_1409_Test_Cases.TC_07_Verify_Partial_Test_Report_General_Health_Test_For_Biomarkers_HbA1c_ALP_GGT_with_Error_Inhibitory" time="75.492" errors="0" timestamp="2025-10-14T17:03:57 IST" skipped="0">
  <testcase classname="Tims.Partial_Report_SOFT_1409_Test_Cases.TC_07_Verify_Partial_Test_Report_General_Health_Test_For_Biomarkers_HbA1c_ALP_GGT_with_Error_Inhibitory" name="TC_07_Verify_partial_test_report_general_health_test_for_biomarkers_HbA1c_ALP_GGT_with_error_inhibitory" time="75.492"/>
  <system-out/>
</testsuite> <!-- Tims.Partial_Report_SOFT_1409_Test_Cases.TC_07_Verify_Partial_Test_Report_General_Health_Test_For_Biomarkers_HbA1c_ALP_GGT_with_Error_Inhibitory -->
