<?xml version="1.0" encoding="UTF-8"?>
<!-- Generated by org.testng.reporters.JUnitReportReporter -->
<testsuite hostname="DESKTOP-GCGD1P4" failures="0" tests="1" name="Tims.Partial_Report_SOFT_1405_Test_Cases.TC_02_Verify_Partial_Test_Report_Energy_Profile_Test_For_Folate_Untestable_Insufficient_Post_Analytical" time="174.307" errors="0" timestamp="2025-09-12T14:35:30 IST" skipped="0">
  <testcase classname="Tims.Partial_Report_SOFT_1405_Test_Cases.TC_02_Verify_Partial_Test_Report_Energy_Profile_Test_For_Folate_Untestable_Insufficient_Post_Analytical" name="TC_02_Verify_partial_test_report_energy_profile_test_for_folate_untestable_insufficient_post_analytical" time="174.307"/>
  <system-out/>
</testsuite> <!-- Tims.Partial_Report_SOFT_1405_Test_Cases.TC_02_Verify_Partial_Test_Report_Energy_Profile_Test_For_Folate_Untestable_Insufficient_Post_Analytical -->
