<?xml version="1.0" encoding="UTF-8"?>
<!-- Generated by org.testng.reporters.JUnitReportReporter -->
<testsuite hostname="DESKTOP-GCGD1P4" failures="0" tests="1" name="Dashboard.Reset_Password_Test_Cases.TC_10_Verify_Reset_Password_Email_Link_Sent" time="3.912" errors="0" timestamp="2025-09-12T14:35:30 IST" skipped="0">
  <testcase classname="Dashboard.Reset_Password_Test_Cases.TC_10_Verify_Reset_Password_Email_Link_Sent" name="TC_10_Verify_reset_password_email_link_sent_verification" time="3.912"/>
  <system-out/>
</testsuite> <!-- Dashboard.Reset_Password_Test_Cases.TC_10_Verify_Reset_Password_Email_Link_Sent -->
