<?xml version="1.0" encoding="UTF-8"?>
<!-- Generated by org.testng.reporters.JUnitReportReporter -->
<testsuite hostname="Desktop-22" failures="0" tests="3" name="Dashboard.Customer_Landing_Test_Cases.TC_45_TC_43_Verify_Calendar_UI_for_SH_Consultation" time="209.025" errors="0" timestamp="2025-07-21T12:21:00 IST" skipped="0">
  <testcase classname="Dashboard.Customer_Landing_Test_Cases.TC_45_TC_43_Verify_Calendar_UI_for_SH_Consultation" name="TC_45_Verify_calendar_ui_for_sh_consultation" time="203.413"/>
  <system-out/>
  <testcase classname="Dashboard.Customer_Landing_Test_Cases.TC_45_TC_43_Verify_Calendar_UI_for_SH_Consultation" name="TC_43_Verify_font_consistency" time="0.296"/>
  <system-out/>
  <testcase classname="Dashboard.Customer_Landing_Test_Cases.TC_45_TC_43_Verify_Calendar_UI_for_SH_Consultation" name="TC_48_Verify_scroll_behavior_for_long_test_summaries" time="5.316"/>
  <system-out/>
</testsuite> <!-- Dashboard.Customer_Landing_Test_Cases.TC_45_TC_43_Verify_Calendar_UI_for_SH_Consultation -->
