<?xml version="1.0" encoding="UTF-8"?>
<!-- Generated by org.testng.reporters.JUnitReportReporter -->
<testsuite hostname="DESKTOP-GCGD1P4" failures="0" tests="1" name="Dashboard.Activate_Test_Kit_Test_Cases.TC_03_Verify_Error_With_Empty_Fields_For_Barcode_And_Tracking_Number" time="12.815" errors="0" timestamp="2025-09-12T14:35:30 IST" skipped="0">
  <testcase classname="Dashboard.Activate_Test_Kit_Test_Cases.TC_03_Verify_Error_With_Empty_Fields_For_Barcode_And_Tracking_Number" name="TC_03_Verify_error_msg_with_empty_fields_for_barcode_and_tracking_number" time="12.815"/>
  <system-out/>
</testsuite> <!-- Dashboard.Activate_Test_Kit_Test_Cases.TC_03_Verify_Error_With_Empty_Fields_For_Barcode_And_Tracking_Number -->
