<?xml version="1.0" encoding="UTF-8"?>
<!-- Generated by org.testng.reporters.JUnitReportReporter -->
<testsuite hostname="DESKTOP-GCGD1P4" failures="0" tests="1" name="Dashboard.Activate_Test_Kit_Test_Cases.TC_42_Verify_End_To_End_Case" time="69.849" errors="0" timestamp="2025-09-12T14:35:30 IST" skipped="0">
  <testcase classname="Dashboard.Activate_Test_Kit_Test_Cases.TC_42_Verify_End_To_End_Case" name="TC_40_Verify_successful_activation_of_a_test_kit_using_valid_inputs" time="69.849"/>
  <system-out/>
</testsuite> <!-- Dashboard.Activate_Test_Kit_Test_Cases.TC_42_Verify_End_To_End_Case -->
