<?xml version="1.0" encoding="UTF-8"?>
<!-- Generated by org.testng.reporters.JUnitReportReporter -->
<testsuite hostname="Desktop-22" failures="0" tests="10" name="Dashboard.Activate_Test_Kit_Test_Cases.TC_09_To_TC_17_Verify_Activate_Kit_Process" time="133.250" errors="0" timestamp="2025-06-26T17:58:21 IST" skipped="0">
  <testcase classname="Dashboard.Activate_Test_Kit_Test_Cases.TC_09_To_TC_17_Verify_Activate_Kit_Process" name="TC_13_Verify_continue_button_redirects_to_how_to_page" time="20.259"/>
  <system-out/>
  <testcase classname="Dashboard.Activate_Test_Kit_Test_Cases.TC_09_To_TC_17_Verify_Activate_Kit_Process" name="TC_11_Verify_data_auto_populate_on_personal_details_page" time="2.175"/>
  <system-out/>
  <testcase classname="Dashboard.Activate_Test_Kit_Test_Cases.TC_09_To_TC_17_Verify_Activate_Kit_Process" name="TC_16_Verify_check_date_functionality_of_more_than_16_days" time="11.296"/>
  <system-out/>
  <testcase classname="Dashboard.Activate_Test_Kit_Test_Cases.TC_09_To_TC_17_Verify_Activate_Kit_Process" name="TC_12_Verify_ability_to_edit_personal_details" time="2.459"/>
  <system-out/>
  <testcase classname="Dashboard.Activate_Test_Kit_Test_Cases.TC_09_To_TC_17_Verify_Activate_Kit_Process" name="TC_18_Verify_test_activation_kit_success_email" time="7.186"/>
  <system-out/>
  <testcase classname="Dashboard.Activate_Test_Kit_Test_Cases.TC_09_To_TC_17_Verify_Activate_Kit_Process" name="TC_09_Verify_that_consent_check_boxes_are_mandatory_feilds" time="65.602"/>
  <system-out/>
  <testcase classname="Dashboard.Activate_Test_Kit_Test_Cases.TC_09_To_TC_17_Verify_Activate_Kit_Process" name="TC_10_Verify_user_redirected_to_detials_page_after_marking_consent_checkboxes" time="10.752"/>
  <system-out/>
  <testcase classname="Dashboard.Activate_Test_Kit_Test_Cases.TC_09_To_TC_17_Verify_Activate_Kit_Process" name="TC_17_Verify_date_functionality_of_current_date_and_proceed" time="6.476"/>
  <system-out/>
  <testcase classname="Dashboard.Activate_Test_Kit_Test_Cases.TC_09_To_TC_17_Verify_Activate_Kit_Process" name="TC_15_Verify_navigate_back_to_how_to_page_from_any_step_in_the_activation_process" time="6.878"/>
  <system-out/>
  <testcase classname="Dashboard.Activate_Test_Kit_Test_Cases.TC_09_To_TC_17_Verify_Activate_Kit_Process" name="TC_14_Verify_content_of_how_to_page" time="0.167"/>
  <system-out/>
</testsuite> <!-- Dashboard.Activate_Test_Kit_Test_Cases.TC_09_To_TC_17_Verify_Activate_Kit_Process -->
