<?xml version="1.0" encoding="UTF-8"?>
<!-- Generated by org.testng.reporters.JUnitReportReporter -->
<testsuite hostname="Desktop-22" failures="0" tests="1" name="Dashboard.ResetPassword.Test_Cases.TC_11_Verify_UI_Elements_On_Reset_Password_Page" time="1.916" errors="0" timestamp="2025-07-08T17:00:18 IST" skipped="0">
  <testcase classname="Dashboard.ResetPassword.Test_Cases.TC_11_Verify_UI_Elements_On_Reset_Password_Page" name="TC_11_Verify_ui_elements_on_reset_password_page_present_or_not" time="1.916"/>
  <system-out/>
</testsuite> <!-- Dashboard.ResetPassword.Test_Cases.TC_11_Verify_UI_Elements_On_Reset_Password_Page -->
