<?xml version="1.0" encoding="UTF-8"?>
<!-- Generated by org.testng.reporters.JUnitReportReporter -->
<testsuite hostname="Desktop-22" failures="0" tests="1" name="Dashboard.Health_Assessment_Test_Cases.TC_31_Verify_That_Users_Can_Navigate_Between_Fields_Using_Tab_Key" time="24.917" errors="0" timestamp="2025-07-04T15:14:21 IST" skipped="0">
  <testcase classname="Dashboard.Health_Assessment_Test_Cases.TC_31_Verify_That_Users_Can_Navigate_Between_Fields_Using_Tab_Key" name="TC_31_Verify_that_users_can_navigate_between_fields_using_Tab_key" time="24.917"/>
  <system-out/>
</testsuite> <!-- Dashboard.Health_Assessment_Test_Cases.TC_31_Verify_That_Users_Can_Navigate_Between_Fields_Using_Tab_Key -->
