<?xml version="1.0" encoding="UTF-8"?>
<!-- Generated by org.testng.reporters.JUnitReportReporter -->
<testsuite hostname="Desktop-22" failures="0" tests="1" name="Dashboard.Customer_Landing.TC_22_Verify_Timeline_Update_For_DNA_Tests" time="145.130" errors="0" timestamp="2025-07-09T10:27:20 IST" skipped="0">
  <testcase classname="Dashboard.Customer_Landing.TC_22_Verify_Timeline_Update_For_DNA_Tests" name="TC_22_Verify_timeline_update_for_DNA_tests" time="145.130"/>
  <system-out/>
</testsuite> <!-- Dashboard.Customer_Landing.TC_22_Verify_Timeline_Update_For_DNA_Tests -->
