<?xml version="1.0" encoding="UTF-8"?>
<!-- Generated by org.testng.reporters.JUnitReportReporter -->
<testsuite hostname="Desktop-307" failures="0" tests="1" name="Tims.Test_Cases.Verify_Delete_Phlebotomist_Account" time="14.124" errors="0" timestamp="2025-04-09T15:04:27 IST" skipped="0">
  <testcase classname="Tims.Test_Cases.Verify_Delete_Phlebotomist_Account" name="Verify_Delete_Phlebotomist_Account_SOFT_540_F1" time="14.124"/>
  <system-out/>
</testsuite> <!-- Tims.Test_Cases.Verify_Delete_Phlebotomist_Account -->
