<?xml version="1.0" encoding="UTF-8"?>
<!-- Generated by org.testng.reporters.JUnitReportReporter -->
<testsuite hostname="Desktop-22" failures="0" tests="1" name="Dashboard.Health_Assessment_Test_Cases.TC_32_Verify_The_NHS_Link_Navigation" time="27.569" errors="0" timestamp="2025-07-04T15:14:21 IST" skipped="0">
  <testcase classname="Dashboard.Health_Assessment_Test_Cases.TC_32_Verify_The_NHS_Link_Navigation" name="TC_32_Verify_the_NHS_link_navigation" time="27.569"/>
  <system-out/>
</testsuite> <!-- Dashboard.Health_Assessment_Test_Cases.TC_32_Verify_The_NHS_Link_Navigation -->
