<?xml version="1.0" encoding="UTF-8"?>
<!-- Generated by org.testng.reporters.JUnitReportReporter -->
<testsuite hostname="Desktop-22" failures="0" tests="1" name="Regression.Dashboard.Test_Cases.TC_20_Verify_the_customer_cannot_proceed_if_both_checkboxes_are_not_ticked" time="21.715" errors="0" timestamp="2025-05-19T12:41:59 IST" skipped="0">
  <testcase classname="Regression.Dashboard.Test_Cases.TC_20_Verify_the_customer_cannot_proceed_if_both_checkboxes_are_not_ticked" name="Verify_the_customer_cannot_proceed_if_both_checkboxes_are_not_ticked_SOFT_684_F3" time="21.715"/>
  <system-out/>
</testsuite> <!-- Regression.Dashboard.Test_Cases.TC_20_Verify_the_customer_cannot_proceed_if_both_checkboxes_are_not_ticked -->
