<?xml version="1.0" encoding="UTF-8"?>
<!-- Generated by org.testng.reporters.JUnitReportReporter -->
<testsuite hostname="DESKTOP-GCGD1P4" failures="0" tests="1" name="Tims.SOFT_1405_Partial_Report.TC_01_Verify_Published_Test_Report_Functionality_With_Full_Blood_Results" time="142.471" errors="0" timestamp="2025-09-03T16:27:22 IST" skipped="0">
  <testcase classname="Tims.SOFT_1405_Partial_Report.TC_01_Verify_Published_Test_Report_Functionality_With_Full_Blood_Results" name="TC_01_Verify_published_test_report_functionality_with_full_blood_results" time="142.471"/>
  <system-out/>
</testsuite> <!-- Tims.SOFT_1405_Partial_Report.TC_01_Verify_Published_Test_Report_Functionality_With_Full_Blood_Results -->
