<?xml version="1.0" encoding="UTF-8"?>
<!-- Generated by org.testng.reporters.JUnitReportReporter -->
<testsuite hostname="Desktop-22" failures="0" tests="2" name="Dashboard.Customer_Landing_Test_Cases.TC_53_Verify_Highlighting_Of_Error_Messages_In_Dashboard" time="21.098" errors="0" timestamp="2025-07-21T11:22:00 IST" skipped="0">
  <testcase classname="Dashboard.Customer_Landing_Test_Cases.TC_53_Verify_Highlighting_Of_Error_Messages_In_Dashboard" name="TC_44_Verify_Error_Message_UI" time="0.213"/>
  <system-out/>
  <testcase classname="Dashboard.Customer_Landing_Test_Cases.TC_53_Verify_Highlighting_Of_Error_Messages_In_Dashboard" name="TC_53_Verify_highlighting_of_error_messages_in_dashboard" time="20.885"/>
  <system-out/>
</testsuite> <!-- Dashboard.Customer_Landing_Test_Cases.TC_53_Verify_Highlighting_Of_Error_Messages_In_Dashboard -->
