<?xml version="1.0" encoding="UTF-8"?>
<!-- Generated by org.testng.reporters.JUnitReportReporter -->
<testsuite hostname="DESKTOP-GCGD1P4" failures="0" tests="1" name="Dashboard.Create_Account_Test_Cases.TC_09_Verify_Invalid_Email_Format" time="6.745" errors="0" timestamp="2025-09-12T14:35:30 IST" skipped="0">
  <testcase classname="Dashboard.Create_Account_Test_Cases.TC_09_Verify_Invalid_Email_Format" name="TC_09_Verify_error_for_invalid_email" time="6.745"/>
  <system-out/>
</testsuite> <!-- Dashboard.Create_Account_Test_Cases.TC_09_Verify_Invalid_Email_Format -->
