<?xml version="1.0" encoding="UTF-8"?>
<!-- Generated by org.testng.reporters.JUnitReportReporter -->
<testsuite hostname="DESKTOP-GCGD1P4" failures="0" tests="1" name="Tims.SOFT_1405_Partial_Report.TC_14_Verify_Partial_Test_Report_Weight_Management_Test_For_FOL_Untestable_Grossly_Haemolysed" time="165.956" errors="0" timestamp="2025-09-03T15:51:11 IST" skipped="0">
  <testcase classname="Tims.SOFT_1405_Partial_Report.TC_14_Verify_Partial_Test_Report_Weight_Management_Test_For_FOL_Untestable_Grossly_Haemolysed" name="TC_14_Verify_partial_test_report_weight_management_test_for_FOL_untestable_grossly_haemolysed" time="165.956"/>
  <system-out/>
</testsuite> <!-- Tims.SOFT_1405_Partial_Report.TC_14_Verify_Partial_Test_Report_Weight_Management_Test_For_FOL_Untestable_Grossly_Haemolysed -->
