<?xml version="1.0" encoding="UTF-8"?>
<!-- Generated by org.testng.reporters.JUnitReportReporter -->
<testsuite hostname="Desktop-LEN-13" failures="0" tests="1" name="Smoke.Tims.Test_Cases.T25_Verify_Edit_Details_Redirect_To_Edit_Profile" time="11.822" errors="0" timestamp="2025-04-18T16:36:23 IST" skipped="0">
  <testcase classname="Smoke.Tims.Test_Cases.T25_Verify_Edit_Details_Redirect_To_Edit_Profile" name="verify_Ref_ID_SOFT_1044_TC_004" time="11.822"/>
  <system-out/>
</testsuite> <!-- Smoke.Tims.Test_Cases.T25_Verify_Edit_Details_Redirect_To_Edit_Profile -->
