<?xml version="1.0" encoding="UTF-8"?>
<!-- Generated by org.testng.reporters.JUnitReportReporter -->
<testsuite hostname="DESKTOP-GCGD1P4" failures="0" tests="1" name="Dashboard.Customer_Landing_Test_Cases.TC_28_Verify_Fill_Assessment_Functionality_After_Result_Upload_For_Hormone_Test" time="114.495" errors="0" timestamp="2025-09-12T14:35:30 IST" skipped="0">
  <testcase classname="Dashboard.Customer_Landing_Test_Cases.TC_28_Verify_Fill_Assessment_Functionality_After_Result_Upload_For_Hormone_Test" name="TC_28_Verify_fill_assessment_functionality_after_result_upload_for_hormone_test" time="114.495"/>
  <system-out/>
</testsuite> <!-- Dashboard.Customer_Landing_Test_Cases.TC_28_Verify_Fill_Assessment_Functionality_After_Result_Upload_For_Hormone_Test -->
