<?xml version="1.0" encoding="UTF-8"?>
<!-- Generated by org.testng.reporters.JUnitReportReporter -->
<testsuite hostname="DESKTOP-GCGD1P4" failures="0" tests="1" name="Tims.SOFT_1405_Partial_Report.TC_09_Verify_Partial_Test_Report_Energy_Profile_Test_For_FOL_ALT_GGT_ALP_Inhibitory" time="176.785" errors="0" timestamp="2025-09-02T11:50:29 IST" skipped="0">
  <testcase classname="Tims.SOFT_1405_Partial_Report.TC_09_Verify_Partial_Test_Report_Energy_Profile_Test_For_FOL_ALT_GGT_ALP_Inhibitory" name="TC_09_Verify_partial_test_report_energy_profile_test_for_FOL_ALT_GGT_ALP_inhibitory" time="176.785"/>
  <system-out/>
</testsuite> <!-- Tims.SOFT_1405_Partial_Report.TC_09_Verify_Partial_Test_Report_Energy_Profile_Test_For_FOL_ALT_GGT_ALP_Inhibitory -->
