<?xml version="1.0" encoding="UTF-8"?>
<!-- Generated by org.testng.reporters.JUnitReportReporter -->
<testsuite hostname="Desktop-307" failures="0" tests="1" name="Dashboard.Test_Cases.TC_04_Verify_Consent_Checkbox_Validations" time="11.054" errors="0" timestamp="2025-04-10T17:01:54 IST" skipped="0">
  <testcase classname="Dashboard.Test_Cases.TC_04_Verify_Consent_Checkbox_Validations" name="Verify_Consent_Checkbox_Validations_SOFT_684_F1" time="11.054"/>
  <system-out/>
</testsuite> <!-- Dashboard.Test_Cases.TC_04_Verify_Consent_Checkbox_Validations -->
