<?xml version="1.0" encoding="UTF-8"?>
<!-- Generated by org.testng.reporters.JUnitReportReporter -->
<testsuite hostname="Desktop-22" failures="0" tests="1" name="Regression.Dashboard.Test_Cases.TC_25_Validate_future_date_of_birth" time="18.224" errors="0" timestamp="2025-05-19T17:24:00 IST" skipped="0">
  <testcase classname="Regression.Dashboard.Test_Cases.TC_25_Validate_future_date_of_birth" name="Validate_future_date_of_birth_SOFT_686_F5" time="18.224"/>
  <system-out/>
</testsuite> <!-- Regression.Dashboard.Test_Cases.TC_25_Validate_future_date_of_birth -->
