<?xml version="1.0" encoding="UTF-8"?>
<!-- Generated by org.testng.reporters.JUnitReportReporter -->
<testsuite hostname="Desktop-307" failures="0" tests="1" name="Dashboard.Test_Cases.TC_07_Verify_Complete_Health_Assessment" time="42.279" errors="0" timestamp="2025-04-10T17:01:54 IST" skipped="0">
  <testcase classname="Dashboard.Test_Cases.TC_07_Verify_Complete_Health_Assessment" name="Verify_Complete_Health_Assessment_Soft_689_TC_01" time="42.279"/>
  <system-out/>
</testsuite> <!-- Dashboard.Test_Cases.TC_07_Verify_Complete_Health_Assessment -->
