<?xml version="1.0" encoding="UTF-8"?>
<!-- Generated by org.testng.reporters.JUnitReportReporter -->
<testsuite hostname="DESKTOP-GCGD1P4" failures="0" tests="1" name="Dashboard.Customer_Landing_Test_Cases.TC_02_Verify_The_Display_Correct_Timeline_Statuses_Icons_For_Test_Kits" time="88.353" errors="0" timestamp="2025-09-12T14:35:30 IST" skipped="0">
  <testcase classname="Dashboard.Customer_Landing_Test_Cases.TC_02_Verify_The_Display_Correct_Timeline_Statuses_Icons_For_Test_Kits" name="TC_02_Verify_the_display_correct_timeline_statuses_icons_for_test_kits" time="88.353"/>
  <system-out/>
</testsuite> <!-- Dashboard.Customer_Landing_Test_Cases.TC_02_Verify_The_Display_Correct_Timeline_Statuses_Icons_For_Test_Kits -->
