<?xml version="1.0" encoding="UTF-8"?>
<!-- Generated by org.testng.reporters.JUnitReportReporter -->
<testsuite hostname="Desktop-22" failures="0" tests="1" name="Dashboard.Activate_Test_Kit_Test_Cases.TC_41_Verify_End_To_End_Case" time="66.097" errors="0" timestamp="2025-06-26T17:58:21 IST" skipped="0">
  <testcase classname="Dashboard.Activate_Test_Kit_Test_Cases.TC_41_Verify_End_To_End_Case" name="TC_40_Verify_successful_activation_of_a_test_kit_using_valid_inputs" time="66.097"/>
  <system-out/>
</testsuite> <!-- Dashboard.Activate_Test_Kit_Test_Cases.TC_41_Verify_End_To_End_Case -->
