<?xml version="1.0" encoding="UTF-8"?>
<!-- Generated by org.testng.reporters.JUnitReportReporter -->
<testsuite hostname="DESKTOP-GCGD1P4" failures="0" tests="2" name="Dashboard.Customer_Landing_Test_Cases.TC_10_TC_11_Verify_Dashboard_Message_And_Button_Display_When_Health_Assessment_Is_Not_Filled" time="123.956" errors="0" timestamp="2025-09-12T14:35:30 IST" skipped="0">
  <testcase classname="Dashboard.Customer_Landing_Test_Cases.TC_10_TC_11_Verify_Dashboard_Message_And_Button_Display_When_Health_Assessment_Is_Not_Filled" name="TC_11_Verify_dashboard_message_and_button_display_when_health_assessment_is_filled" time="37.827"/>
  <system-out/>
  <testcase classname="Dashboard.Customer_Landing_Test_Cases.TC_10_TC_11_Verify_Dashboard_Message_And_Button_Display_When_Health_Assessment_Is_Not_Filled" name="TC_10_Verify_dashboard_message_and_button_display_when_health_Assessment_is_not_filled" time="86.129"/>
  <system-out/>
</testsuite> <!-- Dashboard.Customer_Landing_Test_Cases.TC_10_TC_11_Verify_Dashboard_Message_And_Button_Display_When_Health_Assessment_Is_Not_Filled -->
