<?xml version="1.0" encoding="UTF-8"?>
<!-- Generated by org.testng.reporters.JUnitReportReporter -->
<testsuite hostname="DESKTOP-GCGD1P4" failures="0" tests="6" name="Tims.Barcode_Batches_Test_Cases.TC_20_Verify_Clicking_On_Barcode_Batch_Type_User_Redirect_To_The_Details_Page" time="50.732" errors="0" timestamp="2025-09-12T14:35:30 IST" skipped="0">
  <testcase classname="Tims.Barcode_Batches_Test_Cases.TC_20_Verify_Clicking_On_Barcode_Batch_Type_User_Redirect_To_The_Details_Page" name="TC_20_Verify_clicking_on_barcode_batch_type_user_redirect_to_the_details_page" time="27.647"/>
  <system-out/>
  <testcase classname="Tims.Barcode_Batches_Test_Cases.TC_20_Verify_Clicking_On_Barcode_Batch_Type_User_Redirect_To_The_Details_Page" name="TC_24_Verify_clicking_on_barcode_in_listing_user_redirect_to_barcode_details_page" time="5.755"/>
  <system-out/>
  <testcase classname="Tims.Barcode_Batches_Test_Cases.TC_20_Verify_Clicking_On_Barcode_Batch_Type_User_Redirect_To_The_Details_Page" name="TC_23_Verify_the_correct_display_of_status_for_each_barcode_in_the_listing" time="0.291"/>
  <system-out/>
  <testcase classname="Tims.Barcode_Batches_Test_Cases.TC_20_Verify_Clicking_On_Barcode_Batch_Type_User_Redirect_To_The_Details_Page" name="TC_21_Verify_the_ability_to_view_the_list_of_barcodes_for_a_specific_batch" time="3.431"/>
  <system-out/>
  <testcase classname="Tims.Barcode_Batches_Test_Cases.TC_20_Verify_Clicking_On_Barcode_Batch_Type_User_Redirect_To_The_Details_Page" name="TC_25_Verify_that_the_barcode_list_page_is_responsive_across_different_screen_sizes" time="13.321"/>
  <system-out/>
  <testcase classname="Tims.Barcode_Batches_Test_Cases.TC_20_Verify_Clicking_On_Barcode_Batch_Type_User_Redirect_To_The_Details_Page" name="TC_22_Verify_the_correct_display_of_barcode_code_values_in_the_barcode_listing" time="0.287"/>
  <system-out/>
</testsuite> <!-- Tims.Barcode_Batches_Test_Cases.TC_20_Verify_Clicking_On_Barcode_Batch_Type_User_Redirect_To_The_Details_Page -->
