<?xml version="1.0" encoding="UTF-8"?>
<!-- Generated by org.testng.reporters.JUnitReportReporter -->
<testsuite hostname="DESKTOP-GCGD1P4" failures="0" tests="2" name="Dashboard.Login_Logout_Test_Cases.TC_01_TC_08_Verify_User_Can_Login_With_Valid_Credential" time="6.260" errors="0" timestamp="2025-09-12T14:35:30 IST" skipped="0">
  <testcase classname="Dashboard.Login_Logout_Test_Cases.TC_01_TC_08_Verify_User_Can_Login_With_Valid_Credential" name="TC_08_Verify_logout_functionality" time="1.494"/>
  <system-out/>
  <testcase classname="Dashboard.Login_Logout_Test_Cases.TC_01_TC_08_Verify_User_Can_Login_With_Valid_Credential" name="TC_01_Verify_user_can_login_with_valid_credential" time="4.766"/>
  <system-out/>
</testsuite> <!-- Dashboard.Login_Logout_Test_Cases.TC_01_TC_08_Verify_User_Can_Login_With_Valid_Credential -->
