<?xml version="1.0" encoding="UTF-8"?>
<!-- Generated by org.testng.reporters.JUnitReportReporter -->
<testsuite hostname="DESKTOP-GCGD1P4" failures="0" tests="1" name="Tims.Partial_Report_SOFT_1405_Test_Cases.TC_07_Verify_Partial_Test_Report_Energy_Profile_Test_For_FOL_ALT_ALP_Untestable_Damaged_Empty_Not_Returned" time="174.339" errors="0" timestamp="2025-09-12T14:35:30 IST" skipped="0">
  <testcase classname="Tims.Partial_Report_SOFT_1405_Test_Cases.TC_07_Verify_Partial_Test_Report_Energy_Profile_Test_For_FOL_ALT_ALP_Untestable_Damaged_Empty_Not_Returned" name="TC_07_Verify_partial_test_report_energy_profile_test_for_FOL_ALT_ALP_untestable_damaged_empty_not_returned" time="174.339"/>
  <system-out/>
</testsuite> <!-- Tims.Partial_Report_SOFT_1405_Test_Cases.TC_07_Verify_Partial_Test_Report_Energy_Profile_Test_For_FOL_ALT_ALP_Untestable_Damaged_Empty_Not_Returned -->
