<?xml version="1.0" encoding="UTF-8"?>
<!-- Generated by org.testng.reporters.JUnitReportReporter -->
<testsuite hostname="Desktop-22" failures="0" tests="1" name="Regression.Dashboard.Test_Cases.TC_12_Verify_the_navigation_for_Phlebotomist_booking_URL_visit" time="12.589" errors="0" timestamp="2025-05-15T15:50:33 IST" skipped="0">
  <testcase classname="Regression.Dashboard.Test_Cases.TC_12_Verify_the_navigation_for_Phlebotomist_booking_URL_visit" name="Verify_the_navigation_for_Phlebotomist_booking_URL_visit_SOFT_683_F2" time="12.589"/>
  <system-out/>
</testsuite> <!-- Regression.Dashboard.Test_Cases.TC_12_Verify_the_navigation_for_Phlebotomist_booking_URL_visit -->
