<?xml version="1.0" encoding="UTF-8"?>
<!-- Generated by org.testng.reporters.JUnitReportReporter -->
<testsuite hostname="Desktop-22" failures="0" tests="3" name="Dashboard.Customer_Landing_Test_Cases.TC_22_TC_23_Verify_Timeline_Update_For_DNA_Tests" time="154.815" errors="0" timestamp="2025-07-14T11:27:10 IST" skipped="0">
  <testcase classname="Dashboard.Customer_Landing_Test_Cases.TC_22_TC_23_Verify_Timeline_Update_For_DNA_Tests" name="TC_25_Verify_Dynamic_Test_Updates_For_DNA_Tests" time="0.434"/>
  <system-out/>
  <testcase classname="Dashboard.Customer_Landing_Test_Cases.TC_22_TC_23_Verify_Timeline_Update_For_DNA_Tests" name="TC_22_Verify_timeline_update_for_DNA_tests" time="153.910"/>
  <system-out/>
  <testcase classname="Dashboard.Customer_Landing_Test_Cases.TC_22_TC_23_Verify_Timeline_Update_For_DNA_Tests" name="TC_23_Verify_test_summary_details_and_updates_for_DNA_test_with_result_not_published" time="0.471"/>
  <system-out/>
</testsuite> <!-- Dashboard.Customer_Landing_Test_Cases.TC_22_TC_23_Verify_Timeline_Update_For_DNA_Tests -->
