<?xml version="1.0" encoding="UTF-8"?>
<!-- Generated by org.testng.reporters.JUnitReportReporter -->
<testsuite hostname="DESKTOP-GCGD1P4" failures="0" tests="1" name="Dashboard.Activate_Test_Kit_Test_Cases.TC_06_Verify_Error_For_Already_Used_Barcode" time="13.037" errors="0" timestamp="2025-09-12T14:35:30 IST" skipped="0">
  <testcase classname="Dashboard.Activate_Test_Kit_Test_Cases.TC_06_Verify_Error_For_Already_Used_Barcode" name="TC_06_Verify_error_for_already_used_barcode" time="13.037"/>
  <system-out/>
</testsuite> <!-- Dashboard.Activate_Test_Kit_Test_Cases.TC_06_Verify_Error_For_Already_Used_Barcode -->
