<?xml version="1.0" encoding="UTF-8"?>
<!-- Generated by org.testng.reporters.JUnitReportReporter -->
<testsuite hostname="Desktop-22" failures="0" tests="1" name="Dashboard.Health_Assessment_Test_Cases.TC_46_Verify_Required_Fields_Are_Marked_With_Asterisk" time="31.259" errors="0" timestamp="2025-07-04T15:14:21 IST" skipped="0">
  <testcase classname="Dashboard.Health_Assessment_Test_Cases.TC_46_Verify_Required_Fields_Are_Marked_With_Asterisk" name="TC_46_Verify_required_fields_are_marked_with_asterisk" time="31.259"/>
  <system-out/>
</testsuite> <!-- Dashboard.Health_Assessment_Test_Cases.TC_46_Verify_Required_Fields_Are_Marked_With_Asterisk -->
