<?xml version="1.0" encoding="UTF-8"?>
<!-- Generated by org.testng.reporters.JUnitReportReporter -->
<testsuite hostname="Desktop-22" failures="0" tests="1" name="Tims.SH_Test_Cases.TC_01_Verify_Login" time="331.835" errors="0" timestamp="2025-07-09T17:51:28 IST" skipped="0">
  <testcase classname="Tims.SH_Test_Cases.TC_01_Verify_Login" name="TC_01_Verify_1st_Test_Case" time="331.835"/>
  <system-out/>
</testsuite> <!-- Tims.SH_Test_Cases.TC_01_Verify_Login -->
