<?xml version="1.0" encoding="UTF-8"?>
<!-- Generated by org.testng.reporters.JUnitReportReporter -->
<testsuite hostname="DESKTOP-GCGD1P4" failures="0" tests="1" name="Tims.Partial_Report_SOFT_1405_Test_Cases.TC_04_Verify_Partial_Test_Report_Energy_Profile_Test_For_FOL_GGT_Untestable_Misc_Post_Analytical" time="178.481" errors="0" timestamp="2025-09-12T14:35:30 IST" skipped="0">
  <testcase classname="Tims.Partial_Report_SOFT_1405_Test_Cases.TC_04_Verify_Partial_Test_Report_Energy_Profile_Test_For_FOL_GGT_Untestable_Misc_Post_Analytical" name="TC_04_Verify_partial_test_report_energy_profile_test_for_FOL_GGT_untestable_misc_post_analytical" time="178.481"/>
  <system-out/>
</testsuite> <!-- Tims.Partial_Report_SOFT_1405_Test_Cases.TC_04_Verify_Partial_Test_Report_Energy_Profile_Test_For_FOL_GGT_Untestable_Misc_Post_Analytical -->
