<?xml version="1.0" encoding="UTF-8"?>
<!-- Generated by org.testng.reporters.JUnitReportReporter -->
<testsuite hostname="DESKTOP-GCGD1P4" failures="0" tests="1" name="Dashboard.Customer_Landing_Test_Cases.TC_40_Verify_Layout_Consistency" time="16.155" errors="0" timestamp="2025-09-12T14:35:30 IST" skipped="0">
  <testcase classname="Dashboard.Customer_Landing_Test_Cases.TC_40_Verify_Layout_Consistency" name="TC_40_Verify_layout_consistency" time="16.155"/>
  <system-out/>
</testsuite> <!-- Dashboard.Customer_Landing_Test_Cases.TC_40_Verify_Layout_Consistency -->
