<?xml version="1.0" encoding="UTF-8"?>
<!-- Generated by org.testng.reporters.JUnitReportReporter -->
<testsuite hostname="DESKTOP-GCGD1P4" failures="0" tests="1" name="Tims.Partial_Report_SOFT_1407_Test_Cases.TC_32_Verify_Partial_Report_For_General_Health_Test_For_Biomarkers_Of_Liver_Health_FBC_Glucose_Error_Reasons_Untestable_Clotted_Post_Analytical" time="160.300" errors="0" timestamp="2025-09-30T10:43:13 IST" skipped="0">
  <testcase classname="Tims.Partial_Report_SOFT_1407_Test_Cases.TC_32_Verify_Partial_Report_For_General_Health_Test_For_Biomarkers_Of_Liver_Health_FBC_Glucose_Error_Reasons_Untestable_Clotted_Post_Analytical" name="TC_32_Verify_partial_test_reporting_for_the_general_health_test_specifically_for_biomarkers_of_Liver_Health_FBC_Glucose_error_reasons_untestable_clotted_post_analytical" time="160.300"/>
  <system-out/>
</testsuite> <!-- Tims.Partial_Report_SOFT_1407_Test_Cases.TC_32_Verify_Partial_Report_For_General_Health_Test_For_Biomarkers_Of_Liver_Health_FBC_Glucose_Error_Reasons_Untestable_Clotted_Post_Analytical -->
