<?xml version="1.0" encoding="UTF-8"?>
<!-- Generated by org.testng.reporters.JUnitReportReporter -->
<testsuite hostname="Desktop-307" failures="0" tests="1" name="Dashboard.Test_Cases.TC_06_Verify_Assessment_Form_Open" time="21.868" errors="0" timestamp="2025-04-10T17:01:54 IST" skipped="0">
  <testcase classname="Dashboard.Test_Cases.TC_06_Verify_Assessment_Form_Open" name="Verify_Health_Assessment_Form_Open_SOFT_687_F1" time="21.868"/>
  <system-out/>
</testsuite> <!-- Dashboard.Test_Cases.TC_06_Verify_Assessment_Form_Open -->
