<?xml version="1.0" encoding="UTF-8"?>
<!-- Generated by org.testng.reporters.JUnitReportReporter -->
<testsuite hostname="Desktop-22" failures="0" tests="2" name="Dashboard.Login_Logout_Test_Cases.TC_11_Check_the_element_visibility_on_login_page" time="2.896" errors="0" timestamp="2025-06-04T15:45:38 IST" skipped="0">
  <testcase classname="Dashboard.Login_Logout_Test_Cases.TC_11_Check_the_element_visibility_on_login_page" name="Check_the_display_of_labels_and_titles_on_login_page" time="1.126"/>
  <system-out/>
  <testcase classname="Dashboard.Login_Logout_Test_Cases.TC_11_Check_the_element_visibility_on_login_page" name="Check_the_element_visibility_on_login_page" time="1.770"/>
  <system-out/>
</testsuite> <!-- Dashboard.Login_Logout_Test_Cases.TC_11_Check_the_element_visibility_on_login_page -->
