<?xml version="1.0" encoding="UTF-8"?>
<!-- Generated by org.testng.reporters.JUnitReportReporter -->
<testsuite hostname="DESKTOP-GCGD1P4" failures="0" tests="2" name="Dashboard.Health_Assessment_Test_Cases.TC_32_TC_33_Verify_Ability_To_Fill_The_Health_Assessment_After_Sample_Reach_To_Lab_For_Blood_Hormone_Tests" time="154.148" errors="0" timestamp="2025-09-12T17:17:41 IST" skipped="0">
  <testcase classname="Dashboard.Health_Assessment_Test_Cases.TC_32_TC_33_Verify_Ability_To_Fill_The_Health_Assessment_After_Sample_Reach_To_Lab_For_Blood_Hormone_Tests" name="TC_32_Verify_ability_to_fill_the_health_assessment_after_sample_reach_to_lab_for_blood_hormone_tests" time="132.932"/>
  <system-out/>
  <testcase classname="Dashboard.Health_Assessment_Test_Cases.TC_32_TC_33_Verify_Ability_To_Fill_The_Health_Assessment_After_Sample_Reach_To_Lab_For_Blood_Hormone_Tests" name="TC_33_Verify_ability_to_edit_and_save_the_health_assessment_after_sample_reach_to_lab_for_blood_hormone_tests" time="21.216"/>
  <system-out/>
</testsuite> <!-- Dashboard.Health_Assessment_Test_Cases.TC_32_TC_33_Verify_Ability_To_Fill_The_Health_Assessment_After_Sample_Reach_To_Lab_For_Blood_Hormone_Tests -->
