<?xml version="1.0" encoding="UTF-8"?>
<!-- Generated by org.testng.reporters.JUnitReportReporter -->
<testsuite hostname="Desktop-22" failures="0" tests="1" name="Dashboard.ResetPassword.Test_Cases.TC_10_Verify_Reset_Password_Email_Link_Sent" time="4.428" errors="0" timestamp="2025-07-21T17:45:40 IST" skipped="0">
  <testcase classname="Dashboard.ResetPassword.Test_Cases.TC_10_Verify_Reset_Password_Email_Link_Sent" name="TC_10_Verify_reset_password_email_link_sent_verification" time="4.428"/>
  <system-out/>
</testsuite> <!-- Dashboard.ResetPassword.Test_Cases.TC_10_Verify_Reset_Password_Email_Link_Sent -->
