<?xml version="1.0" encoding="UTF-8"?>
<!-- Generated by org.testng.reporters.JUnitReportReporter -->
<testsuite hostname="Desktop-22" failures="0" tests="1" name="Smoke.Dashboard.Test_Cases.TC_03_Verify_Blank_Test_Type_Selected" time="16.470" errors="0" timestamp="2025-05-12T18:43:51 IST" skipped="0">
  <testcase classname="Smoke.Dashboard.Test_Cases.TC_03_Verify_Blank_Test_Type_Selected" name="Verify_Blank_Test_Type_Selected_SOFT_685_F2" time="16.470"/>
  <system-out/>
</testsuite> <!-- Smoke.Dashboard.Test_Cases.TC_03_Verify_Blank_Test_Type_Selected -->
