<?xml version="1.0" encoding="UTF-8"?>
<!-- Generated by org.testng.reporters.JUnitReportReporter -->
<testsuite hostname="DESKTOP-GCGD1P4" failures="0" tests="1" name="Dashboard.Health_Assessment_Test_Cases.TC_38_Verify_Required_Fields_Are_Marked_With_Asterisk" time="30.305" errors="0" timestamp="2025-09-12T14:35:30 IST" skipped="0">
  <testcase classname="Dashboard.Health_Assessment_Test_Cases.TC_38_Verify_Required_Fields_Are_Marked_With_Asterisk" name="TC_46_Verify_required_fields_are_marked_with_asterisk" time="30.305"/>
  <system-out/>
</testsuite> <!-- Dashboard.Health_Assessment_Test_Cases.TC_38_Verify_Required_Fields_Are_Marked_With_Asterisk -->
