<?xml version="1.0" encoding="UTF-8"?>
<!-- Generated by org.testng.reporters.JUnitReportReporter -->
<testsuite hostname="Desktop-22" failures="0" tests="1" name="Dashboard.Health_Assessment_Test_Cases.TC_52_Verify_That_All_Input_Fields_In_The_Health_Assessment_Form_Have_Appropriate_Placeholder_Text" time="30.396" errors="0" timestamp="2025-07-04T15:14:21 IST" skipped="0">
  <testcase classname="Dashboard.Health_Assessment_Test_Cases.TC_52_Verify_That_All_Input_Fields_In_The_Health_Assessment_Form_Have_Appropriate_Placeholder_Text" name="TC_52_Verify_that_all_input_fields_in_the_health_assessment_form_have_appropriate_placeholder_text" time="30.396"/>
  <system-out/>
</testsuite> <!-- Dashboard.Health_Assessment_Test_Cases.TC_52_Verify_That_All_Input_Fields_In_The_Health_Assessment_Form_Have_Appropriate_Placeholder_Text -->
