<?xml version="1.0" encoding="UTF-8"?>
<!-- Generated by org.testng.reporters.JUnitReportReporter -->
<testsuite hostname="DESKTOP-GCGD1P4" failures="0" tests="1" name="Tims.Partial_Report_SOFT_1409_Test_Cases.TC_19_Verify_Partial_Report_For_Heart_Profile_Test_HbA1c_Error_Untestable_Insufficient_Post_Analytical" time="80.846" errors="0" timestamp="2025-10-14T17:03:57 IST" skipped="0">
  <testcase classname="Tims.Partial_Report_SOFT_1409_Test_Cases.TC_19_Verify_Partial_Report_For_Heart_Profile_Test_HbA1c_Error_Untestable_Insufficient_Post_Analytical" name="TC_19_Verify_partial_report_for_heart_profile_test_for_biomarkers_HbA1c_with_error_reason_untestable_insufficient_post_analytical" time="80.846"/>
  <system-out/>
</testsuite> <!-- Tims.Partial_Report_SOFT_1409_Test_Cases.TC_19_Verify_Partial_Report_For_Heart_Profile_Test_HbA1c_Error_Untestable_Insufficient_Post_Analytical -->
