<?xml version="1.0" encoding="UTF-8"?>
<!-- Generated by org.testng.reporters.JUnitReportReporter -->
<testsuite hostname="DESKTOP-GCGD1P4" failures="0" tests="1" name="Tims.SOFT_1405_Partial_Report.TC_03_Verify_Partial_Test_Report_Energy_Profile_Test_For_FOL_ALT_Untestable_Clotted_Post_Analytical" time="165.039" errors="0" timestamp="2025-08-28T18:06:39 IST" skipped="0">
  <testcase classname="Tims.SOFT_1405_Partial_Report.TC_03_Verify_Partial_Test_Report_Energy_Profile_Test_For_FOL_ALT_Untestable_Clotted_Post_Analytical" name="TC_03_Verify_partial_test_report_energy_profile_test_for_FOL_ALT_untestable_clotted_post_analytical" time="165.039"/>
  <system-out/>
</testsuite> <!-- Tims.SOFT_1405_Partial_Report.TC_03_Verify_Partial_Test_Report_Energy_Profile_Test_For_FOL_ALT_Untestable_Clotted_Post_Analytical -->
