<?xml version="1.0" encoding="UTF-8"?>
<!-- Generated by org.testng.reporters.JUnitReportReporter -->
<testsuite hostname="DESKTOP-GCGD1P4" failures="0" tests="1" name="Tims.Partial_Report_SOFT_1405_Test_Cases.TC_16_Verify_Partial_Test_Report_Weight_Management_Test_Other_Than_FOL_Untestable_Clotted_Post_Analytical" time="132.785" errors="0" timestamp="2025-09-12T14:35:30 IST" skipped="0">
  <testcase classname="Tims.Partial_Report_SOFT_1405_Test_Cases.TC_16_Verify_Partial_Test_Report_Weight_Management_Test_Other_Than_FOL_Untestable_Clotted_Post_Analytical" name="TC_16_Verify_partial_test_report_weight_management_test_other_than_FOL_untestable_clotted_post_analytical" time="132.785"/>
  <system-out/>
</testsuite> <!-- Tims.Partial_Report_SOFT_1405_Test_Cases.TC_16_Verify_Partial_Test_Report_Weight_Management_Test_Other_Than_FOL_Untestable_Clotted_Post_Analytical -->
