<?xml version="1.0" encoding="UTF-8"?>
<!-- Generated by org.testng.reporters.JUnitReportReporter -->
<testsuite hostname="Desktop-22" failures="0" tests="16" name="Dashboard.Health_Assessment_Test_Cases.TC_45_ATC_Verify_User_Enters_Negative_Height_And_Weight" time="105.351" errors="0" timestamp="2025-08-07T17:43:48 IST" skipped="0">
  <testcase classname="Dashboard.Health_Assessment_Test_Cases.TC_45_ATC_Verify_User_Enters_Negative_Height_And_Weight" name="TC_60_Verify_list_of_medications_is_correct" time="0.233"/>
  <system-out/>
  <testcase classname="Dashboard.Health_Assessment_Test_Cases.TC_45_ATC_Verify_User_Enters_Negative_Height_And_Weight" name="TC_54_Verify_error_messages_for_empty_fields_physical_activity_page" time="2.028"/>
  <system-out/>
  <testcase classname="Dashboard.Health_Assessment_Test_Cases.TC_45_ATC_Verify_User_Enters_Negative_Height_And_Weight" name="TC_58_Verify_dropdown_options_for_medications" time="1.552"/>
  <system-out/>
  <testcase classname="Dashboard.Health_Assessment_Test_Cases.TC_45_ATC_Verify_User_Enters_Negative_Height_And_Weight" name="TC_45_ATC_Verify_user_enters_negative_height_and_weight" time="69.576"/>
  <system-out/>
  <testcase classname="Dashboard.Health_Assessment_Test_Cases.TC_45_ATC_Verify_User_Enters_Negative_Height_And_Weight" name="TC_46_ATC_Verify_max_height_and_weight_allowed_for_the_user" time="1.719"/>
  <system-out/>
  <testcase classname="Dashboard.Health_Assessment_Test_Cases.TC_45_ATC_Verify_User_Enters_Negative_Height_And_Weight" name="TC_51_Verify_error_message_is_displayed_when_Smoking_and_Alcohol_status_left_empty" time="0.948"/>
  <system-out/>
  <testcase classname="Dashboard.Health_Assessment_Test_Cases.TC_45_ATC_Verify_User_Enters_Negative_Height_And_Weight" name="TC_53_Verify_dropdown_options_for_Do_you_do_any_physical_activity" time="2.612"/>
  <system-out/>
  <testcase classname="Dashboard.Health_Assessment_Test_Cases.TC_45_ATC_Verify_User_Enters_Negative_Height_And_Weight" name="TC_55_Verify_dropdown_options_for_medical_condition" time="1.853"/>
  <system-out/>
  <testcase classname="Dashboard.Health_Assessment_Test_Cases.TC_45_ATC_Verify_User_Enters_Negative_Height_And_Weight" name="TC_49_ATC_Verify_dropdown_options_for_Do_you_drink_alcohol" time="4.471"/>
  <system-out/>
  <testcase classname="Dashboard.Health_Assessment_Test_Cases.TC_45_ATC_Verify_User_Enters_Negative_Height_And_Weight" name="TC_48_ATC_Verify_dropdown_options_for_How_many_cigarettes_do_you_smoke_each_day" time="0.817"/>
  <system-out/>
  <testcase classname="Dashboard.Health_Assessment_Test_Cases.TC_45_ATC_Verify_User_Enters_Negative_Height_And_Weight" name="TC_59_Verify_error_messages_on_medications_page" time="2.232"/>
  <system-out/>
  <testcase classname="Dashboard.Health_Assessment_Test_Cases.TC_45_ATC_Verify_User_Enters_Negative_Height_And_Weight" name="TC_52_Verify_error_message_is_displayed_when_Smoking_and_Alcohol_count_left_empty" time="2.375"/>
  <system-out/>
  <testcase classname="Dashboard.Health_Assessment_Test_Cases.TC_45_ATC_Verify_User_Enters_Negative_Height_And_Weight" name="TC_56_Verify_error_messages_on_medical_conditions_page" time="5.286"/>
  <system-out/>
  <testcase classname="Dashboard.Health_Assessment_Test_Cases.TC_45_ATC_Verify_User_Enters_Negative_Height_And_Weight" name="TC_47_ATC_Verify_dropdown_options_for_Do_you_smoke_cigarettes" time="4.533"/>
  <system-out/>
  <testcase classname="Dashboard.Health_Assessment_Test_Cases.TC_45_ATC_Verify_User_Enters_Negative_Height_And_Weight" name="TC_57_Verify_list_of_medical_conditions_is_correct" time="0.283"/>
  <system-out/>
  <testcase classname="Dashboard.Health_Assessment_Test_Cases.TC_45_ATC_Verify_User_Enters_Negative_Height_And_Weight" name="TC_50_ATC_Verify_dropdown_options_for_How_many_units_do_you_drink_each_week" time="4.833"/>
  <system-out/>
</testsuite> <!-- Dashboard.Health_Assessment_Test_Cases.TC_45_ATC_Verify_User_Enters_Negative_Height_And_Weight -->
