<?xml version="1.0" encoding="UTF-8"?>
<!-- Generated by org.testng.reporters.JUnitReportReporter -->
<testsuite hostname="Desktop-22" failures="0" tests="1" name="Regression.Dashboard.Test_Cases.TC_04_Verify_error_message_is_displayed_for_incorrect_password" time="6.908" errors="0" timestamp="2025-06-02T15:39:17 IST" skipped="0">
  <testcase classname="Regression.Dashboard.Test_Cases.TC_04_Verify_error_message_is_displayed_for_incorrect_password" name="Verify_error_message_is_displayed_for_incorrect_password_SOFT_682_F3" time="6.908"/>
  <system-out/>
</testsuite> <!-- Regression.Dashboard.Test_Cases.TC_04_Verify_error_message_is_displayed_for_incorrect_password -->
