<?xml version="1.0" encoding="UTF-8"?>
<!-- Generated by org.testng.reporters.JUnitReportReporter -->
<testsuite hostname="Desktop-22" failures="0" tests="4" name="Dashboard.Health_Assessment_Test_Cases.TC_16_TC_17_TC_36_TC_37_Verify_That_Selecting_Other_Check_Box_For_Medical_Conditions_Prompts_The_Customer_To_Add_Custom_Details" time="32.765" errors="0" timestamp="2025-07-04T15:14:21 IST" skipped="0">
  <testcase classname="Dashboard.Health_Assessment_Test_Cases.TC_16_TC_17_TC_36_TC_37_Verify_That_Selecting_Other_Check_Box_For_Medical_Conditions_Prompts_The_Customer_To_Add_Custom_Details" name="TC_36_Validate_text_input_box_allows_to_enter_details_in_the_medical_condition_section" time="0.353"/>
  <system-out/>
  <testcase classname="Dashboard.Health_Assessment_Test_Cases.TC_16_TC_17_TC_36_TC_37_Verify_That_Selecting_Other_Check_Box_For_Medical_Conditions_Prompts_The_Customer_To_Add_Custom_Details" name="TC_16_Verify_that_selecting_other_check_box_for_medical_conditions_prompts_the_customer_to_add_custom_details" time="29.269"/>
  <system-out/>
  <testcase classname="Dashboard.Health_Assessment_Test_Cases.TC_16_TC_17_TC_36_TC_37_Verify_That_Selecting_Other_Check_Box_For_Medical_Conditions_Prompts_The_Customer_To_Add_Custom_Details" name="TC_17_Verify_that_selecting_other_check_box_for_medication_prompts_the_customer_to_add_custom_details" time="2.838"/>
  <system-out/>
  <testcase classname="Dashboard.Health_Assessment_Test_Cases.TC_16_TC_17_TC_36_TC_37_Verify_That_Selecting_Other_Check_Box_For_Medical_Conditions_Prompts_The_Customer_To_Add_Custom_Details" name="TC_37_Validate_text_input_box_allows_to_enter_details_in_the_medications_section" time="0.305"/>
  <system-out/>
</testsuite> <!-- Dashboard.Health_Assessment_Test_Cases.TC_16_TC_17_TC_36_TC_37_Verify_That_Selecting_Other_Check_Box_For_Medical_Conditions_Prompts_The_Customer_To_Add_Custom_Details -->
