<?xml version="1.0" encoding="UTF-8"?>
<!-- Generated by org.testng.reporters.JUnitReportReporter -->
<testsuite hostname="DESKTOP-GCGD1P4" failures="0" tests="1" name="Tims.SH_Test_Cases.TC_01_Verify_Test_Kit_Status_When_Only_Primary_Result_Is_Uploaded_SYPH_Not_Detected_HIV_Not_Detected" time="150.221" errors="0" timestamp="2025-09-12T14:35:30 IST" skipped="0">
  <testcase classname="Tims.SH_Test_Cases.TC_01_Verify_Test_Kit_Status_When_Only_Primary_Result_Is_Uploaded_SYPH_Not_Detected_HIV_Not_Detected" name="TC_01_Verify_test_kit_status_when_only_primary_result_is_uploaded_SYPH_not_detected_HIV_not_detected" time="150.221"/>
  <system-out/>
</testsuite> <!-- Tims.SH_Test_Cases.TC_01_Verify_Test_Kit_Status_When_Only_Primary_Result_Is_Uploaded_SYPH_Not_Detected_HIV_Not_Detected -->
