<?xml version="1.0" encoding="UTF-8"?>
<!-- Generated by org.testng.reporters.JUnitReportReporter -->
<testsuite hostname="DESKTOP-GCGD1P4" failures="0" tests="1" name="Dashboard.Reset_Password_Test_Cases.TC_12_Verify_UI_Elements_On_Reset_Password_Page" time="1.948" errors="0" timestamp="2025-09-12T14:35:30 IST" skipped="0">
  <testcase classname="Dashboard.Reset_Password_Test_Cases.TC_12_Verify_UI_Elements_On_Reset_Password_Page" name="TC_12_Verify_ui_elements_on_reset_password_page_present_or_not" time="1.948"/>
  <system-out/>
</testsuite> <!-- Dashboard.Reset_Password_Test_Cases.TC_12_Verify_UI_Elements_On_Reset_Password_Page -->
