<?xml version="1.0" encoding="UTF-8"?>
<!-- Generated by org.testng.reporters.JUnitReportReporter -->
<testsuite hostname="DESKTOP-GCGD1P4" failures="0" tests="7" name="Dashboard.Health_Assessment_Test_Cases.TC_11_to_TC_17_Verify_The_Successful_Health_Assessment_Filling_For_Blood_SH_Test" time="97.569" errors="0" timestamp="2025-09-12T14:35:30 IST" skipped="0">
  <testcase classname="Dashboard.Health_Assessment_Test_Cases.TC_11_to_TC_17_Verify_The_Successful_Health_Assessment_Filling_For_Blood_SH_Test" name="TC_13_Verify_that_selecting_Yes_for_unprotected_sex_prompts_additional_options_for_SH_Test" time="0.383"/>
  <system-out/>
  <testcase classname="Dashboard.Health_Assessment_Test_Cases.TC_11_to_TC_17_Verify_The_Successful_Health_Assessment_Filling_For_Blood_SH_Test" name="TC_12_Verify_that_selecting_Yes_for_sexual_activeness_prompts_additional_options_for_SH_Test" time="5.556"/>
  <system-out/>
  <testcase classname="Dashboard.Health_Assessment_Test_Cases.TC_11_to_TC_17_Verify_The_Successful_Health_Assessment_Filling_For_Blood_SH_Test" name="TC_11_Verify_that_sexual_health_test_contains_additional_step_in_health_assessment" time="78.838"/>
  <system-out/>
  <testcase classname="Dashboard.Health_Assessment_Test_Cases.TC_11_to_TC_17_Verify_The_Successful_Health_Assessment_Filling_For_Blood_SH_Test" name="TC_17_Verify_the_successful_health_assessment_filling_for_blood_SH_test_with_the_option_as_Yes_for_applicable_fields" time="0.187"/>
  <system-out/>
  <testcase classname="Dashboard.Health_Assessment_Test_Cases.TC_11_to_TC_17_Verify_The_Successful_Health_Assessment_Filling_For_Blood_SH_Test" name="TC_14_Verify_that_selecting_Yes_for_symptoms_prompts_additional_options_for_SH_Test" time="2.645"/>
  <system-out/>
  <testcase classname="Dashboard.Health_Assessment_Test_Cases.TC_11_to_TC_17_Verify_The_Successful_Health_Assessment_Filling_For_Blood_SH_Test" name="TC_15_Verify_that_selecting_Yes_for_STI_prompts_additional_options_for_SH_Test" time="5.581"/>
  <system-out/>
  <testcase classname="Dashboard.Health_Assessment_Test_Cases.TC_11_to_TC_17_Verify_The_Successful_Health_Assessment_Filling_For_Blood_SH_Test" name="TC_16_Verify_the_successful_health_assessment_filling_for_blood_SH_test" time="4.379"/>
  <system-out/>
</testsuite> <!-- Dashboard.Health_Assessment_Test_Cases.TC_11_to_TC_17_Verify_The_Successful_Health_Assessment_Filling_For_Blood_SH_Test -->
