<?xml version="1.0" encoding="UTF-8"?>
<!-- Generated by org.testng.reporters.JUnitReportReporter -->
<testsuite hostname="Desktop-22" failures="0" tests="8" name="Tims.Barcode_Batches_Test_Cases.TC_01_DNA_Verify_The_Presence_Of_Create_DNA_Batch_Button" time="17.052" errors="0" timestamp="2025-08-11T13:36:00 IST" skipped="0">
  <testcase classname="Tims.Barcode_Batches_Test_Cases.TC_01_DNA_Verify_The_Presence_Of_Create_DNA_Batch_Button" name="TC_04_Verify_that_the_sub_type_dropdown_has_the_correct_options" time="0.244"/>
  <system-out/>
  <testcase classname="Tims.Barcode_Batches_Test_Cases.TC_01_DNA_Verify_The_Presence_Of_Create_DNA_Batch_Button" name="TC_07_Verify_dynamic_population_of_customer_dropdown" time="0.397"/>
  <system-out/>
  <testcase classname="Tims.Barcode_Batches_Test_Cases.TC_01_DNA_Verify_The_Presence_Of_Create_DNA_Batch_Button" name="TC_05_Verify_that_the_count_field_has_a_help_text" time="0.260"/>
  <system-out/>
  <testcase classname="Tims.Barcode_Batches_Test_Cases.TC_01_DNA_Verify_The_Presence_Of_Create_DNA_Batch_Button" name="TC_03_Verify_that_the_type_dropdown_has_the_wellness_option" time="0.380"/>
  <system-out/>
  <testcase classname="Tims.Barcode_Batches_Test_Cases.TC_01_DNA_Verify_The_Presence_Of_Create_DNA_Batch_Button" name="TC_01_DNA_Verify_the_presence_of_create_DNA_batch_button" time="13.125"/>
  <system-out/>
  <testcase classname="Tims.Barcode_Batches_Test_Cases.TC_01_DNA_Verify_The_Presence_Of_Create_DNA_Batch_Button" name="TC_02_DNA_Verify_that_the_create_DNA_batch_button_opens_the_form" time="0.921"/>
  <system-out/>
  <testcase classname="Tims.Barcode_Batches_Test_Cases.TC_01_DNA_Verify_The_Presence_Of_Create_DNA_Batch_Button" name="TC_08_Verify_the_title_of_the_form_is_Create_DNA_batch" time="0.245"/>
  <system-out/>
  <testcase classname="Tims.Barcode_Batches_Test_Cases.TC_01_DNA_Verify_The_Presence_Of_Create_DNA_Batch_Button" name="TC_06_Verify_that_the_count_field_only_accepts_numbers_and_greater_than_2" time="1.480"/>
  <system-out/>
</testsuite> <!-- Tims.Barcode_Batches_Test_Cases.TC_01_DNA_Verify_The_Presence_Of_Create_DNA_Batch_Button -->
