<?xml version="1.0" encoding="UTF-8"?>
<!-- Generated by org.testng.reporters.JUnitReportReporter -->
<testsuite hostname="DESKTOP-GCGD1P4" failures="0" tests="2" name="Tims.Partial_Report_SOFT_1407_Test_Cases.TC_28_Verify_The_Auto_Population_Of_Additional_Default_Content_For_Partial_Reporting" time="110.524" errors="0" timestamp="2025-10-06T17:25:36 IST" skipped="0">
  <testcase classname="Tims.Partial_Report_SOFT_1407_Test_Cases.TC_28_Verify_The_Auto_Population_Of_Additional_Default_Content_For_Partial_Reporting" name="TC_29_Verify_the_display_and_selection_behavior_of_group_status_for_FBC_area_in_partial_report" time="0.391"/>
  <system-out/>
  <testcase classname="Tims.Partial_Report_SOFT_1407_Test_Cases.TC_28_Verify_The_Auto_Population_Of_Additional_Default_Content_For_Partial_Reporting" name="TC_28_Verify_the_auto_population_of_additional_default_content_for_partial_reporting" time="110.133"/>
  <system-out/>
</testsuite> <!-- Tims.Partial_Report_SOFT_1407_Test_Cases.TC_28_Verify_The_Auto_Population_Of_Additional_Default_Content_For_Partial_Reporting -->
