<?xml version="1.0" encoding="UTF-8"?>
<!-- Generated by org.testng.reporters.JUnitReportReporter -->
<testsuite hostname="Desktop-22" failures="0" tests="1" name="Dashboard.Create_Account_Test_Cases.TC_02_Verify_Successful_Account_Creation_With_Valid_Data" time="10.956" errors="0" timestamp="2025-07-07T18:49:56 IST" skipped="0">
  <testcase classname="Dashboard.Create_Account_Test_Cases.TC_02_Verify_Successful_Account_Creation_With_Valid_Data" name="TC_02_Verify_successful_account_creation_with_valid_data" time="10.956"/>
  <system-out/>
</testsuite> <!-- Dashboard.Create_Account_Test_Cases.TC_02_Verify_Successful_Account_Creation_With_Valid_Data -->
