<?xml version="1.0" encoding="UTF-8"?>
<!-- Generated by org.testng.reporters.JUnitReportReporter -->
<testsuite hostname="DESKTOP-GCGD1P4" failures="0" tests="4" name="Dashboard.Health_Assessment_Test_Cases.TC_24_to_TC_27_Verify_That_Selecting_Other_Check_Box_For_Medical_Conditions_Prompts_The_Customer_To_Add_Custom_Details" time="38.369" errors="0" timestamp="2025-09-12T14:35:30 IST" skipped="0">
  <testcase classname="Dashboard.Health_Assessment_Test_Cases.TC_24_to_TC_27_Verify_That_Selecting_Other_Check_Box_For_Medical_Conditions_Prompts_The_Customer_To_Add_Custom_Details" name="TC_26_Verify_that_selecting_other_check_box_for_medication_prompts_the_customer_to_add_custom_details" time="2.260"/>
  <system-out/>
  <testcase classname="Dashboard.Health_Assessment_Test_Cases.TC_24_to_TC_27_Verify_That_Selecting_Other_Check_Box_For_Medical_Conditions_Prompts_The_Customer_To_Add_Custom_Details" name="TC_24_Verify_that_selecting_other_check_box_for_medical_conditions_prompts_the_customer_to_add_custom_details" time="35.532"/>
  <system-out/>
  <testcase classname="Dashboard.Health_Assessment_Test_Cases.TC_24_to_TC_27_Verify_That_Selecting_Other_Check_Box_For_Medical_Conditions_Prompts_The_Customer_To_Add_Custom_Details" name="TC_27_Validate_text_input_box_allows_to_enter_details_in_the_medications_section" time="0.281"/>
  <system-out/>
  <testcase classname="Dashboard.Health_Assessment_Test_Cases.TC_24_to_TC_27_Verify_That_Selecting_Other_Check_Box_For_Medical_Conditions_Prompts_The_Customer_To_Add_Custom_Details" name="TC_25_Validate_text_input_box_allows_to_enter_details_in_the_medical_condition_section" time="0.296"/>
  <system-out/>
</testsuite> <!-- Dashboard.Health_Assessment_Test_Cases.TC_24_to_TC_27_Verify_That_Selecting_Other_Check_Box_For_Medical_Conditions_Prompts_The_Customer_To_Add_Custom_Details -->
