<?xml version="1.0" encoding="UTF-8"?>
<!-- Generated by org.testng.reporters.JUnitReportReporter -->
<testsuite hostname="Desktop-307" failures="0" tests="1" name="Dashboard.Test_Cases.TC_01_Verify_Phlebotomist_Booking_Navigation" time="4.440" errors="0" timestamp="2025-04-10T17:01:54 IST" skipped="0">
  <testcase classname="Dashboard.Test_Cases.TC_01_Verify_Phlebotomist_Booking_Navigation" name="Verify_Registration_Page_Navigation_SOFT_683_F2" time="4.440"/>
  <system-out/>
</testsuite> <!-- Dashboard.Test_Cases.TC_01_Verify_Phlebotomist_Booking_Navigation -->
