<?xml version="1.0" encoding="UTF-8"?>
<!-- Generated by org.testng.reporters.JUnitReportReporter -->
<testsuite hostname="DESKTOP-GCGD1P4" failures="0" tests="7" name="Dashboard.Health_Assessment_Test_Cases.TC_01_to_07_Verify_The_Successful_Health_Assessment_Filling_For_Normal_Blood_Test" time="54.410" errors="0" timestamp="2025-09-12T14:35:30 IST" skipped="0">
  <testcase classname="Dashboard.Health_Assessment_Test_Cases.TC_01_to_07_Verify_The_Successful_Health_Assessment_Filling_For_Normal_Blood_Test" name="TC_03_Verify_upon_submission_of_the_health_assessment_the_user_is_presented_with_a_summary_or_confirmation_page" time="0.164"/>
  <system-out/>
  <testcase classname="Dashboard.Health_Assessment_Test_Cases.TC_01_to_07_Verify_The_Successful_Health_Assessment_Filling_For_Normal_Blood_Test" name="TC_01_Verify_the_successful_health_assessment_filling_for_normal_blood_test" time="35.053"/>
  <system-out/>
  <testcase classname="Dashboard.Health_Assessment_Test_Cases.TC_01_to_07_Verify_The_Successful_Health_Assessment_Filling_For_Normal_Blood_Test" name="TC_06_Verify_if_the_user_navigates_to_an_existing_health_assessment_the_previously_saved_data_is_displayed_correctly" time="0.165"/>
  <system-out/>
  <testcase classname="Dashboard.Health_Assessment_Test_Cases.TC_01_to_07_Verify_The_Successful_Health_Assessment_Filling_For_Normal_Blood_Test" name="TC_04_Verify_the_presence_and_functionality_of_the_fill_edit_assessment_button" time="0.663"/>
  <system-out/>
  <testcase classname="Dashboard.Health_Assessment_Test_Cases.TC_01_to_07_Verify_The_Successful_Health_Assessment_Filling_For_Normal_Blood_Test" name="TC_05_Validate_the_data_displayed_on_the_assessment_summary_page_matches_the_data_entered" time="0.165"/>
  <system-out/>
  <testcase classname="Dashboard.Health_Assessment_Test_Cases.TC_01_to_07_Verify_The_Successful_Health_Assessment_Filling_For_Normal_Blood_Test" name="TC_07_Verify_the_ability_to_edit_and_save_each_field_in_the_health_assessment" time="18.047"/>
  <system-out/>
  <testcase classname="Dashboard.Health_Assessment_Test_Cases.TC_01_to_07_Verify_The_Successful_Health_Assessment_Filling_For_Normal_Blood_Test" name="TC_02_Verify_users_can_select_multiple_checkboxes_for_disease_types" time="0.153"/>
  <system-out/>
</testsuite> <!-- Dashboard.Health_Assessment_Test_Cases.TC_01_to_07_Verify_The_Successful_Health_Assessment_Filling_For_Normal_Blood_Test -->
