<?xml version="1.0" encoding="UTF-8"?>
<!-- Generated by org.testng.reporters.JUnitReportReporter -->
<testsuite hostname="DESKTOP-GCGD1P4" failures="0" tests="2" name="Dashboard.Customer_Landing_Test_Cases.TC_03_TC_04_Verify_Dynamic_Test_Updates_For_Blood_Tests" time="134.892" errors="0" timestamp="2025-09-12T14:35:30 IST" skipped="0">
  <testcase classname="Dashboard.Customer_Landing_Test_Cases.TC_03_TC_04_Verify_Dynamic_Test_Updates_For_Blood_Tests" name="TC_04_Verify_The_Timeline_For_Completed_Steps_Of_Test_Kit" time="0.188"/>
  <system-out/>
  <testcase classname="Dashboard.Customer_Landing_Test_Cases.TC_03_TC_04_Verify_Dynamic_Test_Updates_For_Blood_Tests" name="TC_03_Verify_dynamic_test_updates_for_blood_tests" time="134.704"/>
  <system-out/>
</testsuite> <!-- Dashboard.Customer_Landing_Test_Cases.TC_03_TC_04_Verify_Dynamic_Test_Updates_For_Blood_Tests -->
