<?xml version="1.0" encoding="UTF-8"?>
<!-- Generated by org.testng.reporters.JUnitReportReporter -->
<testsuite hostname="Desktop-22" failures="0" tests="1" name="Dashboard.Health_Assessment_Test_Cases.TC_26_Verify_The_Conversion_Accuracy_For_Height_And_Weight_Values_Between_Metric_And_Imperial_Units" time="23.728" errors="0" timestamp="2025-07-04T15:14:21 IST" skipped="0">
  <testcase classname="Dashboard.Health_Assessment_Test_Cases.TC_26_Verify_The_Conversion_Accuracy_For_Height_And_Weight_Values_Between_Metric_And_Imperial_Units" name="TC_26_Verify_the_conversion_accuracy_for_height_and_weight_values_between_metric_and_imperial_units" time="23.728"/>
  <system-out/>
</testsuite> <!-- Dashboard.Health_Assessment_Test_Cases.TC_26_Verify_The_Conversion_Accuracy_For_Height_And_Weight_Values_Between_Metric_And_Imperial_Units -->
