<?xml version="1.0" encoding="UTF-8"?>
<!-- Generated by org.testng.reporters.JUnitReportReporter -->
<testsuite hostname="DESKTOP-GCGD1P4" failures="0" tests="1" name="Tims.Partial_Report_SOFT_1405_Test_Cases.TC_11_Verify_Partial_Test_Report_Vitamins_Minerals_Profile_Test_For_FOL_Untestable_Insufficient_Post_Analytical" time="74.526" errors="0" timestamp="2025-10-14T16:29:06 IST" skipped="0">
  <testcase classname="Tims.Partial_Report_SOFT_1405_Test_Cases.TC_11_Verify_Partial_Test_Report_Vitamins_Minerals_Profile_Test_For_FOL_Untestable_Insufficient_Post_Analytical" name="TC_11_Verify_partial_test_report_vitamins_minerals_profile_test_for_FOL_untestable_insufficient_post_analytical" time="74.526"/>
  <system-out/>
</testsuite> <!-- Tims.Partial_Report_SOFT_1405_Test_Cases.TC_11_Verify_Partial_Test_Report_Vitamins_Minerals_Profile_Test_For_FOL_Untestable_Insufficient_Post_Analytical -->
