<?xml version="1.0" encoding="UTF-8"?>
<!-- Generated by org.testng.reporters.JUnitReportReporter -->
<testsuite hostname="DESKTOP-GCGD1P4" failures="0" tests="1" name="Dashboard.Create_Account_Test_Cases.TC_07_Verify_Empty_Email" time="5.836" errors="0" timestamp="2025-09-12T14:35:30 IST" skipped="0">
  <testcase classname="Dashboard.Create_Account_Test_Cases.TC_07_Verify_Empty_Email" name="TC_07_Verify_error_for_empty_email" time="5.836"/>
  <system-out/>
</testsuite> <!-- Dashboard.Create_Account_Test_Cases.TC_07_Verify_Empty_Email -->
