<?xml version="1.0" encoding="UTF-8"?>
<!-- Generated by org.testng.reporters.JUnitReportReporter -->
<testsuite hostname="Desktop-22" failures="0" tests="7" name="Dashboard.Health_Assessment_Test_Cases.TC_03_TC_11_to_TC_15_TC_20_Verify_The_Successful_Health_Assessment_Filling_For_Blood_SH_Test" time="114.865" errors="0" timestamp="2025-07-04T15:14:21 IST" skipped="0">
  <testcase classname="Dashboard.Health_Assessment_Test_Cases.TC_03_TC_11_to_TC_15_TC_20_Verify_The_Successful_Health_Assessment_Filling_For_Blood_SH_Test" name="TC_13_Verify_that_selecting_Yes_for_unprotected_sex_prompts_additional_options_for_SH_Test" time="0.375"/>
  <system-out/>
  <testcase classname="Dashboard.Health_Assessment_Test_Cases.TC_03_TC_11_to_TC_15_TC_20_Verify_The_Successful_Health_Assessment_Filling_For_Blood_SH_Test" name="TC_14_Verify_that_selecting_Yes_for_symptoms_prompts_additional_options_for_SH_Test" time="2.648"/>
  <system-out/>
  <testcase classname="Dashboard.Health_Assessment_Test_Cases.TC_03_TC_11_to_TC_15_TC_20_Verify_The_Successful_Health_Assessment_Filling_For_Blood_SH_Test" name="TC_12_Verify_that_selecting_Yes_for_sexual_activeness_prompts_additional_options_for_SH_Test" time="5.731"/>
  <system-out/>
  <testcase classname="Dashboard.Health_Assessment_Test_Cases.TC_03_TC_11_to_TC_15_TC_20_Verify_The_Successful_Health_Assessment_Filling_For_Blood_SH_Test" name="TC_15_Verify_that_selecting_Yes_for_STI_prompts_additional_options_for_SH_Test" time="5.827"/>
  <system-out/>
  <testcase classname="Dashboard.Health_Assessment_Test_Cases.TC_03_TC_11_to_TC_15_TC_20_Verify_The_Successful_Health_Assessment_Filling_For_Blood_SH_Test" name="TC_03_Verify_the_successful_health_assessment_filling_for_blood_SH_test" time="4.721"/>
  <system-out/>
  <testcase classname="Dashboard.Health_Assessment_Test_Cases.TC_03_TC_11_to_TC_15_TC_20_Verify_The_Successful_Health_Assessment_Filling_For_Blood_SH_Test" name="TC_20_Verify_the_successful_health_assessment_filling_for_blood_SH_test_with_the_option_as_Yes_for_applicable_fields" time="0.171"/>
  <system-out/>
  <testcase classname="Dashboard.Health_Assessment_Test_Cases.TC_03_TC_11_to_TC_15_TC_20_Verify_The_Successful_Health_Assessment_Filling_For_Blood_SH_Test" name="TC_11_Verify_that_sexual_health_test_contains_additional_step_in_health_assessment" time="95.392"/>
  <system-out/>
</testsuite> <!-- Dashboard.Health_Assessment_Test_Cases.TC_03_TC_11_to_TC_15_TC_20_Verify_The_Successful_Health_Assessment_Filling_For_Blood_SH_Test -->
