<?xml version="1.0" encoding="UTF-8"?>
<!-- Generated by org.testng.reporters.JUnitReportReporter -->
<testsuite hostname="Desktop-22" failures="0" tests="3" name="Dashboard.Activate_Test_Kit_Test_Cases.TC_09_Verify_That_Consent_Check_Boxes_Are_Mandatory_Feilds" time="68.264" errors="0" timestamp="2025-06-26T11:00:34 IST" skipped="0">
  <testcase classname="Dashboard.Activate_Test_Kit_Test_Cases.TC_09_Verify_That_Consent_Check_Boxes_Are_Mandatory_Feilds" name="TC_10_Verify_user_redirected_to_detials_page_after_marking_consent_checkboxes" time="10.959"/>
  <system-out/>
  <testcase classname="Dashboard.Activate_Test_Kit_Test_Cases.TC_09_Verify_That_Consent_Check_Boxes_Are_Mandatory_Feilds" name="TC_11_Verify_data_auto_populate_on_personal_details_page" time="2.302"/>
  <system-out/>
  <testcase classname="Dashboard.Activate_Test_Kit_Test_Cases.TC_09_Verify_That_Consent_Check_Boxes_Are_Mandatory_Feilds" name="TC_09_Verify_that_consent_check_boxes_are_mandatory_feilds" time="55.003"/>
  <system-out/>
</testsuite> <!-- Dashboard.Activate_Test_Kit_Test_Cases.TC_09_Verify_That_Consent_Check_Boxes_Are_Mandatory_Feilds -->
