<?xml version="1.0" encoding="UTF-8"?>
<!-- Generated by org.testng.reporters.JUnitReportReporter -->
<testsuite hostname="Desktop-22" failures="0" tests="2" name="Dashboard.Customer_Landing_Test_Cases.TC_01_Verify_Message_Display_When_No_Tests_Are_Available" time="7.898" errors="0" timestamp="2025-07-22T18:03:56 IST" skipped="0">
  <testcase classname="Dashboard.Customer_Landing_Test_Cases.TC_01_Verify_Message_Display_When_No_Tests_Are_Available" name="TC_51_Verify_dashboards_empty_state" time="0.148"/>
  <system-out/>
  <testcase classname="Dashboard.Customer_Landing_Test_Cases.TC_01_Verify_Message_Display_When_No_Tests_Are_Available" name="TC_01_Verify_message_display_when_no_tests_are_available" time="7.750"/>
  <system-out/>
</testsuite> <!-- Dashboard.Customer_Landing_Test_Cases.TC_01_Verify_Message_Display_When_No_Tests_Are_Available -->
