<?xml version="1.0" encoding="UTF-8"?>
<!-- Generated by org.testng.reporters.JUnitReportReporter -->
<testsuite hostname="DESKTOP-GCGD1P4" failures="0" tests="1" name="Dashboard.Login_Logout_Test_Cases.TC_09_Check_Login_For_Mixed_Case_Email" time="3.600" errors="0" timestamp="2025-09-12T14:35:30 IST" skipped="0">
  <testcase classname="Dashboard.Login_Logout_Test_Cases.TC_09_Check_Login_For_Mixed_Case_Email" name="TC_09_Check_login_for_mixed_case_email" time="3.600"/>
  <system-out/>
</testsuite> <!-- Dashboard.Login_Logout_Test_Cases.TC_09_Check_Login_For_Mixed_Case_Email -->
