<?xml version="1.0" encoding="UTF-8"?>
<!-- Generated by org.testng.reporters.JUnitReportReporter -->
<testsuite hostname="Desktop-22" failures="0" tests="1" name="Smoke.Dashboard.Test_Cases.TC_01_Verify_Phlebotomist_Booking_Navigation" time="36.224" errors="0" timestamp="2025-05-15T15:48:19 IST" skipped="0">
  <testcase classname="Smoke.Dashboard.Test_Cases.TC_01_Verify_Phlebotomist_Booking_Navigation" name="Verify_Registration_Page_Navigation_SOFT_683_F2" time="36.224"/>
  <system-out/>
</testsuite> <!-- Smoke.Dashboard.Test_Cases.TC_01_Verify_Phlebotomist_Booking_Navigation -->
