<?xml version="1.0" encoding="UTF-8"?>
<!-- Generated by org.testng.reporters.JUnitReportReporter -->
<testsuite hostname="Desktop-22" failures="0" tests="2" name="Dashboard.Customer_Landing.TC_20_Verify_Report_View_Functionality" time="222.357" errors="0" timestamp="2025-07-04T18:05:34 IST" skipped="0">
  <testcase classname="Dashboard.Customer_Landing.TC_20_Verify_Report_View_Functionality" name="TC_30_Verify_pictorial_scale_in_detailed_report" time="0.805"/>
  <system-out/>
  <testcase classname="Dashboard.Customer_Landing.TC_20_Verify_Report_View_Functionality" name="TC_20_Verify_report_view_functionality" time="221.552"/>
  <system-out/>
</testsuite> <!-- Dashboard.Customer_Landing.TC_20_Verify_Report_View_Functionality -->
