<?xml version="1.0" encoding="UTF-8"?>
<!-- Generated by org.testng.reporters.JUnitReportReporter -->
<testsuite hostname="DESKTOP-GCGD1P4" failures="0" tests="1" name="Tims.Partial_Report_SOFT_1407_Test_Cases.TC_23_Verify_Partial_Reporting_Energy_Profile_Test_ALT_ALP_And_FBC_Group_Inhibitory" time="168.180" errors="0" timestamp="2025-10-01T10:52:20 IST" skipped="0">
  <testcase classname="Tims.Partial_Report_SOFT_1407_Test_Cases.TC_23_Verify_Partial_Reporting_Energy_Profile_Test_ALT_ALP_And_FBC_Group_Inhibitory" name="TC_23_Verify_partial_reporting_energy_profile_test_ALT_ALP_and_FBC_group_inhibitory" time="168.180"/>
  <system-out/>
</testsuite> <!-- Tims.Partial_Report_SOFT_1407_Test_Cases.TC_23_Verify_Partial_Reporting_Energy_Profile_Test_ALT_ALP_And_FBC_Group_Inhibitory -->
