<?xml version="1.0" encoding="UTF-8"?>
<!-- Generated by org.testng.reporters.JUnitReportReporter -->
<testsuite hostname="Desktop-22" failures="0" tests="5" name="Dashboard.Health_Assessment_Test_Cases.TC_01_TC_27_TC_34_TC_35_Verify_The_Successful_Health_Assessment_Filling_For_Normal_Blood_Test" time="49.652" errors="0" timestamp="2025-06-11T15:43:35 IST" skipped="0">
  <testcase classname="Dashboard.Health_Assessment_Test_Cases.TC_01_TC_27_TC_34_TC_35_Verify_The_Successful_Health_Assessment_Filling_For_Normal_Blood_Test" name="TC_35_Verify_the_ability_to_edit_and_save_each_field_in_the_health_assessment" time="18.393"/>
  <system-out/>
  <testcase classname="Dashboard.Health_Assessment_Test_Cases.TC_01_TC_27_TC_34_TC_35_Verify_The_Successful_Health_Assessment_Filling_For_Normal_Blood_Test" name="TC_27_Verify_the_presence_and_functionality_of_the_fill_edit_assessment_button" time="0.836"/>
  <system-out/>
  <testcase classname="Dashboard.Health_Assessment_Test_Cases.TC_01_TC_27_TC_34_TC_35_Verify_The_Successful_Health_Assessment_Filling_For_Normal_Blood_Test" name="TC_47_Verify_upon_submission_of_the_health_assessment_the_user_is_presented_with_a_summary_or_confirmation_page" time="0.158"/>
  <system-out/>
  <testcase classname="Dashboard.Health_Assessment_Test_Cases.TC_01_TC_27_TC_34_TC_35_Verify_The_Successful_Health_Assessment_Filling_For_Normal_Blood_Test" name="TC_34_Validate_the_data_displayed_on_the_assessment_summary_page_matches_the_data_entered" time="0.248"/>
  <system-out/>
  <testcase classname="Dashboard.Health_Assessment_Test_Cases.TC_01_TC_27_TC_34_TC_35_Verify_The_Successful_Health_Assessment_Filling_For_Normal_Blood_Test" name="TC_01_Verify_the_successful_health_assessment_filling_for_normal_blood_test" time="30.017"/>
  <system-out/>
</testsuite> <!-- Dashboard.Health_Assessment_Test_Cases.TC_01_TC_27_TC_34_TC_35_Verify_The_Successful_Health_Assessment_Filling_For_Normal_Blood_Test -->
