<?xml version="1.0" encoding="UTF-8"?>
<!-- Generated by org.testng.reporters.JUnitReportReporter -->
<testsuite hostname="DESKTOP-GCGD1P4" failures="0" tests="1" name="Tims.Partial_Report_SOFT_1409_Test_Cases.TC_17_Verify_Partial_Report_For_Weight_Management_Test_For_Biomarkers_FOL_HbA1c_with_Error_Reason_Inhibitory" time="76.498" errors="0" timestamp="2025-10-14T17:03:57 IST" skipped="0">
  <testcase classname="Tims.Partial_Report_SOFT_1409_Test_Cases.TC_17_Verify_Partial_Report_For_Weight_Management_Test_For_Biomarkers_FOL_HbA1c_with_Error_Reason_Inhibitory" name="TC_17_Verify_partial_report_for_weight_management_test_for_biomarkers_FOL_HbA1c_with_error_reason_inhibitory" time="76.498"/>
  <system-out/>
</testsuite> <!-- Tims.Partial_Report_SOFT_1409_Test_Cases.TC_17_Verify_Partial_Report_For_Weight_Management_Test_For_Biomarkers_FOL_HbA1c_with_Error_Reason_Inhibitory -->
