<?xml version="1.0" encoding="UTF-8"?>
<!-- Generated by org.testng.reporters.JUnitReportReporter -->
<testsuite hostname="Desktop-307" failures="0" tests="1" name="Tims.Test_Cases.Verify_Test_Kit_Creation" time="23.854" errors="0" timestamp="2025-04-09T14:56:56 IST" skipped="0">
  <testcase classname="Tims.Test_Cases.Verify_Test_Kit_Creation" name="Create_kit_Smoke" time="23.854"/>
  <system-out/>
</testsuite> <!-- Tims.Test_Cases.Verify_Test_Kit_Creation -->
