<?xml version="1.0" encoding="UTF-8"?>
<!-- Generated by org.testng.reporters.JUnitReportReporter -->
<testsuite hostname="DESKTOP-GCGD1P4" failures="0" tests="1" name="Dashboard.Create_Account_Test_Cases.TC_12_Verify_Already_Exisitng_Account_Error" time="7.249" errors="0" timestamp="2025-09-12T14:35:30 IST" skipped="0">
  <testcase classname="Dashboard.Create_Account_Test_Cases.TC_12_Verify_Already_Exisitng_Account_Error" name="TC_12_Verify_already_exisitng_account_error" time="7.249"/>
  <system-out/>
</testsuite> <!-- Dashboard.Create_Account_Test_Cases.TC_12_Verify_Already_Exisitng_Account_Error -->
