<?xml version="1.0" encoding="UTF-8"?>
<!-- Generated by org.testng.reporters.JUnitReportReporter -->
<testsuite hostname="DESKTOP-GCGD1P4" failures="0" tests="1" name="Tims.SOFT_1405_Partial_Report.TC_12_Verify_Partial_Test_Report_Vitamins_Minerals_Profile_Test_For_FOL_Untestable_Clotted_Post_Analytical" time="137.603" errors="0" timestamp="2025-09-03T12:05:09 IST" skipped="0">
  <testcase classname="Tims.SOFT_1405_Partial_Report.TC_12_Verify_Partial_Test_Report_Vitamins_Minerals_Profile_Test_For_FOL_Untestable_Clotted_Post_Analytical" name="TC_12_Verify_partial_test_report_vitamins_minerals_profile_test_for_FOL_untestable_clotted_post_analytical" time="137.603"/>
  <system-out/>
</testsuite> <!-- Tims.SOFT_1405_Partial_Report.TC_12_Verify_Partial_Test_Report_Vitamins_Minerals_Profile_Test_For_FOL_Untestable_Clotted_Post_Analytical -->
