<?xml version="1.0" encoding="UTF-8"?>
<!-- Generated by org.testng.reporters.JUnitReportReporter -->
<testsuite hostname="DESKTOP-GCGD1P4" failures="0" tests="1" name="Dashboard.Activate_Test_Kit_Test_Cases.TC_21_Verify_System_Correctly_Handles_Browser_Back_Button_Behavior" time="21.121" errors="0" timestamp="2025-09-12T14:35:30 IST" skipped="0">
  <testcase classname="Dashboard.Activate_Test_Kit_Test_Cases.TC_21_Verify_System_Correctly_Handles_Browser_Back_Button_Behavior" name="TC_21_Verify_system_correctly_handles_browser_back_button_behavior" time="21.121"/>
  <system-out/>
</testsuite> <!-- Dashboard.Activate_Test_Kit_Test_Cases.TC_21_Verify_System_Correctly_Handles_Browser_Back_Button_Behavior -->
