<?xml version="1.0" encoding="UTF-8"?>
<!-- Generated by org.testng.reporters.JUnitReportReporter -->
<testsuite hostname="DESKTOP-GCGD1P4" failures="0" tests="2" name="Dashboard.Health_Assessment_Test_Cases.TC_30_TC_31_Verify_That_Fill_Health_Assessment_Change_After_Assessment_Completion" time="193.054" errors="0" timestamp="2025-09-12T14:35:30 IST" skipped="0">
  <testcase classname="Dashboard.Health_Assessment_Test_Cases.TC_30_TC_31_Verify_That_Fill_Health_Assessment_Change_After_Assessment_Completion" name="TC_30_Verify_that_fill_health_assessment_change_after_assessment_completion" time="159.299"/>
  <system-out/>
  <testcase classname="Dashboard.Health_Assessment_Test_Cases.TC_30_TC_31_Verify_That_Fill_Health_Assessment_Change_After_Assessment_Completion" name="TC_31_Verify_ability_to_fill_or_edit_and_save_the_health_assessment_before_sample_reach_to_lab_for_blood_test" time="33.755"/>
  <system-out/>
</testsuite> <!-- Dashboard.Health_Assessment_Test_Cases.TC_30_TC_31_Verify_That_Fill_Health_Assessment_Change_After_Assessment_Completion -->
