<?xml version="1.0" encoding="UTF-8"?>
<!-- Generated by org.testng.reporters.JUnitReportReporter -->
<testsuite hostname="DESKTOP-GCGD1P4" failures="0" tests="1" name="Tims.Partial_Report_SOFT_1407_Test_Cases.TC_05_Verify_Partial_Reporting_Energy_Profile_Test_BAS_EOS_HCT_HGB_LYMP_MCV_MONO_NEU_PLT_RBC_WBC_Untestable_Grossly_Haemolysed" time="176.506" errors="0" timestamp="2025-09-12T14:35:30 IST" skipped="0">
  <testcase classname="Tims.Partial_Report_SOFT_1407_Test_Cases.TC_05_Verify_Partial_Reporting_Energy_Profile_Test_BAS_EOS_HCT_HGB_LYMP_MCV_MONO_NEU_PLT_RBC_WBC_Untestable_Grossly_Haemolysed" name="TC_05_Verify_partial_reporting_energy_profile_test_BAS_EOS_HCT_HGB_LYMP_MCV_MONO_NEU_PLT_RBC_WBC_untestable_grossly_haemolysed" time="176.506"/>
  <system-out/>
</testsuite> <!-- Tims.Partial_Report_SOFT_1407_Test_Cases.TC_05_Verify_Partial_Reporting_Energy_Profile_Test_BAS_EOS_HCT_HGB_LYMP_MCV_MONO_NEU_PLT_RBC_WBC_Untestable_Grossly_Haemolysed -->
