<?xml version="1.0" encoding="UTF-8"?>
<!-- Generated by org.testng.reporters.JUnitReportReporter -->
<testsuite hostname="Desktop-22" failures="0" tests="1" name="Dashboard.Health_Assessment_Test_Cases.TC_01_Verify_The_Successful_Health_Assessment_Filling_For_Normal_Blood_Test" time="31.804" errors="0" timestamp="2025-06-09T11:54:29 IST" skipped="0">
  <testcase classname="Dashboard.Health_Assessment_Test_Cases.TC_01_Verify_The_Successful_Health_Assessment_Filling_For_Normal_Blood_Test" name="TC_01_Verify_the_successful_health_assessment_filling_for_normal_blood_test_SOFT_835_F1" time="31.804"/>
  <system-out/>
</testsuite> <!-- Dashboard.Health_Assessment_Test_Cases.TC_01_Verify_The_Successful_Health_Assessment_Filling_For_Normal_Blood_Test -->
