<?xml version="1.0" encoding="UTF-8"?>
<!-- Generated by org.testng.reporters.JUnitReportReporter -->
<testsuite hostname="DESKTOP-GCGD1P4" failures="0" tests="1" name="Dashboard.Activate_Test_Kit_Test_Cases.TC_35_Verify_Same_Tracking_Number_Allowed_For_Multiple_Activation_Process" time="66.492" errors="0" timestamp="2025-09-12T14:35:30 IST" skipped="0">
  <testcase classname="Dashboard.Activate_Test_Kit_Test_Cases.TC_35_Verify_Same_Tracking_Number_Allowed_For_Multiple_Activation_Process" name="TC_35_Verify_same_tracking_number_allowed_for_multiple_activation_process" time="66.492"/>
  <system-out/>
</testsuite> <!-- Dashboard.Activate_Test_Kit_Test_Cases.TC_35_Verify_Same_Tracking_Number_Allowed_For_Multiple_Activation_Process -->
