<?xml version="1.0" encoding="UTF-8"?>
<!-- Generated by org.testng.reporters.JUnitReportReporter -->
<testsuite hostname="DESKTOP-GCGD1P4" failures="0" tests="2" name="Dashboard.Customer_Landing_Test_Cases.TC_53_TC_44_Verify_Highlighting_Of_Error_Messages_In_Dashboard" time="25.956" errors="0" timestamp="2025-09-12T14:35:30 IST" skipped="0">
  <testcase classname="Dashboard.Customer_Landing_Test_Cases.TC_53_TC_44_Verify_Highlighting_Of_Error_Messages_In_Dashboard" name="TC_44_Verify_Error_Message_UI" time="0.246"/>
  <system-out/>
  <testcase classname="Dashboard.Customer_Landing_Test_Cases.TC_53_TC_44_Verify_Highlighting_Of_Error_Messages_In_Dashboard" name="TC_53_Verify_highlighting_of_error_messages_in_dashboard" time="25.710"/>
  <system-out/>
</testsuite> <!-- Dashboard.Customer_Landing_Test_Cases.TC_53_TC_44_Verify_Highlighting_Of_Error_Messages_In_Dashboard -->
