<?xml version="1.0" encoding="UTF-8"?>
<!-- Generated by org.testng.reporters.JUnitReportReporter -->
<testsuite hostname="DESKTOP-GCGD1P4" failures="0" tests="5" name="Dashboard.Activate_Test_Kit_Test_Cases.TC_55_to_TC_59_Verify_Various_Types_Of_Barcodes" time="249.363" errors="0" timestamp="2025-09-12T14:35:30 IST" skipped="0">
  <testcase classname="Dashboard.Activate_Test_Kit_Test_Cases.TC_55_to_TC_59_Verify_Various_Types_Of_Barcodes" name="TC_56_Verify_Boots_Private_Single_Barcode" time="19.175"/>
  <system-out/>
  <testcase classname="Dashboard.Activate_Test_Kit_Test_Cases.TC_55_to_TC_59_Verify_Various_Types_Of_Barcodes" name="TC_57_Verify_Double_Barcode" time="21.064"/>
  <system-out/>
  <testcase classname="Dashboard.Activate_Test_Kit_Test_Cases.TC_55_to_TC_59_Verify_Various_Types_Of_Barcodes" name="TC_58_Verify_Boots_Private_Double_Barcode" time="21.788"/>
  <system-out/>
  <testcase classname="Dashboard.Activate_Test_Kit_Test_Cases.TC_55_to_TC_59_Verify_Various_Types_Of_Barcodes" name="TC_55_Verify_various_types_of_barcodes" time="165.802"/>
  <system-out/>
  <testcase classname="Dashboard.Activate_Test_Kit_Test_Cases.TC_55_to_TC_59_Verify_Various_Types_Of_Barcodes" name="TC_59_Verify_Activate_Kit_Double_Barcode_Blue" time="21.534"/>
  <system-out/>
</testsuite> <!-- Dashboard.Activate_Test_Kit_Test_Cases.TC_55_to_TC_59_Verify_Various_Types_Of_Barcodes -->
