<?xml version="1.0" encoding="UTF-8"?>
<!-- Generated by org.testng.reporters.JUnitReportReporter -->
<testsuite hostname="Desktop-22" failures="0" tests="1" name="Regression.Dashboard.Test_Cases.TC_08_Verify_email_input_field_with_invalid_email_format" time="3.962" errors="0" timestamp="2025-05-14T17:20:29 IST" skipped="0">
  <testcase classname="Regression.Dashboard.Test_Cases.TC_08_Verify_email_input_field_with_invalid_email_format" name="TC_08_Verify_email_input_field_with_invalid_email_format_SOFT_682_F7" time="3.962"/>
  <system-out/>
</testsuite> <!-- Regression.Dashboard.Test_Cases.TC_08_Verify_email_input_field_with_invalid_email_format -->
