<?xml version="1.0" encoding="UTF-8"?>
<!-- Generated by org.testng.reporters.JUnitReportReporter -->
<testsuite hostname="DESKTOP-GCGD1P4" failures="0" tests="2" name="Dashboard.Activate_Test_Kit_Test_Cases.TC_39_TC_41_Verify_Error_For_Invalid_Barcode" time="17.262" errors="0" timestamp="2025-09-12T14:35:30 IST" skipped="0">
  <testcase classname="Dashboard.Activate_Test_Kit_Test_Cases.TC_39_TC_41_Verify_Error_For_Invalid_Barcode" name="TC_39_Verify_system_does_not_show_sensitive_information_in_error_message" time="0.161"/>
  <system-out/>
  <testcase classname="Dashboard.Activate_Test_Kit_Test_Cases.TC_39_TC_41_Verify_Error_For_Invalid_Barcode" name="TC_41_Verify_error_msg_for_invalid_barcode" time="17.101"/>
  <system-out/>
</testsuite> <!-- Dashboard.Activate_Test_Kit_Test_Cases.TC_39_TC_41_Verify_Error_For_Invalid_Barcode -->
