<?xml version="1.0" encoding="UTF-8"?>
<!-- Generated by org.testng.reporters.JUnitReportReporter -->
<testsuite hostname="Desktop-22" failures="0" tests="2" name="Dashboard.Health_Assessment_Test_Cases.TC_05_Verify_selecting_Yes_for_smoking_habits_prompts_additional_options" time="21.581" errors="0" timestamp="2025-06-06T12:13:59 IST" skipped="0">
  <testcase classname="Dashboard.Health_Assessment_Test_Cases.TC_05_Verify_selecting_Yes_for_smoking_habits_prompts_additional_options" name="TC_05_verify_selecting_Yes_for_smoking_habits_prompts_additional_options" time="20.023"/>
  <system-out/>
  <testcase classname="Dashboard.Health_Assessment_Test_Cases.TC_05_Verify_selecting_Yes_for_smoking_habits_prompts_additional_options" name="TC_06_verify_selecting_Yes_for_alcohol_prompts_additional_options" time="1.558"/>
  <system-out/>
</testsuite> <!-- Dashboard.Health_Assessment_Test_Cases.TC_05_Verify_selecting_Yes_for_smoking_habits_prompts_additional_options -->
