<?xml version="1.0" encoding="UTF-8"?>
<!-- Generated by org.testng.reporters.JUnitReportReporter -->
<testsuite hostname="DESKTOP-GCGD1P4" failures="0" tests="1" name="Tims.Partial_Report_SOFT_1409_Test_Cases.TC_15_Verify_Partial_Report_For_General_Health_Test_Biomarkers_FBC_HbA1c_ALT_GGT_ALP_with_Error_Untestable_Clotted_Sample_Receipt" time="77.482" errors="0" timestamp="2025-10-14T17:03:57 IST" skipped="0">
  <testcase classname="Tims.Partial_Report_SOFT_1409_Test_Cases.TC_15_Verify_Partial_Report_For_General_Health_Test_Biomarkers_FBC_HbA1c_ALT_GGT_ALP_with_Error_Untestable_Clotted_Sample_Receipt" name="TC_15_Verify_partial_test_reporting_for_the_general_health_test_specifically_for_the_biomarkers_FBC_HbA1c_ALT_GGT_ALP_with_error_reason_marked_as_untestable_clotted_sample_receipt" time="77.482"/>
  <system-out/>
</testsuite> <!-- Tims.Partial_Report_SOFT_1409_Test_Cases.TC_15_Verify_Partial_Report_For_General_Health_Test_Biomarkers_FBC_HbA1c_ALT_GGT_ALP_with_Error_Untestable_Clotted_Sample_Receipt -->
