<?xml version="1.0" encoding="UTF-8"?>
<!-- Generated by org.testng.reporters.JUnitReportReporter -->
<testsuite hostname="DESKTOP-GCGD1P4" failures="0" tests="1" name="Dashboard.Activate_Test_Kit_Test_Cases.TC_01_Verify_User_Can_Click_The_Activate_Blood_Test_Button" time="10.208" errors="0" timestamp="2025-09-12T14:35:30 IST" skipped="0">
  <testcase classname="Dashboard.Activate_Test_Kit_Test_Cases.TC_01_Verify_User_Can_Click_The_Activate_Blood_Test_Button" name="TC_01_Verify_user_can_click_the_activate_test_button_and_redirect_to_next_page" time="10.208"/>
  <system-out/>
</testsuite> <!-- Dashboard.Activate_Test_Kit_Test_Cases.TC_01_Verify_User_Can_Click_The_Activate_Blood_Test_Button -->
