<?xml version="1.0" encoding="UTF-8"?>
<!-- Generated by org.testng.reporters.JUnitReportReporter -->
<testsuite hostname="DESKTOP-GCGD1P4" failures="0" tests="1" name="Tims.Partial_Report_SOFT_1409_Test_Cases.TC_18_Verify_Partial_Report_For_Erectile_Dysfunction_Test_For_HbA1c_with_Error_Untestable_Insufficient_Post_Analytical" time="75.482" errors="0" timestamp="2025-10-14T17:03:57 IST" skipped="0">
  <testcase classname="Tims.Partial_Report_SOFT_1409_Test_Cases.TC_18_Verify_Partial_Report_For_Erectile_Dysfunction_Test_For_HbA1c_with_Error_Untestable_Insufficient_Post_Analytical" name="TC_18_Verify_partial_test_reporting_for_the_erectile_dysfunction_test_specifically_for_the_biomarkers_HbA1c_with_error_reason_marked_as_untestable_insufficient_post_analytical" time="75.482"/>
  <system-out/>
</testsuite> <!-- Tims.Partial_Report_SOFT_1409_Test_Cases.TC_18_Verify_Partial_Report_For_Erectile_Dysfunction_Test_For_HbA1c_with_Error_Untestable_Insufficient_Post_Analytical -->
