<?xml version="1.0" encoding="UTF-8"?>
<!-- Generated by org.testng.reporters.JUnitReportReporter -->
<testsuite hostname="Desktop-22" failures="0" tests="2" name="Dashboard.Health_Assessment_Test_Cases.TC_42_TC_45_Verify_Navigation_Buttons_Functionality_On_Health_Assessment_Page" time="30.403" errors="0" timestamp="2025-07-04T15:14:21 IST" skipped="0">
  <testcase classname="Dashboard.Health_Assessment_Test_Cases.TC_42_TC_45_Verify_Navigation_Buttons_Functionality_On_Health_Assessment_Page" name="TC_45_Verify_a_progress_bar_is_displayed_if_the_health_assessment_is_multi_page" time="0.183"/>
  <system-out/>
  <testcase classname="Dashboard.Health_Assessment_Test_Cases.TC_42_TC_45_Verify_Navigation_Buttons_Functionality_On_Health_Assessment_Page" name="TC_42_Verify_navigation_buttons_functionality_on_health_assessment_page" time="30.220"/>
  <system-out/>
</testsuite> <!-- Dashboard.Health_Assessment_Test_Cases.TC_42_TC_45_Verify_Navigation_Buttons_Functionality_On_Health_Assessment_Page -->
