<?xml version="1.0" encoding="UTF-8"?>
<!-- Generated by org.testng.reporters.JUnitReportReporter -->
<testsuite hostname="DESKTOP-GCGD1P4" failures="0" tests="1" name="Tims.SH_Test_Cases.TC_11_Verify_Test_Kit_Status_When_Both_Primary_And_Secondary_Result_Is_Uploaded" time="173.001" errors="0" timestamp="2025-09-12T14:35:30 IST" skipped="0">
  <testcase classname="Tims.SH_Test_Cases.TC_11_Verify_Test_Kit_Status_When_Both_Primary_And_Secondary_Result_Is_Uploaded" name="TC_11_Verify_test_kit_status_when_both_primary_and_secondary_result_is_uploaded" time="173.001"/>
  <system-out/>
</testsuite> <!-- Tims.SH_Test_Cases.TC_11_Verify_Test_Kit_Status_When_Both_Primary_And_Secondary_Result_Is_Uploaded -->
