<?xml version="1.0" encoding="UTF-8"?>
<!-- Generated by org.testng.reporters.JUnitReportReporter -->
<testsuite hostname="Desktop-22" failures="0" tests="1" name="Dashboard.Health_Assessment_Test_Cases.TC_50_Verify_System_Handles_Special_Characters_Correctly_In_Text_Input_Fields" time="36.500" errors="0" timestamp="2025-07-04T15:14:21 IST" skipped="0">
  <testcase classname="Dashboard.Health_Assessment_Test_Cases.TC_50_Verify_System_Handles_Special_Characters_Correctly_In_Text_Input_Fields" name="TC_50_Verify_system_handles_special_characters_correctly_in_text_input_fields" time="36.500"/>
  <system-out/>
</testsuite> <!-- Dashboard.Health_Assessment_Test_Cases.TC_50_Verify_System_Handles_Special_Characters_Correctly_In_Text_Input_Fields -->
