<?xml version="1.0" encoding="UTF-8"?>
<!-- Generated by org.testng.reporters.JUnitReportReporter -->
<testsuite hostname="DESKTOP-GCGD1P4" failures="0" tests="1" name="Tims.Partial_Report_SOFT_1409_Test_Cases.TC_11_Verify_Partial_Test_Report_General_Health_Test_For_Biomarkers_HbA1c_ALP_FBC_with_Error_Untestable_Clotted" time="79.405" errors="0" timestamp="2025-10-14T17:03:57 IST" skipped="0">
  <testcase classname="Tims.Partial_Report_SOFT_1409_Test_Cases.TC_11_Verify_Partial_Test_Report_General_Health_Test_For_Biomarkers_HbA1c_ALP_FBC_with_Error_Untestable_Clotted" name="TC_11_Verify_partial_test_report_general_health_test_for_biomarkers_HbA1c_ALP_FBC_with_error_untestable_clotted" time="79.405"/>
  <system-out/>
</testsuite> <!-- Tims.Partial_Report_SOFT_1409_Test_Cases.TC_11_Verify_Partial_Test_Report_General_Health_Test_For_Biomarkers_HbA1c_ALP_FBC_with_Error_Untestable_Clotted -->
