<?xml version="1.0" encoding="UTF-8"?>
<!-- Generated by org.testng.reporters.JUnitReportReporter -->
<testsuite hostname="DESKTOP-GCGD1P4" failures="0" tests="1" name="Tims.Partial_Report_SOFT_1405_Test_Cases.TC_10_Verify_Partial_Test_Report_Energy_Profile_Test_Other_Than_FOL_ALT_GGT_ALP_Untestable_Clotted_Post_Analytical" time="134.022" errors="0" timestamp="2025-09-12T14:35:30 IST" skipped="0">
  <testcase classname="Tims.Partial_Report_SOFT_1405_Test_Cases.TC_10_Verify_Partial_Test_Report_Energy_Profile_Test_Other_Than_FOL_ALT_GGT_ALP_Untestable_Clotted_Post_Analytical" name="TC_10_Verify_partial_test_report_energy_profile_test_other_than_FOL_ALT_GGT_ALP_untestable_clotted_post_analytical" time="134.022"/>
  <system-out/>
</testsuite> <!-- Tims.Partial_Report_SOFT_1405_Test_Cases.TC_10_Verify_Partial_Test_Report_Energy_Profile_Test_Other_Than_FOL_ALT_GGT_ALP_Untestable_Clotted_Post_Analytical -->
