<?xml version="1.0" encoding="UTF-8"?>
<!-- Generated by org.testng.reporters.JUnitReportReporter -->
<testsuite hostname="Desktop-307" failures="0" tests="1" name="Hcp.Test_Cases.TC_05Verify_Hcp_Patients_Details_Case2" time="11.404" errors="0" timestamp="2025-04-10T17:15:31 IST" skipped="0">
  <testcase classname="Hcp.Test_Cases.TC_05Verify_Hcp_Patients_Details_Case2" name="Verify_Hcp_Patients_Details_Case2" time="11.404"/>
  <system-out/>
</testsuite> <!-- Hcp.Test_Cases.TC_05Verify_Hcp_Patients_Details_Case2 -->
