<?xml version="1.0" encoding="UTF-8"?>
<!-- Generated by org.testng.reporters.JUnitReportReporter -->
<testsuite hostname="DESKTOP-GCGD1P4" failures="0" tests="1" name="Dashboard.Activate_Test_Kit_Test_Cases.TC_29_Verify_To_Edit_Date_After_Activation_Completed" time="115.837" errors="0" timestamp="2025-09-12T14:35:30 IST" skipped="0">
  <testcase classname="Dashboard.Activate_Test_Kit_Test_Cases.TC_29_Verify_To_Edit_Date_After_Activation_Completed" name="TC_29_Verify_to_edit_date_after_activation_completed" time="115.837"/>
  <system-out/>
</testsuite> <!-- Dashboard.Activate_Test_Kit_Test_Cases.TC_29_Verify_To_Edit_Date_After_Activation_Completed -->
