<?xml version="1.0" encoding="UTF-8"?>
<!-- Generated by org.testng.reporters.JUnitReportReporter -->
<testsuite hostname="Desktop-22" failures="0" tests="1" name="Regression.Dashboard.Test_Cases.TC_26_Verify_sex_at_birth_selection" time="21.076" errors="0" timestamp="2025-05-19T18:52:19 IST" skipped="0">
  <testcase classname="Regression.Dashboard.Test_Cases.TC_26_Verify_sex_at_birth_selection" name="Verify_sex_at_birth_selection_SOFT_686_F6" time="21.076"/>
  <system-out/>
</testsuite> <!-- Regression.Dashboard.Test_Cases.TC_26_Verify_sex_at_birth_selection -->
