<?xml version="1.0" encoding="UTF-8"?>
<!-- Generated by org.testng.reporters.JUnitReportReporter -->
<testsuite hostname="Desktop-307" failures="0" tests="1" name="Tims.Test_Cases.Verify_PG_Barcode_Format" time="13.017" errors="0" timestamp="2025-04-09T14:51:41 IST" skipped="0">
  <testcase classname="Tims.Test_Cases.Verify_PG_Barcode_Format" name="Verify_Barcode_format_SOFT_262_V2_Smoke" time="13.017"/>
  <system-out/>
</testsuite> <!-- Tims.Test_Cases.Verify_PG_Barcode_Format -->
