<?xml version="1.0" encoding="UTF-8"?>
<!-- Generated by org.testng.reporters.JUnitReportReporter -->
<testsuite hostname="DESKTOP-GCGD1P4" failures="0" tests="1" name="Tims.Partial_Report_SOFT_1405_Test_Cases.TC_14_Verify_Partial_Test_Report_Weight_Management_Test_For_FOL_Untestable_Grossly_Haemolysed" time="170.072" errors="0" timestamp="2025-09-12T14:35:30 IST" skipped="0">
  <testcase classname="Tims.Partial_Report_SOFT_1405_Test_Cases.TC_14_Verify_Partial_Test_Report_Weight_Management_Test_For_FOL_Untestable_Grossly_Haemolysed" name="TC_14_Verify_partial_test_report_weight_management_test_for_FOL_untestable_grossly_haemolysed" time="170.072"/>
  <system-out/>
</testsuite> <!-- Tims.Partial_Report_SOFT_1405_Test_Cases.TC_14_Verify_Partial_Test_Report_Weight_Management_Test_For_FOL_Untestable_Grossly_Haemolysed -->
