<?xml version="1.0" encoding="UTF-8"?>
<!-- Generated by org.testng.reporters.JUnitReportReporter -->
<testsuite hostname="Desktop-307" failures="0" tests="1" name="Dashboard.Test_Cases.TC_08_Verify_Booking_ID_Generated" time="44.599" errors="0" timestamp="2025-04-10T17:01:54 IST" skipped="0">
  <testcase classname="Dashboard.Test_Cases.TC_08_Verify_Booking_ID_Generated" name="Verify_Booking_ID_Generated_Soft_689_TC_03" time="44.599"/>
  <system-out/>
</testsuite> <!-- Dashboard.Test_Cases.TC_08_Verify_Booking_ID_Generated -->
