<?xml version="1.0" encoding="UTF-8"?>
<!-- Generated by org.testng.reporters.JUnitReportReporter -->
<testsuite hostname="DESKTOP-GCGD1P4" failures="0" tests="1" name="Dashboard.Health_Assessment_Test_Cases.TC_35_Verify_The_NHS_Link_Navigation" time="31.973" errors="0" timestamp="2025-09-12T14:35:30 IST" skipped="0">
  <testcase classname="Dashboard.Health_Assessment_Test_Cases.TC_35_Verify_The_NHS_Link_Navigation" name="TC_35_Verify_the_NHS_link_navigation" time="31.973"/>
  <system-out/>
</testsuite> <!-- Dashboard.Health_Assessment_Test_Cases.TC_35_Verify_The_NHS_Link_Navigation -->
