<?xml version="1.0" encoding="UTF-8"?>
<!-- Generated by org.testng.reporters.JUnitReportReporter -->
<testsuite hostname="Desktop-22" failures="0" tests="2" name="Dashboard.Health_Assessment_Test_Cases.TC_21_TC_39_Verify_Submitting_Health_Assessment_Without_Filling_Any_Data_On_Every_Page" time="20.240" errors="0" timestamp="2025-07-04T15:14:21 IST" skipped="0">
  <testcase classname="Dashboard.Health_Assessment_Test_Cases.TC_21_TC_39_Verify_Submitting_Health_Assessment_Without_Filling_Any_Data_On_Every_Page" name="TC_39_Verify_error_messages_appear_when_required_fields_are_left_empty" time="0.186"/>
  <system-out/>
  <testcase classname="Dashboard.Health_Assessment_Test_Cases.TC_21_TC_39_Verify_Submitting_Health_Assessment_Without_Filling_Any_Data_On_Every_Page" name="TC_21_Verify_submitting_health_assessment_without_filling_any_data_on_every_page" time="20.054"/>
  <system-out/>
</testsuite> <!-- Dashboard.Health_Assessment_Test_Cases.TC_21_TC_39_Verify_Submitting_Health_Assessment_Without_Filling_Any_Data_On_Every_Page -->
