<?xml version="1.0" encoding="UTF-8"?>
<!-- Generated by org.testng.reporters.JUnitReportReporter -->
<testsuite hostname="Desktop-22" failures="0" tests="1" name="Regression.Dashboard.Test_Cases.TC_17_Verify_test_type_by_clicking_the_Continue_button" time="20.070" errors="0" timestamp="2025-05-19T11:26:28 IST" skipped="0">
  <testcase classname="Regression.Dashboard.Test_Cases.TC_17_Verify_test_type_by_clicking_the_Continue_button" name="Verify_test_type_by_clicking_the_Continue_button_SOFT_685_F4" time="20.070"/>
  <system-out/>
</testsuite> <!-- Regression.Dashboard.Test_Cases.TC_17_Verify_test_type_by_clicking_the_Continue_button -->
