<?xml version="1.0" encoding="UTF-8"?>
<!-- Generated by org.testng.reporters.JUnitReportReporter -->
<testsuite hostname="Desktop-22" failures="0" tests="1" name="Dashboard.ResetPassword.Test_Cases.TC_12_Verify_UI_Elements_On_Reset_Password_Page" time="2.081" errors="0" timestamp="2025-07-21T17:45:39 IST" skipped="0">
  <testcase classname="Dashboard.ResetPassword.Test_Cases.TC_12_Verify_UI_Elements_On_Reset_Password_Page" name="TC_12_Verify_ui_elements_on_reset_password_page_present_or_not" time="2.081"/>
  <system-out/>
</testsuite> <!-- Dashboard.ResetPassword.Test_Cases.TC_12_Verify_UI_Elements_On_Reset_Password_Page -->
