<?xml version="1.0" encoding="UTF-8"?>
<!-- Generated by org.testng.reporters.JUnitReportReporter -->
<testsuite hostname="Desktop-22" failures="0" tests="1" name="Dashboard.ResetPassword.Test_Cases.TC_08_Verify_Password_Reset_Functionality_With_Invalid_Email_Address" time="5.579" errors="0" timestamp="2025-07-08T17:00:18 IST" skipped="0">
  <testcase classname="Dashboard.ResetPassword.Test_Cases.TC_08_Verify_Password_Reset_Functionality_With_Invalid_Email_Address" name="TC_08_Verify_password_reset_functionality_with_invalid_Email_address" time="5.579"/>
  <system-out/>
</testsuite> <!-- Dashboard.ResetPassword.Test_Cases.TC_08_Verify_Password_Reset_Functionality_With_Invalid_Email_Address -->
