<?xml version="1.0" encoding="UTF-8"?>
<!-- Generated by org.testng.reporters.JUnitReportReporter -->
<testsuite hostname="Desktop-22" failures="0" tests="2" name="Dashboard.Customer_Landing.TC_10_Verify_Dashboard_Message_And_Button_Display_When_Health_Assessment_Is_Not_Filled" time="119.595" errors="0" timestamp="2025-06-30T12:50:56 IST" skipped="0">
  <testcase classname="Dashboard.Customer_Landing.TC_10_Verify_Dashboard_Message_And_Button_Display_When_Health_Assessment_Is_Not_Filled" name="TC_10_Verify_dashboard_message_and_button_display_when_health_Assessment_is_not_filled" time="85.485"/>
  <system-out/>
  <testcase classname="Dashboard.Customer_Landing.TC_10_Verify_Dashboard_Message_And_Button_Display_When_Health_Assessment_Is_Not_Filled" name="TC_11_Verify_dashboard_message_and_button_display_when_health_assessment_is_filled" time="34.110"/>
  <system-out/>
</testsuite> <!-- Dashboard.Customer_Landing.TC_10_Verify_Dashboard_Message_And_Button_Display_When_Health_Assessment_Is_Not_Filled -->
