<?xml version="1.0" encoding="UTF-8"?>
<!-- Generated by org.testng.reporters.JUnitReportReporter -->
<testsuite hostname="DESKTOP-GCGD1P4" failures="0" tests="1" name="Dashboard.Login_Logout_Test_Cases.TC_05_Verify_Login_With_Empty_Password_Field" time="1.772" errors="0" timestamp="2025-09-12T14:35:30 IST" skipped="0">
  <testcase classname="Dashboard.Login_Logout_Test_Cases.TC_05_Verify_Login_With_Empty_Password_Field" name="TC_05_Verify_login_with_empty_password_field" time="1.772"/>
  <system-out/>
</testsuite> <!-- Dashboard.Login_Logout_Test_Cases.TC_05_Verify_Login_With_Empty_Password_Field -->
