<?xml version="1.0" encoding="UTF-8"?>
<!-- Generated by org.testng.reporters.JUnitReportReporter -->
<testsuite hostname="Desktop-22" failures="0" tests="1" name="Regression.Dashboard.Test_Cases.TC_09_Verify_password_field_with_weak_password" time="7.341" errors="0" timestamp="2025-05-14T18:44:55 IST" skipped="0">
  <testcase classname="Regression.Dashboard.Test_Cases.TC_09_Verify_password_field_with_weak_password" name="TC_09_Verify_password_field_with_weak_password_SOFT_682_F8" time="7.341"/>
  <system-out/>
</testsuite> <!-- Regression.Dashboard.Test_Cases.TC_09_Verify_password_field_with_weak_password -->
