<?xml version="1.0" encoding="UTF-8"?>
<!-- Generated by org.testng.reporters.JUnitReportReporter -->
<testsuite hostname="Desktop-22" failures="0" tests="13" name="Tims.Barcode_Batches_Test_Cases.TC_01_to_TC_08_DNA_Verify_The_Presence_Of_Create_DNA_Batch_Button" time="38.288" errors="0" timestamp="2025-08-12T15:59:28 IST" skipped="0">
  <testcase classname="Tims.Barcode_Batches_Test_Cases.TC_01_to_TC_08_DNA_Verify_The_Presence_Of_Create_DNA_Batch_Button" name="TC_11_Verify_alignment_and_appearance_of_form_on_different_screen_sizes" time="12.065"/>
  <system-out/>
  <testcase classname="Tims.Barcode_Batches_Test_Cases.TC_01_to_TC_08_DNA_Verify_The_Presence_Of_Create_DNA_Batch_Button" name="TC_12_Verify_that_the_Cancel_button_clears_all_fields_without_saving" time="2.175"/>
  <system-out/>
  <testcase classname="Tims.Barcode_Batches_Test_Cases.TC_01_to_TC_08_DNA_Verify_The_Presence_Of_Create_DNA_Batch_Button" name="TC_10_Verify_form_validation_triggers_when_required_fields_are_empty" time="0.737"/>
  <system-out/>
  <testcase classname="Tims.Barcode_Batches_Test_Cases.TC_01_to_TC_08_DNA_Verify_The_Presence_Of_Create_DNA_Batch_Button" name="TC_01_DNA_Verify_the_presence_of_create_DNA_batch_button" time="15.013"/>
  <system-out/>
  <testcase classname="Tims.Barcode_Batches_Test_Cases.TC_01_to_TC_08_DNA_Verify_The_Presence_Of_Create_DNA_Batch_Button" name="TC_07_Verify_dynamic_population_of_customer_dropdown" time="0.434"/>
  <system-out/>
  <testcase classname="Tims.Barcode_Batches_Test_Cases.TC_01_to_TC_08_DNA_Verify_The_Presence_Of_Create_DNA_Batch_Button" name="TC_03_Verify_that_the_type_dropdown_has_the_wellness_option" time="0.383"/>
  <system-out/>
  <testcase classname="Tims.Barcode_Batches_Test_Cases.TC_01_to_TC_08_DNA_Verify_The_Presence_Of_Create_DNA_Batch_Button" name="TC_05_Verify_that_the_count_field_has_a_help_text" time="0.223"/>
  <system-out/>
  <testcase classname="Tims.Barcode_Batches_Test_Cases.TC_01_to_TC_08_DNA_Verify_The_Presence_Of_Create_DNA_Batch_Button" name="TC_09_Verify_that_the_form_has_a_cancel_button" time="0.256"/>
  <system-out/>
  <testcase classname="Tims.Barcode_Batches_Test_Cases.TC_01_to_TC_08_DNA_Verify_The_Presence_Of_Create_DNA_Batch_Button" name="TC_02_DNA_Verify_that_the_create_DNA_batch_button_opens_the_form" time="0.919"/>
  <system-out/>
  <testcase classname="Tims.Barcode_Batches_Test_Cases.TC_01_to_TC_08_DNA_Verify_The_Presence_Of_Create_DNA_Batch_Button" name="TC_08_Verify_the_title_of_the_form_is_Create_DNA_batch" time="0.217"/>
  <system-out/>
  <testcase classname="Tims.Barcode_Batches_Test_Cases.TC_01_to_TC_08_DNA_Verify_The_Presence_Of_Create_DNA_Batch_Button" name="TC_06_Verify_that_the_count_field_only_accepts_numbers_and_greater_than_2" time="1.655"/>
  <system-out/>
  <testcase classname="Tims.Barcode_Batches_Test_Cases.TC_01_to_TC_08_DNA_Verify_The_Presence_Of_Create_DNA_Batch_Button" name="TC_13_Verify_user_can_create_DNA_Batch" time="3.986"/>
  <system-out/>
  <testcase classname="Tims.Barcode_Batches_Test_Cases.TC_01_to_TC_08_DNA_Verify_The_Presence_Of_Create_DNA_Batch_Button" name="TC_04_Verify_that_the_sub_type_dropdown_has_the_correct_options" time="0.225"/>
  <system-out/>
</testsuite> <!-- Tims.Barcode_Batches_Test_Cases.TC_01_to_TC_08_DNA_Verify_The_Presence_Of_Create_DNA_Batch_Button -->
