<?xml version="1.0" encoding="UTF-8"?>
<!-- Generated by org.testng.reporters.JUnitReportReporter -->
<testsuite hostname="Desktop-307" failures="0" tests="1" name="Dashboard.Test_Cases.Verify_Blank_Test_Type_Selected" time="15.001" errors="0" timestamp="2025-04-08T16:49:39 IST" skipped="0">
  <testcase classname="Dashboard.Test_Cases.Verify_Blank_Test_Type_Selected" name="Verify_Blank_Test_Type_Selected_SOFT_685_F2" time="15.001"/>
  <system-out/>
</testsuite> <!-- Dashboard.Test_Cases.Verify_Blank_Test_Type_Selected -->
