<?xml version="1.0" encoding="UTF-8"?>
<!-- Generated by org.testng.reporters.JUnitReportReporter -->
<testsuite hostname="Desktop-22" failures="0" tests="2" name="Dashboard.Activate_Test_Kit_Test_Cases.TC_18_TC_39_Verify_Error_For_Invalid_Barcode" time="21.709" errors="0" timestamp="2025-06-26T17:58:21 IST" skipped="0">
  <testcase classname="Dashboard.Activate_Test_Kit_Test_Cases.TC_18_TC_39_Verify_Error_For_Invalid_Barcode" name="TC_39_Verify_system_does_not_show_sensitive_information_in_error_message" time="0.189"/>
  <system-out/>
  <testcase classname="Dashboard.Activate_Test_Kit_Test_Cases.TC_18_TC_39_Verify_Error_For_Invalid_Barcode" name="TC_18_Verify_error_msg_for_invalid_barcode" time="21.520"/>
  <system-out/>
</testsuite> <!-- Dashboard.Activate_Test_Kit_Test_Cases.TC_18_TC_39_Verify_Error_For_Invalid_Barcode -->
