<?xml version="1.0" encoding="UTF-8"?>
<!-- Generated by org.testng.reporters.JUnitReportReporter -->
<testsuite hostname="DESKTOP-GCGD1P4" failures="0" tests="1" name="Tims.Partial_Report_SOFT_1407_Test_Cases.TC_12_Verify_Partial_Reporting_Energy_Profile_Test_LYMP_MCV_MONO_NEU_Untestable_Clotted_Post_Analytical" time="179.324" errors="0" timestamp="2025-09-12T14:35:30 IST" skipped="0">
  <testcase classname="Tims.Partial_Report_SOFT_1407_Test_Cases.TC_12_Verify_Partial_Reporting_Energy_Profile_Test_LYMP_MCV_MONO_NEU_Untestable_Clotted_Post_Analytical" name="TC_12_Verify_partial_reporting_energy_profile_test_LYMP_MCV_MONO_NEU_untestable_clotted_post_analytical" time="179.324"/>
  <system-out/>
</testsuite> <!-- Tims.Partial_Report_SOFT_1407_Test_Cases.TC_12_Verify_Partial_Reporting_Energy_Profile_Test_LYMP_MCV_MONO_NEU_Untestable_Clotted_Post_Analytical -->
