<?xml version="1.0" encoding="UTF-8"?>
<!-- Generated by org.testng.reporters.JUnitReportReporter -->
<testsuite hostname="Desktop-22" failures="0" tests="2" name="Dashboard.Health_Assessment_Test_Cases.TC_01_TC_18_Verify_The_Successful_Health_Assessment_Filling_For_Normal_Blood_Test" time="32.304" errors="0" timestamp="2025-06-09T17:58:16 IST" skipped="0">
  <testcase classname="Dashboard.Health_Assessment_Test_Cases.TC_01_TC_18_Verify_The_Successful_Health_Assessment_Filling_For_Normal_Blood_Test" name="TC_27_Verify_the_presence_and_functionality_of_the_fill_edit_assessment_button" time="0.891"/>
  <system-out/>
  <testcase classname="Dashboard.Health_Assessment_Test_Cases.TC_01_TC_18_Verify_The_Successful_Health_Assessment_Filling_For_Normal_Blood_Test" name="TC_01_Verify_the_successful_health_assessment_filling_for_normal_blood_test" time="31.413"/>
  <system-out/>
</testsuite> <!-- Dashboard.Health_Assessment_Test_Cases.TC_01_TC_18_Verify_The_Successful_Health_Assessment_Filling_For_Normal_Blood_Test -->
