<?xml version="1.0" encoding="UTF-8"?>
<!-- Generated by org.testng.reporters.JUnitReportReporter -->
<testsuite hostname="Desktop-22" failures="0" tests="1" name="Regression.Dashboard.Test_Cases.TC_14_Verify_customer_can_select_new_test_type_from_dropdown" time="20.173" errors="0" timestamp="2025-05-16T12:03:33 IST" skipped="0">
  <testcase classname="Regression.Dashboard.Test_Cases.TC_14_Verify_customer_can_select_new_test_type_from_dropdown" name="Verify_customer_can_select_new_test_type_from_dropdown_SOFT_685_F1" time="20.173"/>
  <system-out/>
</testsuite> <!-- Regression.Dashboard.Test_Cases.TC_14_Verify_customer_can_select_new_test_type_from_dropdown -->
