<?xml version="1.0" encoding="UTF-8"?>
<!-- Generated by org.testng.reporters.JUnitReportReporter -->
<testsuite hostname="DESKTOP-GCGD1P4" failures="1" tests="8" name="Dashboard.Reset_Password_Test_Cases.TC_01_to_TC_08_Verify_Password_Reset_Functionality" time="24.806" errors="0" timestamp="2025-09-12T17:22:35 IST" skipped="5">
  <testcase classname="Dashboard.Reset_Password_Test_Cases.TC_01_to_TC_08_Verify_Password_Reset_Functionality" name="TC_01_Verify_forgot_password_link_enabled_or_not" time="2.258"/>
  <system-out/>
  <testcase classname="Dashboard.Reset_Password_Test_Cases.TC_01_to_TC_08_Verify_Password_Reset_Functionality" name="TC_07_Verify_password_reset_functionality_with_valid_email_address" time="0.139">
    <skipped/>
  </testcase> <!-- TC_07_Verify_password_reset_functionality_with_valid_email_address -->
  <system-out/>
  <testcase classname="Dashboard.Reset_Password_Test_Cases.TC_01_to_TC_08_Verify_Password_Reset_Functionality" name="TC_06_Verify_system_prevents_users_from_reusing_old_passwords_when_resetting" time="0.134">
    <skipped/>
  </testcase> <!-- TC_06_Verify_system_prevents_users_from_reusing_old_passwords_when_resetting -->
  <system-out/>
  <testcase classname="Dashboard.Reset_Password_Test_Cases.TC_01_to_TC_08_Verify_Password_Reset_Functionality" name="TC_08_Verify_successful_login_after_resetting_new_password" time="0.000">
    <skipped/>
  </testcase> <!-- TC_08_Verify_successful_login_after_resetting_new_password -->
  <system-out/>
  <testcase classname="Dashboard.Reset_Password_Test_Cases.TC_01_to_TC_08_Verify_Password_Reset_Functionality" name="TC_05_Verify_password_complexity" time="0.000">
    <skipped/>
  </testcase> <!-- TC_05_Verify_password_complexity -->
  <system-out/>
  <testcase classname="Dashboard.Reset_Password_Test_Cases.TC_01_to_TC_08_Verify_Password_Reset_Functionality" name="TC_02_Verify_behavior_when_user_keep_email_address_field_empty_during_password_reset_process" time="0.124"/>
  <system-out/>
  <testcase classname="Dashboard.Reset_Password_Test_Cases.TC_01_to_TC_08_Verify_Password_Reset_Functionality" name="TC_04_Verify_reset_password_without_password" time="0.000">
    <skipped/>
  </testcase> <!-- TC_04_Verify_reset_password_without_password -->
  <system-out/>
  <testcase classname="Dashboard.Reset_Password_Test_Cases.TC_01_to_TC_08_Verify_Password_Reset_Functionality" name="TC_03_Verify_navigation_of_password_reset_link_available_in_email" time="22.151">
    <failure message="Email does not contain an email password link expected [true] but found [false]" type="java.lang.AssertionError">
      <![CDATA[java.lang.AssertionError: Email does not contain an email password link expected [true] but found [false]
at org.testng.Assert.fail(Assert.java:110)
at org.testng.Assert.failNotEquals(Assert.java:1413)
at org.testng.Assert.assertTrue(Assert.java:56)
at Test.Dashboard.Actions_Class.Reset_Password_Actions.resetPasswordNavigationOfPasswordResetLinkAvailableInEmail(Reset_Password_Actions.java:68)
at Dashboard.Reset_Password_Test_Cases.TC_01_to_TC_08_Verify_Password_Reset_Functionality.TC_03_Verify_navigation_of_password_reset_link_available_in_email(TC_01_to_TC_08_Verify_Password_Reset_Functionality.java:51)
at java.base/jdk.internal.reflect.DirectMethodHandleAccessor.invoke(DirectMethodHandleAccessor.java:103)
at java.base/java.lang.reflect.Method.invoke(Method.java:580)
at org.testng.internal.invokers.MethodInvocationHelper.invokeMethod(MethodInvocationHelper.java:136)
at org.testng.internal.invokers.TestInvoker.invokeMethod(TestInvoker.java:658)
at org.testng.internal.invokers.TestInvoker.invokeTestMethod(TestInvoker.java:219)
at org.testng.internal.invokers.MethodRunner.runInSequence(MethodRunner.java:50)
at org.testng.internal.invokers.TestInvoker$MethodInvocationAgent.invoke(TestInvoker.java:923)
at org.testng.internal.invokers.TestInvoker.invokeTestMethods(TestInvoker.java:192)
at org.testng.internal.invokers.TestMethodWorker.invokeTestMethods(TestMethodWorker.java:146)
at org.testng.internal.invokers.TestMethodWorker.run(TestMethodWorker.java:128)
at java.base/java.util.ArrayList.forEach(ArrayList.java:1596)
at org.testng.TestRunner.privateRun(TestRunner.java:808)
at org.testng.TestRunner.run(TestRunner.java:603)
at org.testng.SuiteRunner.runTest(SuiteRunner.java:429)
at org.testng.SuiteRunner.runSequentially(SuiteRunner.java:423)
at org.testng.SuiteRunner.privateRun(SuiteRunner.java:383)
at org.testng.SuiteRunner.run(SuiteRunner.java:326)
at org.testng.SuiteRunnerWorker.runSuite(SuiteRunnerWorker.java:52)
at org.testng.SuiteRunnerWorker.run(SuiteRunnerWorker.java:95)
at org.testng.TestNG.runSuitesSequentially(TestNG.java:1249)
at org.testng.TestNG.runSuitesLocally(TestNG.java:1169)
at org.testng.TestNG.runSuites(TestNG.java:1092)
at org.testng.TestNG.run(TestNG.java:1060)
at org.testng.remote.AbstractRemoteTestNG.run(AbstractRemoteTestNG.java:115)
at org.testng.remote.RemoteTestNG.initAndRun(RemoteTestNG.java:293)
at org.testng.remote.RemoteTestNG.main(RemoteTestNG.java:91)
]]>
    </failure>
  </testcase> <!-- TC_03_Verify_navigation_of_password_reset_link_available_in_email -->
  <system-out/>
</testsuite> <!-- Dashboard.Reset_Password_Test_Cases.TC_01_to_TC_08_Verify_Password_Reset_Functionality -->
