<?xml version="1.0" encoding="UTF-8"?>
<!-- Generated by org.testng.reporters.JUnitReportReporter -->
<testsuite hostname="DESKTOP-GCGD1P4" failures="0" tests="19" name="Tims.Barcode_Batches_Test_Cases.TC_01_to_TC_19_DNA_Verify_The_Presence_Of_Create_DNA_Batch_Button" time="71.966" errors="0" timestamp="2025-09-12T14:35:30 IST" skipped="0">
  <testcase classname="Tims.Barcode_Batches_Test_Cases.TC_01_to_TC_19_DNA_Verify_The_Presence_Of_Create_DNA_Batch_Button" name="TC_15_Validate_that_the_customer_dropdown_list_is_populated_with_existing_customers" time="0.354"/>
  <system-out/>
  <testcase classname="Tims.Barcode_Batches_Test_Cases.TC_01_to_TC_19_DNA_Verify_The_Presence_Of_Create_DNA_Batch_Button" name="TC_18_Validate_that_comment_field_accepts_alphanumeric_characters" time="7.905"/>
  <system-out/>
  <testcase classname="Tims.Barcode_Batches_Test_Cases.TC_01_to_TC_19_DNA_Verify_The_Presence_Of_Create_DNA_Batch_Button" name="TC_10_Verify_form_validation_triggers_when_required_fields_are_empty" time="0.522"/>
  <system-out/>
  <testcase classname="Tims.Barcode_Batches_Test_Cases.TC_01_to_TC_19_DNA_Verify_The_Presence_Of_Create_DNA_Batch_Button" name="TC_11_Verify_alignment_and_appearance_of_form_on_different_screen_sizes" time="10.943"/>
  <system-out/>
  <testcase classname="Tims.Barcode_Batches_Test_Cases.TC_01_to_TC_19_DNA_Verify_The_Presence_Of_Create_DNA_Batch_Button" name="TC_16_Validate_that_the_customer_can_update_the_customer_field" time="6.915"/>
  <system-out/>
  <testcase classname="Tims.Barcode_Batches_Test_Cases.TC_01_to_TC_19_DNA_Verify_The_Presence_Of_Create_DNA_Batch_Button" name="TC_09_Verify_that_the_form_has_a_cancel_button" time="0.258"/>
  <system-out/>
  <testcase classname="Tims.Barcode_Batches_Test_Cases.TC_01_to_TC_19_DNA_Verify_The_Presence_Of_Create_DNA_Batch_Button" name="TC_14_Validate_that_the_current_customer_is_selected_by_default_in_the_customer_field" time="0.879"/>
  <system-out/>
  <testcase classname="Tims.Barcode_Batches_Test_Cases.TC_01_to_TC_19_DNA_Verify_The_Presence_Of_Create_DNA_Batch_Button" name="TC_19_Validate_that_after_making_changes_the_user_can_cancel_the_update_process" time="8.449"/>
  <system-out/>
  <testcase classname="Tims.Barcode_Batches_Test_Cases.TC_01_to_TC_19_DNA_Verify_The_Presence_Of_Create_DNA_Batch_Button" name="TC_05_Verify_that_the_count_field_has_a_help_text" time="0.141"/>
  <system-out/>
  <testcase classname="Tims.Barcode_Batches_Test_Cases.TC_01_to_TC_19_DNA_Verify_The_Presence_Of_Create_DNA_Batch_Button" name="TC_04_Verify_that_the_sub_type_dropdown_has_the_correct_options" time="0.222"/>
  <system-out/>
  <testcase classname="Tims.Barcode_Batches_Test_Cases.TC_01_to_TC_19_DNA_Verify_The_Presence_Of_Create_DNA_Batch_Button" name="TC_13_Verify_user_can_create_DNA_Batch" time="4.802"/>
  <system-out/>
  <testcase classname="Tims.Barcode_Batches_Test_Cases.TC_01_to_TC_19_DNA_Verify_The_Presence_Of_Create_DNA_Batch_Button" name="TC_03_Verify_that_the_type_dropdown_has_the_wellness_option" time="0.333"/>
  <system-out/>
  <testcase classname="Tims.Barcode_Batches_Test_Cases.TC_01_to_TC_19_DNA_Verify_The_Presence_Of_Create_DNA_Batch_Button" name="TC_01_DNA_Verify_the_presence_of_create_DNA_batch_button" time="14.494"/>
  <system-out/>
  <testcase classname="Tims.Barcode_Batches_Test_Cases.TC_01_to_TC_19_DNA_Verify_The_Presence_Of_Create_DNA_Batch_Button" name="TC_06_Verify_that_the_count_field_only_accepts_numbers_and_greater_than_2" time="1.408"/>
  <system-out/>
  <testcase classname="Tims.Barcode_Batches_Test_Cases.TC_01_to_TC_19_DNA_Verify_The_Presence_Of_Create_DNA_Batch_Button" name="TC_12_Verify_that_the_Cancel_button_clears_all_fields_without_saving" time="3.577"/>
  <system-out/>
  <testcase classname="Tims.Barcode_Batches_Test_Cases.TC_01_to_TC_19_DNA_Verify_The_Presence_Of_Create_DNA_Batch_Button" name="TC_17_Validate_that_the_user_can_update_the_comment_field" time="9.314"/>
  <system-out/>
  <testcase classname="Tims.Barcode_Batches_Test_Cases.TC_01_to_TC_19_DNA_Verify_The_Presence_Of_Create_DNA_Batch_Button" name="TC_08_Verify_the_title_of_the_form_is_Create_DNA_batch" time="0.264"/>
  <system-out/>
  <testcase classname="Tims.Barcode_Batches_Test_Cases.TC_01_to_TC_19_DNA_Verify_The_Presence_Of_Create_DNA_Batch_Button" name="TC_07_Verify_dynamic_population_of_customer_dropdown" time="0.318"/>
  <system-out/>
  <testcase classname="Tims.Barcode_Batches_Test_Cases.TC_01_to_TC_19_DNA_Verify_The_Presence_Of_Create_DNA_Batch_Button" name="TC_02_DNA_Verify_that_the_create_DNA_batch_button_opens_the_form" time="0.868"/>
  <system-out/>
</testsuite> <!-- Tims.Barcode_Batches_Test_Cases.TC_01_to_TC_19_DNA_Verify_The_Presence_Of_Create_DNA_Batch_Button -->
